<?xml version="1.0" encoding="UTF-8"?>
<testsuite name="Cucumber" time="821.389" tests="239" skipped="0" failures="8" errors="0">
<testcase classname="Graph page features" name="Graph page url" time="38.162">
<system-out><![CDATA[
Given the user has already logged in the home page using for Graph..........passed
Given The user is on the Graph Page after logged in.........................passed
Then The URL of the page should contain "graph".............................passed
]]></system-out>
</testcase>
<testcase classname="Home Page Features" name="The user clicks get started button on DS Algo Portal" time="31.943">
<system-out><![CDATA[
Given The user opens DS Algo portal link....................................passed
When The user clicks the Get Started button.................................passed
Then The URL of the page should contain "home"..............................passed
And The user should see 6 panes with different data structires..............passed
And Register Link is displayed..............................................passed
And Sign In Link is displayed...............................................passed
]]></system-out>
</testcase>
<testcase classname="Data Structures page features" name="Data Structure page url" time="35.488">
<system-out><![CDATA[
Given The user has already logged in the home page for Data Structure modlule using.passed
Given The user is on the Data Structures Page after logged in...............passed
Then The URL of the page should contain "data-structures"...................passed
]]></system-out>
</testcase>
<testcase classname="Queue page features" name="Queue page url" time="35.006">
<system-out><![CDATA[
Given The user has already logged in the home page using....................passed
Given The user is on the Queue Page after logged in.........................passed
Then The URL of the page should contain "queue".............................passed
]]></system-out>
</testcase>
<testcase classname="Register Page Features" name="Alll fields empty. Username Error" time="31.202">
<system-out><![CDATA[
Given The User has clicked on the "register" button from the home page for register.passed
Given The user is on the new user registration page.........................passed
When The user clicks "register".............................................passed
Then The error "Please fill out this field." appears below "uName"..........passed
]]></system-out>
</testcase>
<testcase classname="Array page features" name="Array page url" time="36.993">
<system-out><![CDATA[
Given the user has already logged in the home page using for Array..........passed
Given The user is on the Array Page after logged in.........................passed
Then The URL of the page should contain "array".............................passed
]]></system-out>
</testcase>
<testcase classname="Sign In Page Features" name="Logging in with correct credentials" time="36.896">
<system-out><![CDATA[
Given The User has clicked on the "signin" button from the home page........passed
Given The user is in the Sign In page.......................................passed
When User eneters the username "Pratiksha"..................................passed
And The user eneters the password as "Aggarwal".............................passed
And user clicks on login button.............................................passed
And The user is alerted with message that "You are logged in"...............passed
And Sign Out link is displayed..............................................passed
And The URL of the page should contain "home"...............................passed
]]></system-out>
</testcase>
<testcase classname="LinkedList feature" name="Linked List page url" time="33.639">
<system-out><![CDATA[
Given The user has already logged in the home page using LinkedList.........passed
Given The user is on the LinkedList Page after logged in....................passed
Then The URL of the page should contain "linked-list".......................passed
]]></system-out>
</testcase>
<testcase classname="Register Page Features" name="Array page url" time="21.323">
<system-out><![CDATA[
Given The User has clicked on the "register" button from the home page for register.passed
Given The user is on the new user registration page.........................passed
When The user fills "uName" with "Hiranmayee"...............................passed
And The user clicks "register"..............................................passed
Then The error "Please fill out this field." appears below "password".......passed
]]></system-out>
</testcase>
<testcase classname="Home Page Features" name="The user clicks Get Started without loggin in" time="14.097">
<system-out><![CDATA[
Given The user opens Home Page without loggin in............................passed
When The user clicks any of the Get Started buttons below the data structures.passed
Then It should alert the user with a message You are not logged in..........passed
]]></system-out>
</testcase>
<testcase classname="LinkedList feature" name="Introduction: The user is in the &quot;linked-list&quot; page and click on Introduction" time="18.434">
<system-out><![CDATA[
Given The user has already logged in the home page using LinkedList.........passed
Given The user clicks Introduction button...................................passed
Then The URL of the page should contain "introduction"......................passed
]]></system-out>
</testcase>
<testcase classname="Queue page features" name="Queue page check links for topics covered" time="22.853">
<system-out><![CDATA[
Given The user has already logged in the home page using....................passed
Given The user is on the Queue Page after logged in.........................passed
Then user gets the following links to explore Queue page....................passed
And The count of the links should be 4 on Queue Page........................passed
]]></system-out>
</testcase>
<testcase classname="Data Structures page features" name="Data Structure page url" time="31.447">
<system-out><![CDATA[
Given The user has already logged in the home page for Data Structure modlule using.passed
Given The user is on the Data Structures Page after logged in...............passed
When The user clicks Time Complexity link on data structure page............passed
Then The user should be redirected to Time Complexity page on data structure page.passed
]]></system-out>
</testcase>
<testcase classname="Graph page features" name="Graph Link" time="19.549">
<system-out><![CDATA[
Given the user has already logged in the home page using for Graph..........passed
Given The user is on the Graph Page after logged in.........................passed
When The user clicks a "Graph" link in graph................................passed
Then The user should be redirected to "graph/graph" Page in graph...........passed
]]></system-out>
</testcase>
<testcase classname="Array page features" name="Arrays in Python Link" time="20.866">
<system-out><![CDATA[
Given the user has already logged in the home page using for Array..........passed
Given The user is on the Array Page after logged in.........................passed
When The user clicks a "Arrays in Python" link..............................passed
Then The user should be redirected to "arrays-in-python" Page...............passed
]]></system-out>
</testcase>
<testcase classname="Sign In Page Features" name="Logging in with blank credentials" time="33.698">
<system-out><![CDATA[
Given The User has clicked on the "signin" button from the home page........passed
Given The user is in the Sign In page.......................................passed
When The user clicks login button after leaving the username textbox and password textbox blank.passed
Then The error message "Please fill out this field." appears below Username textbox.passed
]]></system-out>
</testcase>
<testcase classname="Home Page Features" name="The user selects any data structures item from the drop down without loggin in" time="28.647">
<system-out><![CDATA[
Given The user opens Home Page without loggin in............................passed
When The user selects any data structures item from the drop down menu......passed
Then It should alert the user with a message You are not logged in..........passed
]]></system-out>
</testcase>
<testcase classname="LinkedList feature" name="Introduction: The user clicks Try Here button" time="32.894">
<system-out><![CDATA[
Given The user has already logged in the home page using LinkedList.........passed
Given The user clicks Introduction button...................................passed
When The user clicks on Try Here button.....................................passed
Then The user is on the page having Editor and Run button...................passed
]]></system-out>
</testcase>
<testcase classname="Register Page Features" name="Array page url" time="20.27">
<system-out><![CDATA[
Given The User has clicked on the "register" button from the home page for register.passed
Given The user is on the new user registration page.........................passed
When The user fills "uName" with "Hiranmayee"...............................passed
And The user fills "password" with "Nidugondi"..............................passed
And The user clicks "register"..............................................passed
Then The error "Please fill out this field." appears below "pwdConfirm".....passed
]]></system-out>
</testcase>
<testcase classname="Graph page features" name="Graph Link" time="20.923">
<system-out><![CDATA[
Given the user has already logged in the home page using for Graph..........passed
Given The user is on the Graph Page after logged in.........................passed
When The user clicks a "Graph Representations" link in graph................passed
Then The user should be redirected to "graph/graph-representations" Page in graph.passed
]]></system-out>
</testcase>
<testcase classname="Queue page features" name="Queue page check links for topics covered" time="26.913">
<system-out><![CDATA[
Given The user has already logged in the home page using....................passed
Given The user is on the Queue Page after logged in.........................passed
When The user clicks "Implementation of Queue in Python" button on Queue Page.passed
Then The user should be directed to "lists" on Queue Page...................passed
]]></system-out>
</testcase>
<testcase classname="Array page features" name="Try Here button of Array in Python Page" time="26.305">
<system-out><![CDATA[
Given the user has already logged in the home page using for Array..........passed
Given The user is on the "array/applications-of-array/" Page................passed
When The user clicks Try Here button of "Array in Python" Page..............passed
Then The user should be redirected to "https://dsportalapp.herokuapp.com/tryEditor" Page.passed
And The Page should have Python Editor......................................passed
]]></system-out>
</testcase>
<testcase classname="Data Structures page features" name="Data Structure page url" time="27.262">
<system-out><![CDATA[
Given The user has already logged in the home page for Data Structure modlule using.passed
Given The user is on Time Complexity link of the Data Structures Page after logged in.passed
When The user clicks Try Here  button of Time Complexity page...............passed
Then The user should be redirected to a page having an Python Editor with a url "https://dsportalapp.herokuapp.com/tryEditor".passed
]]></system-out>
</testcase>
<testcase classname="Sign In Page Features" name="Logging in with incorrect credentials" time="24.345">
<system-out><![CDATA[
Given The User has clicked on the "signin" button from the home page........passed
Given The user is in the Sign In page.......................................passed
When User eneters the username "Incorrect"..................................passed
And The user eneters the password as "Wrong"................................passed
And user clicks on login button.............................................passed
And The user is alerted with message that "Invalid Username and Password"...passed
]]></system-out>
</testcase>
<testcase classname="Register Page Features" name="Array page url" time="21.094">
<failure type="java.lang.AssertionError">
<![CDATA[java.lang.AssertionError
	at org.junit.Assert.fail(Assert.java:87)
	at org.junit.Assert.assertTrue(Assert.java:42)
	at org.junit.Assert.assertTrue(Assert.java:53)
	at stepdefinitions.RegistrationPageSteps.user_eneters_the_username(RegistrationPageSteps.java:53)
	at ?.The error "invalid data" appears below "uName"(file:///C:/Users/14255/OneDrive/Desktop/School/ds%20algo/NoviceNinjas/src/test/resources/AppFeatures/RegistrationPage.feature:35)
]]>
</failure>
<system-out><![CDATA[
Given The User has clicked on the "register" button from the home page for register.passed
Given The user is on the new user registration page.........................passed
When The user fills "uName" with "Hiranmayee   "............................passed
And The user clicks "register"..............................................passed
Then The error "invalid data" appears below "uName".........................failed
]]></system-out>
</testcase>
<testcase classname="Home Page Features" name="The user clicks sign in button" time="21.017">
<system-out><![CDATA[
Given The user opens Home Page without loggin in............................passed
When The user clicks Sign in................................................passed
Then The user should be redirected to Sign in page..........................passed
And The URL of the page should contain "login"..............................passed
]]></system-out>
</testcase>
<testcase classname="Graph page features" name="The user clicks Run on Graph Page without entering code" time="32.377">
<system-out><![CDATA[
Given the user has already logged in the home page using for Graph..........passed
Given The user is on the "graph/graph/" Page in graph.......................passed
And The user clicks Try Here button of "Graph" Page in graph................passed
And The user is on the "tryEditor" Page in graph............................passed
When The user clicks "run" with code "false" in graph.......................passed
Then Ouput Displayed "false" in graph.......................................passed
And Error message "false" in graph..........................................passed
]]></system-out>
</testcase>
<testcase classname="Array page features" name="Arrays Using List link from Array in Python Page" time="21.247">
<system-out><![CDATA[
Given the user has already logged in the home page using for Array..........passed
Given The user is on the "array/arrays-in-python/" Page.....................passed
When The user clicks a "Arrays Using List" link.............................passed
Then The user should be redirected to "arrays-using-list" Page..............passed
]]></system-out>
</testcase>
<testcase classname="Queue page features" name="Queue page check links for topics covered" time="22.652">
<system-out><![CDATA[
Given The user has already logged in the home page using....................passed
Given The user is on the Queue Page after logged in.........................passed
When The user clicks "Implementation using collections.deque" button on Queue Page.passed
Then The user should be directed to "collections" on Queue Page.............passed
]]></system-out>
</testcase>
<testcase classname="LinkedList feature" name="Introduction: The user is on the tryEditor page writes Valid python code" time="35.329">
<system-out><![CDATA[
Given The user has already logged in the home page using LinkedList.........passed
Given The user clicks Introduction button...................................passed
And The user is on the tryEditor page of Linked List page...................passed
When The User writes Valid python code for Linked List......................passed
And click run button in Linked List.........................................passed
Then User is able to see the output in console in Linked List...............passed
]]></system-out>
</testcase>
<testcase classname="Data Structures page features" name="Data Structure page url" time="29.535">
<system-out><![CDATA[
Given The user has already logged in the home page for Data Structure modlule using.passed
Given The user is on Time Complexity link of the Data Structures Page after logged in.passed
When The user clicks Practice Questions link of Time Complexity page........passed
Then The user redirected to the "practice Questions" page of Data Structures.passed
]]></system-out>
</testcase>
<testcase classname="Register Page Features" name="Array page url" time="26.285">
<failure type="java.lang.AssertionError">
<![CDATA[java.lang.AssertionError
	at org.junit.Assert.fail(Assert.java:87)
	at org.junit.Assert.assertTrue(Assert.java:42)
	at org.junit.Assert.assertTrue(Assert.java:53)
	at stepdefinitions.RegistrationPageSteps.user_eneters_the_username(RegistrationPageSteps.java:53)
	at ?.The error "invalid data" appears below "password"(file:///C:/Users/14255/OneDrive/Desktop/School/ds%20algo/NoviceNinjas/src/test/resources/AppFeatures/RegistrationPage.feature:43)
]]>
</failure>
<system-out><![CDATA[
Given The User has clicked on the "register" button from the home page for register.passed
Given The user is on the new user registration page.........................passed
When The user fills "uName" with "Hiranmayee"...............................passed
And The user fills "password" with "Nidugondi   "...........................passed
And The user clicks "register"..............................................passed
Then The error "invalid data" appears below "password"......................failed
]]></system-out>
</testcase>
<testcase classname="Sign In Page Features" name="Logging in with blank password" time="17.484">
<system-out><![CDATA[
Given The User has clicked on the "signin" button from the home page........passed
Given The user is in the Sign In page.......................................passed
When The user clicks login button after entring the username "Pratiksha" and leaving password textbox blank.passed
Then The error message "Please fill out this field." appears below Password textbox.passed
]]></system-out>
</testcase>
<testcase classname="Stack page features" name="Stack page url" time="21.574">
<system-out><![CDATA[
Given The user has already logged in the home page using stack..............passed
Given The user is on the Stack Page after logged in.........................passed
Then The URL of the page should contain "stack".............................passed
]]></system-out>
</testcase>
<testcase classname="Array page features" name="Try Here button of Array Using List Page" time="27.52">
<system-out><![CDATA[
Given the user has already logged in the home page using for Array..........passed
Given The user is on the "array/arrays-using-list" Page.....................passed
When The user clicks Try Here button of "Array Using List" Page.............passed
Then The user should be redirected to "https://dsportalapp.herokuapp.com/tryEditor" Page.passed
And The Page should have Python Editor......................................passed
]]></system-out>
</testcase>
<testcase classname="Queue page features" name="Queue page check links for topics covered" time="25.943">
<system-out><![CDATA[
Given The user has already logged in the home page using....................passed
Given The user is on the Queue Page after logged in.........................passed
When The user clicks "Implementation using array" button on Queue Page......passed
Then The user should be directed to "array" on Queue Page...................passed
]]></system-out>
</testcase>
<testcase classname="Graph page features" name="The user clicks Run on Python Editor of Graph by enterering invalid code" time="28.124">
<system-out><![CDATA[
Given the user has already logged in the home page using for Graph..........passed
Given The user is on the "graph/graph/" Page in graph.......................passed
And The user clicks Try Here button of "Graph" Page in graph................passed
And The user is on the "tryEditor" Page in graph............................passed
When The user writes "invalid" code for "2" in graph........................passed
And The user clicks "run" with code "true" in graph.........................passed
Then Error message "true" in graph..........................................passed
]]></system-out>
</testcase>
<testcase classname="Sign In Page Features" name="Logging in with blank username" time="26.086">
<system-out><![CDATA[
Given The User has clicked on the "signin" button from the home page........passed
Given The user is in the Sign In page.......................................passed
When The user clicks login button after entring the username blank and password "Aggarwal".passed
Then The error message "Please fill out this field." appears below Username textbox.passed
]]></system-out>
</testcase>
<testcase classname="Stack page features" name="The user is in the &quot;Operations in Stack&quot; page" time="30.901">
<system-out><![CDATA[
Given The user has already logged in the home page using stack..............passed
Given The user clicks Operations in Stack button............................passed
Then The URL of the page should contain "operations-in-stack"...............passed
]]></system-out>
</testcase>
<testcase classname="Register Page Features" name="Array page url" time="22.513">
<failure type="java.lang.AssertionError">
<![CDATA[java.lang.AssertionError
	at org.junit.Assert.fail(Assert.java:87)
	at org.junit.Assert.assertTrue(Assert.java:42)
	at org.junit.Assert.assertTrue(Assert.java:53)
	at stepdefinitions.RegistrationPageSteps.user_eneters_the_username(RegistrationPageSteps.java:53)
	at ?.The error "invalid data" appears below "password"(file:///C:/Users/14255/OneDrive/Desktop/School/ds%20algo/NoviceNinjas/src/test/resources/AppFeatures/RegistrationPage.feature:51)
]]>
</failure>
<system-out><![CDATA[
Given The User has clicked on the "register" button from the home page for register.passed
Given The user is on the new user registration page.........................passed
When The user fills "uName" with "Hiranmayee"...............................passed
And The user fills "password" with "Nid"....................................passed
And The user clicks "register"..............................................passed
Then The error "invalid data" appears below "password"......................failed
]]></system-out>
</testcase>
<testcase classname="LinkedList feature" name="Introduction: The user is on the tryEditor page writes InValid python code" time="27.379">
<system-out><![CDATA[
Given The user has already logged in the home page using LinkedList.........passed
Given The user clicks Introduction button...................................passed
And The user is on the tryEditor page of Linked List page...................passed
When The User writes InValid python code for Linked List page...............passed
And click run button in Linked List.........................................passed
Then User is able to see the error msg in pop up window for Linked List.....passed
]]></system-out>
</testcase>
<testcase classname="Data Structures page features" name="Data Structure page url" time="25.264">
<system-out><![CDATA[
Given The user has already logged in the home page for Data Structure modlule using.passed
Given The user is on Time Complexity link of the Data Structures Page after logged in.passed
When The user clicks Practice Questions link of Time Complexity page........passed
Then The user redirected to the "practice Questions" page of Data Structures.passed
And the practice page of Data structures is blank...........................passed
]]></system-out>
</testcase>
<testcase classname="Array page features" name="Basic Operations in Lists Page from Array Using List Page" time="17.053">
<system-out><![CDATA[
Given the user has already logged in the home page using for Array..........passed
Given The user is on the "array/arrays-using-list" Page.....................passed
When The user clicks a "Basic Operations in Lists" link.....................passed
Then The user should be redirected to "basic-operations-in-lists" Page......passed
]]></system-out>
</testcase>
<testcase classname="Queue page features" name="Queue page check links for topics covered" time="21.445">
<system-out><![CDATA[
Given The user has already logged in the home page using....................passed
Given The user is on the Queue Page after logged in.........................passed
When The user clicks "Queue Operations" button on Queue Page................passed
Then The user should be directed to "QueueOp" on Queue Page.................passed
]]></system-out>
</testcase>
<testcase classname="Graph page features" name="The user clicks Run on Python Editor of Graph and entering valid code" time="55.741">
<system-out><![CDATA[
Given the user has already logged in the home page using for Graph..........passed
Given The user is on the "graph/graph/" Page in graph.......................passed
And The user clicks Try Here button of "Graph" Page in graph................passed
And The user is on the "tryEditor" Page in graph............................passed
When The user writes "valid" code for "1" in graph..........................passed
And The user clicks "run" with code "true" in graph.........................passed
Then Ouput Displayed "true" in graph........................................passed
]]></system-out>
</testcase>
<testcase classname="Tree page features" name="Tree page url" time="16.628">
<system-out><![CDATA[
Given the user has already logged in the home page using for tree...........passed
Given The user is on the tree Page after logged in..........................passed
Then The URL of the page should contain "tree"..............................passed
]]></system-out>
</testcase>
<testcase classname="Register Page Features" name="Array page url" time="14.495">
<system-out><![CDATA[
Given The User has clicked on the "register" button from the home page for register.passed
Given The user is on the new user registration page.........................passed
When The user fills "uName" with "Hiranmayee"...............................passed
And The user fills "password" with "Nidugondi"..............................passed
And The user fills "pwdConfirm" with "Nidugondi123".........................passed
And The user clicks "register"..............................................passed
Then The "warning" message "password_mismatch:The two password fields didnâ€™t match." appears.passed
]]></system-out>
</testcase>
<testcase classname="LinkedList feature" name="Introduction: The user is on the editor page withAlert  error message and click the ok button in the alert window" time="22.168">
<system-out><![CDATA[
Given The user has already logged in the home page using LinkedList.........passed
Given The user clicks Introduction button...................................passed
And The user clicks on Try Here button......................................passed
And The User writes InValid python code for Linked List page................passed
And The user is on the editor page withAlert  error message for Linked List.passed
When The user click the ok button in the alert window for Linked List.......passed
Then The user is on the page having Editor and Run button...................passed
]]></system-out>
</testcase>
<testcase classname="Data Structures page features" name="Data Structure page url" time="19.558">
<system-out><![CDATA[
Given The user has already logged in the home page for Data Structure modlule using.passed
Given The user is on Time Complexity link of the Data Structures Page after logged in.passed
When The user clicks on try here button at the bottom of Time Complexity page.passed
Then The user should be redirected to a page having an Python Editor with a url "https://dsportalapp.herokuapp.com/tryEditor".passed
]]></system-out>
</testcase>
<testcase classname="Stack page features" name="Operation in Stack: The user clicks Try Here button" time="20.224">
<system-out><![CDATA[
Given The user has already logged in the home page using stack..............passed
Given The user is in the Operations in Stack page...........................passed
When The user clicks Try Here button........................................passed
Then The user should be redirected to a page having an tryEditor with a Run button to test.passed
]]></system-out>
</testcase>
<testcase classname="Array page features" name="Try Here button of Basic Operations in Lists Page" time="25.822">
<system-out><![CDATA[
Given the user has already logged in the home page using for Array..........passed
Given The user is on the "array/basic-operations-in-lists" Page.............passed
When The user clicks Try Here button of "Basic Operations in Lists" Page....passed
Then The user should be redirected to "https://dsportalapp.herokuapp.com/tryEditor" Page.passed
And The Page should have Python Editor......................................passed
]]></system-out>
</testcase>
<testcase classname="Queue page features" name="Queue page check for try here and run button is displayed for Queue Operations" time="23.796">
<system-out><![CDATA[
Given The user has already logged in the home page using....................passed
Given The user is on the Queue Page after logged in.........................passed
When The user clicks "Queue Operations" link of Queue Page followed by "Try here" link.passed
Then The user should be redirected to a page having an tryEditor of Queue page.passed
And the page should have a Run button to test of Queue page.................passed
]]></system-out>
</testcase>
<testcase classname="Tree page features" name="Overview of Trees link" time="21.403">
<system-out><![CDATA[
Given the user has already logged in the home page using for tree...........passed
Given The user is on the tree Page after logged in..........................passed
When The user clicks a "Overview of Trees" link in tree.....................passed
Then The user should be redirected to "tree/overview-of-trees" Page in tree.passed
]]></system-out>
</testcase>
<testcase classname="Register Page Features" name="Array page url" time="20.78">
<system-out><![CDATA[
Given The User has clicked on the "register" button from the home page for register.passed
Given The user is on the new user registration page.........................passed
When The user fills "uName" with "random"...................................passed
And The user fills "password" with "Nidugondi"..............................passed
And The user fills "pwdConfirm" with "Nidugondi"............................passed
And The user clicks "register"..............................................passed
Then The "signIn" message "New Account Created. You are logged in as" appears.passed
And The URL of the page should contain "home"...............................passed
]]></system-out>
</testcase>
<testcase classname="Data Structures page features" name="Data Structure page url" time="15.498">
<system-out><![CDATA[
Given The user has already logged in the home page for Data Structure modlule using.passed
Given The user is on Time Complexity link of the Data Structures Page after logged in.passed
And The user clicks on try here button at the bottom of Time Complexity page of Data Structures page.passed
When The The user clicks the Run button without entring any code in the Editor for Data Structures page.passed
Then The user stays on the same page of Data Structures page................passed
]]></system-out>
</testcase>
<testcase classname="Stack page features" name="Operation in Stack: The user is on the tryEditor page writes Valid python code" time="15.796">
<system-out><![CDATA[
Given The user has already logged in the home page using stack..............passed
Given The user is on the tryEditor page of Operations in Stack page.........passed
When The User writes Valid python code......................................passed
And click run button........................................................passed
Then User is able to see the output in console..............................passed
]]></system-out>
</testcase>
<testcase classname="LinkedList feature" name="Creating Linked List: The user is in the &quot;linked-list&quot; page and click on Creating Linked LIst" time="18.282">
<system-out><![CDATA[
Given The user has already logged in the home page using LinkedList.........passed
Given The user clicks creating-linked-list button...........................passed
Then The URL of the page should contain "creating-linked-list"..............passed
]]></system-out>
</testcase>
<testcase classname="Array page features" name="Applications of Array Page from Basic Operations in Lists Page" time="12.26">
<system-out><![CDATA[
Given the user has already logged in the home page using for Array..........passed
Given The user is on the "array/basic-operations-in-lists" Page.............passed
When The user clicks a "Applications of Array" link.........................passed
Then The user should be redirected to "applications-of-array" Page..........passed
]]></system-out>
</testcase>
<testcase classname="Tree page features" name="Terminologies Link" time="11.372">
<system-out><![CDATA[
Given the user has already logged in the home page using for tree...........passed
Given The user is on the tree Page after logged in..........................passed
When The user clicks a "Terminologies" link in tree.........................passed
Then The user should be redirected to "tree/terminologies" Page in tree.....passed
]]></system-out>
</testcase>
<testcase classname="Queue page features" name="Queue page check for try here and run button is displayed for lists" time="16.305">
<system-out><![CDATA[
Given The user has already logged in the home page using....................passed
Given The user is on the Queue Page after logged in.........................passed
When The user clicks "Implementation of Queue in Python" link of Queue Page followed by "Try here" link.passed
Then The user should be redirected to a page having an tryEditor of Queue page.passed
And the page should have a Run button to test of Queue page.................passed
]]></system-out>
</testcase>
<testcase classname="Stack page features" name="Operation in Stack: The user is on the tryEditor page writes InValid python code" time="15.906">
<system-out><![CDATA[
Given The user has already logged in the home page using stack..............passed
Given The user is on the tryEditor page of Operations in Stack page.........passed
When The User writes InValid python code....................................passed
And click run button........................................................passed
Then User is able to see the error msg in pop up window.....................passed
]]></system-out>
</testcase>
<testcase classname="LinkedList feature" name="Creating Linked List: The user clicks Try Here button" time="12.66">
<system-out><![CDATA[
Given The user has already logged in the home page using LinkedList.........passed
Given The user clicks creating-linked-list button...........................passed
When The user clicks on Try Here button.....................................passed
Then The user is on the page having Editor and Run button...................passed
]]></system-out>
</testcase>
<testcase classname="Tree page features" name="Types of Trees Link" time="11.27">
<system-out><![CDATA[
Given the user has already logged in the home page using for tree...........passed
Given The user is on the tree Page after logged in..........................passed
When The user clicks a "Types of Trees" link in tree........................passed
Then The user should be redirected to "tree/types-of-trees" Page in tree....passed
]]></system-out>
</testcase>
<testcase classname="Array page features" name="Practice question page with links" time="11.905">
<system-out><![CDATA[
Given the user has already logged in the home page using for Array..........passed
Given The user is on the "array/applications-of-array/" Page................passed
When The user clicks a "Practice Questions" link............................passed
Then The user should be redirected to "array/practice" Page.................passed
And user gets the following links to explore Practice page..................passed
And The count of the practice links should be 4.............................passed
]]></system-out>
</testcase>
<testcase classname="Graph page features" name="Try Here button of Graph in Python Page" time="13.011">
<system-out><![CDATA[
Given the user has already logged in the home page using for Graph..........passed
Given The user is on the "graph/graph/" Page in graph.......................passed
When The user clicks Try Here button of "Graph" Page in graph...............passed
Then The user should be redirected to "https://dsportalapp.herokuapp.com/tryEditor" Page in graph.passed
And The Page should have Python Editor in graph.............................passed
]]></system-out>
</testcase>
<testcase classname="Queue page features" name="Queue page check for try here and run button is displayed for array Operations" time="12.009">
<system-out><![CDATA[
Given The user has already logged in the home page using....................passed
Given The user is on the Queue Page after logged in.........................passed
When The user clicks "Implementation using array" link of Queue Page followed by "Try here" link.passed
Then The user should be redirected to a page having an tryEditor of Queue page.passed
And the page should have a Run button to test of Queue page.................passed
]]></system-out>
</testcase>
<testcase classname="Tree page features" name="Tree Traversals Link" time="12.958">
<system-out><![CDATA[
Given the user has already logged in the home page using for tree...........passed
Given The user is on the tree Page after logged in..........................passed
When The user clicks a "Tree Traversals" link in tree.......................passed
Then The user should be redirected to "tree/tree-traversals" Page in tree...passed
]]></system-out>
</testcase>
<testcase classname="Array page features" name="Elements on Practice Page" time="12.298">
<system-out><![CDATA[
Given the user has already logged in the home page using for Array..........passed
Given The user is on the "array/practice" Page..............................passed
When The user clicks a "Search the array" link..............................passed
Then The Page should have following elements................................passed
]]></system-out>
</testcase>
<testcase classname="Stack page features" name="Operation in Stack: The user is on the editor page withAlert  error message and click the ok button in the alert window" time="17.609">
<system-out><![CDATA[
Given The user has already logged in the home page using stack..............passed
Given The user is on the editor page withAlert  error message...............passed
When The user click the ok button in the alert window.......................passed
Then The user is on the same page having Editor and Run button..............passed
]]></system-out>
</testcase>
<testcase classname="LinkedList feature" name="Creating Linked List: The user is on the tryEditor page writes Valid python code" time="12.725">
<system-out><![CDATA[
Given The user has already logged in the home page using LinkedList.........passed
Given The user clicks creating-linked-list button...........................passed
And The user is on the tryEditor page of Linked List page...................passed
When The User writes Valid python code for Linked List......................passed
And click run button in Linked List.........................................passed
Then User is able to see the output in console in Linked List...............passed
]]></system-out>
</testcase>
<testcase classname="Graph page features" name="The user clicks Run on Graph Representations Page without entering code" time="5.841">
<failure type="org.openqa.selenium.NoSuchElementException" message="no such element: Unable to locate element: {&quot;method&quot;:&quot;css selector&quot;,&quot;selector&quot;:&quot;*[name='username']&quot;}
  (Session info: chrome-headless-shell=122.0.6261.95)
For documentation on this error, please visit: https://www.selenium.dev/documentation/webdriver/troubleshooting/errors#no-such-element-exception
Build info: version: '4.18.1', revision: 'b1d3319b48'
System info: os.name: 'Windows 11', os.arch: 'amd64', os.version: '10.0', java.version: '17.0.9'
Driver info: org.openqa.selenium.chrome.ChromeDriver
Command: [5afdeba2fd7975d7477dc73a4f25b9e3, findElement {using=name, value=username}]
Capabilities {acceptInsecureCerts: false, browserName: chrome-headless-shell, browserVersion: 122.0.6261.95, chrome: {chromedriverVersion: 122.0.6261.94 (880dbf29479c..., userDataDir: C:\Users\14255\AppData\Loca...}, fedcm:accounts: true, goog:chromeOptions: {debuggerAddress: localhost:62775}, networkConnectionEnabled: false, pageLoadStrategy: normal, platformName: windows, proxy: Proxy(), se:cdp: ws://localhost:62775/devtoo..., se:cdpVersion: 122.0.6261.95, setWindowRect: true, strictFileInteractability: false, timeouts: {implicit: 0, pageLoad: 300000, script: 30000}, unhandledPromptBehavior: dismiss and notify, webauthn:extension:credBlob: true, webauthn:extension:largeBlob: true, webauthn:extension:minPinLength: true, webauthn:extension:prf: true, webauthn:virtualAuthenticators: true}
Session ID: 5afdeba2fd7975d7477dc73a4f25b9e3">
<![CDATA[org.openqa.selenium.NoSuchElementException: no such element: Unable to locate element: {"method":"css selector","selector":"*[name='username']"}
  (Session info: chrome-headless-shell=122.0.6261.95)
For documentation on this error, please visit: https://www.selenium.dev/documentation/webdriver/troubleshooting/errors#no-such-element-exception
Build info: version: '4.18.1', revision: 'b1d3319b48'
System info: os.name: 'Windows 11', os.arch: 'amd64', os.version: '10.0', java.version: '17.0.9'
Driver info: org.openqa.selenium.chrome.ChromeDriver
Command: [5afdeba2fd7975d7477dc73a4f25b9e3, findElement {using=name, value=username}]
Capabilities {acceptInsecureCerts: false, browserName: chrome-headless-shell, browserVersion: 122.0.6261.95, chrome: {chromedriverVersion: 122.0.6261.94 (880dbf29479c..., userDataDir: C:\Users\14255\AppData\Loca...}, fedcm:accounts: true, goog:chromeOptions: {debuggerAddress: localhost:62775}, networkConnectionEnabled: false, pageLoadStrategy: normal, platformName: windows, proxy: Proxy(), se:cdp: ws://localhost:62775/devtoo..., se:cdpVersion: 122.0.6261.95, setWindowRect: true, strictFileInteractability: false, timeouts: {implicit: 0, pageLoad: 300000, script: 30000}, unhandledPromptBehavior: dismiss and notify, webauthn:extension:credBlob: true, webauthn:extension:largeBlob: true, webauthn:extension:minPinLength: true, webauthn:extension:prf: true, webauthn:virtualAuthenticators: true}
Session ID: 5afdeba2fd7975d7477dc73a4f25b9e3
	at java.base/jdk.internal.reflect.NativeConstructorAccessorImpl.newInstance0(Native Method)
	at java.base/jdk.internal.reflect.NativeConstructorAccessorImpl.newInstance(NativeConstructorAccessorImpl.java:77)
	at java.base/jdk.internal.reflect.DelegatingConstructorAccessorImpl.newInstance(DelegatingConstructorAccessorImpl.java:45)
	at java.base/java.lang.reflect.Constructor.newInstanceWithCaller(Constructor.java:499)
	at java.base/java.lang.reflect.Constructor.newInstance(Constructor.java:480)
	at org.openqa.selenium.remote.ErrorCodec.decode(ErrorCodec.java:167)
	at org.openqa.selenium.remote.codec.w3c.W3CHttpResponseCodec.decode(W3CHttpResponseCodec.java:138)
	at org.openqa.selenium.remote.codec.w3c.W3CHttpResponseCodec.decode(W3CHttpResponseCodec.java:50)
	at org.openqa.selenium.remote.HttpCommandExecutor.execute(HttpCommandExecutor.java:190)
	at org.openqa.selenium.remote.service.DriverCommandExecutor.invokeExecute(DriverCommandExecutor.java:216)
	at org.openqa.selenium.remote.service.DriverCommandExecutor.execute(DriverCommandExecutor.java:174)
	at org.openqa.selenium.remote.RemoteWebDriver.execute(RemoteWebDriver.java:519)
	at org.openqa.selenium.remote.ElementLocation$ElementFinder$2.findElement(ElementLocation.java:165)
	at org.openqa.selenium.remote.ElementLocation.findElement(ElementLocation.java:66)
	at org.openqa.selenium.remote.RemoteWebDriver.findElement(RemoteWebDriver.java:356)
	at org.openqa.selenium.remote.RemoteWebDriver.findElement(RemoteWebDriver.java:350)
	at pageObjects.SignInPage_PO.doLoginGraphPage(SignInPage_PO.java:74)
	at stepdefinitions.GraphPageSteps.the_user_has_already_logged_in_the_home_page_using_for_Graph(GraphPageSteps.java:33)
	at ?.the user has already logged in the home page using for Graph(file:///C:/Users/14255/OneDrive/Desktop/School/ds%20algo/NoviceNinjas/src/test/resources/AppFeatures/GraphPage.feature:4)
]]>
</failure>
<system-out><![CDATA[
Given the user has already logged in the home page using for Graph..........failed
Given The user is on the "graph/graph-representations/" Page in graph.......skipped
And The user clicks Try Here button of "Graph Representations" Page in graph.skipped
And The user is on the "tryEditor" Page in graph............................skipped
When The user clicks "run" with code "false" in graph.......................skipped
Then Ouput Displayed "false" in graph.......................................skipped
And Error message "false" in graph..........................................skipped
]]></system-out>
</testcase>
<testcase classname="Queue page features" name="Queue page check for try here and run button is displayed for collections Operations" time="12.935">
<system-out><![CDATA[
Given The user has already logged in the home page using....................passed
Given The user is on the Queue Page after logged in.........................passed
When The user clicks "Implementation using collections.deque" link of Queue Page followed by "Try here" link.passed
Then The user should be redirected to a page having an tryEditor of Queue page.passed
And the page should have a Run button to test of Queue page.................passed
]]></system-out>
</testcase>
<testcase classname="Graph page features" name="The user clicks Run on Python Editor of Graph Representations Page by enterering invalid code" time="17.572">
<system-out><![CDATA[
Given the user has already logged in the home page using for Graph..........passed
Given The user is on the "graph/graph-representations/" Page in graph.......passed
And The user clicks Try Here button of "Graph Representations" Page in graph.passed
And The user is on the "tryEditor" Page in graph............................passed
When The user writes "invalid" code for "2" in graph........................passed
And The user clicks "run" with code "true" in graph.........................passed
Then Error message "true" in graph..........................................passed
]]></system-out>
</testcase>
<testcase classname="Tree page features" name="Traversals-Illustration Link" time="12.22">
<system-out><![CDATA[
Given the user has already logged in the home page using for tree...........passed
Given The user is on the tree Page after logged in..........................passed
When The user clicks a "Traversals-Illustration" link in tree...............passed
Then The user should be redirected to "tree/traversals-illustration" Page in tree.passed
]]></system-out>
</testcase>
<testcase classname="Array page features" name="Elements on Practice Page" time="12.158">
<system-out><![CDATA[
Given the user has already logged in the home page using for Array..........passed
Given The user is on the "array/practice" Page..............................passed
When The user clicks a "Max Consecutive Ones" link..........................passed
Then The Page should have following elements................................passed
]]></system-out>
</testcase>
<testcase classname="LinkedList feature" name="Creating Linked List: The user is on the tryEditor page writes InValid python code" time="12.887">
<system-out><![CDATA[
Given The user has already logged in the home page using LinkedList.........passed
Given The user clicks creating-linked-list button...........................passed
And The user is on the tryEditor page of Linked List page...................passed
When The User writes InValid python code for Linked List page...............passed
And click run button in Linked List.........................................passed
Then User is able to see the error msg in pop up window for Linked List.....passed
]]></system-out>
</testcase>
<testcase classname="Stack page features" name="Implementation: The user is in the &quot;Implementaion&quot; page" time="12.103">
<system-out><![CDATA[
Given The user has already logged in the home page using stack..............passed
Given The user is on the Stack Page after logged in.........................passed
When The user clicks <Implementation> button................................passed
Then The URL of the page should contain "implementation"....................passed
]]></system-out>
</testcase>
<testcase classname="Queue page features" name="Validating Try Editor part of Queue Page" time="16.947">
<system-out><![CDATA[
Given The user has already logged in the home page using....................passed
Given The user is on the Queue Page after logged in.........................passed
When The user clicks "Queue Operations" link of Queue Page followed by "Try here" link.passed
And The user writes the invalid python code on Queue Page...................passed
And The user clicks the run button on Queue Page............................passed
Then The User is able to see the error message in pop up window on Queue Page.passed
]]></system-out>
</testcase>
<testcase classname="Array page features" name="Elements on Practice Page" time="14.061">
<system-out><![CDATA[
Given the user has already logged in the home page using for Array..........passed
Given The user is on the "array/practice" Page..............................passed
When The user clicks a "Find Numbers with Even Number of Digits" link.......passed
Then The Page should have following elements................................passed
]]></system-out>
</testcase>
<testcase classname="Tree page features" name="Binary Trees Link" time="12.19">
<system-out><![CDATA[
Given the user has already logged in the home page using for tree...........passed
Given The user is on the tree Page after logged in..........................passed
When The user clicks a "Binary Trees" link in tree..........................passed
Then The user should be redirected to "tree/binary-trees" Page in tree......passed
]]></system-out>
</testcase>
<testcase classname="LinkedList feature" name="Creating Linked List: The user is on the editor page withAlert  error message and click the ok button in the alert window" time="17.042">
<system-out><![CDATA[
Given The user has already logged in the home page using LinkedList.........passed
Given The user clicks creating-linked-list button...........................passed
And The user clicks on Try Here button......................................passed
And The User writes InValid python code for Linked List page................passed
And The user is on the editor page withAlert  error message for Linked List.passed
When The user click the ok button in the alert window for Linked List.......passed
Then The user is on the page having Editor and Run button...................passed
]]></system-out>
</testcase>
<testcase classname="Graph page features" name="The user clicks Run on Python Editor of Graph Representations Page and entering valid code" time="15.234">
<system-out><![CDATA[
Given the user has already logged in the home page using for Graph..........passed
Given The user is on the "graph/graph-representations/" Page in graph.......passed
And The user clicks Try Here button of "Graph Representations" Page in graph.passed
And The user is on the "tryEditor" Page in graph............................passed
When The user writes "valid" code for "2" in graph..........................passed
And The user clicks "run" with code "true" in graph.........................passed
Then Ouput Displayed "true" in graph........................................passed
]]></system-out>
</testcase>
<testcase classname="Stack page features" name="Implementation: The clicks user try here button in the Implementation page" time="13.181">
<system-out><![CDATA[
Given The user has already logged in the home page using stack..............passed
Given The user is in the Implementation page................................passed
When The user clicks Try Here button........................................passed
Then The user is on the same page having Editor and Run button..............passed
]]></system-out>
</testcase>
<testcase classname="Queue page features" name="Validating Try Editor part of Queue Page" time="16.671">
<system-out><![CDATA[
Given The user has already logged in the home page using....................passed
Given The user is on the Queue Page after logged in.........................passed
When The user clicks "Queue Operations" link of Queue Page followed by "Try here" link.passed
And The user writes the invalid python code on Queue Page...................passed
And The user clicks the run button on Queue Page............................passed
And The user click the ok button in the alert window on Queue Page..........passed
Then The user should be redirected to a page having an tryEditor of Queue page.passed
]]></system-out>
</testcase>
<testcase classname="Tree page features" name="Types of Binary Trees Link" time="12.63">
<system-out><![CDATA[
Given the user has already logged in the home page using for tree...........passed
Given The user is on the tree Page after logged in..........................passed
When The user clicks a "Types of Binary Trees" link in tree.................passed
Then The user should be redirected to "tree/types-of-binary-trees" Page in tree.passed
]]></system-out>
</testcase>
<testcase classname="Array page features" name="Elements on Practice Page" time="12.584">
<system-out><![CDATA[
Given the user has already logged in the home page using for Array..........passed
Given The user is on the "array/practice" Page..............................passed
When The user clicks a "Squares of a Sorted Array" link.....................passed
Then The Page should have following elements................................passed
]]></system-out>
</testcase>
<testcase classname="LinkedList feature" name="Creating Linked List: The user is in the &quot;linked-list&quot; page and click on Types of Linked List" time="11.016">
<system-out><![CDATA[
Given The user has already logged in the home page using LinkedList.........passed
Given The user clicks <Types of Linked List> button.........................passed
Then The URL of the page should contain "types-of-linked-list"..............passed
]]></system-out>
</testcase>
<testcase classname="Stack page features" name="Implementation:User writes Valid python code in tryEditor of Implementation page" time="15.451">
<system-out><![CDATA[
Given The user has already logged in the home page using stack..............passed
Given The user is on the tryEditor screen of Implementation page............passed
When The User writes Valid python code in Implementation page...............passed
And click run button........................................................passed
Then User is able to see the output in console..............................passed
]]></system-out>
</testcase>
<testcase classname="Graph page features" name="Try Here button of Graph Representations in Python Page" time="12.594">
<system-out><![CDATA[
Given the user has already logged in the home page using for Graph..........passed
Given The user is on the "graph/graph-representations/" Page in graph.......passed
When The user clicks Try Here button of "Graph Representations" Page in graph.passed
Then The user should be redirected to "https://dsportalapp.herokuapp.com/tryEditor" Page in graph.passed
And The Page should have Python Editor in graph.............................passed
]]></system-out>
</testcase>
<testcase classname="Tree page features" name="Implementation in Python Link" time="22.374">
<system-out><![CDATA[
Given the user has already logged in the home page using for tree...........passed
Given The user is on the tree Page after logged in..........................passed
When The user clicks a "Implementation in Python" link in tree..............passed
Then The user should be redirected to "tree/implementation-in-python" Page in tree.passed
]]></system-out>
</testcase>
<testcase classname="Array page features" name="The user clicks Run on Python Editor of Array In Python Page without entering code" time="28.165">
<system-out><![CDATA[
Given the user has already logged in the home page using for Array..........passed
Given The user is on the "array/arrays-in-python/" Page.....................passed
And The user clicks Try Here button of "Arrays In Python" Page..............passed
And The user is on the "tryEditor" Page.....................................passed
When The user clicks "run" with code "false"................................passed
Then Ouput Displayed "false"................................................passed
And Error message "false"...................................................passed
]]></system-out>
</testcase>
<testcase classname="Queue page features" name="Validating Try Editor part of Queue Page" time="24.904">
<system-out><![CDATA[
Given The user has already logged in the home page using....................passed
Given The user is on the Queue Page after logged in.........................passed
When The user clicks "Queue Operations" link of Queue Page followed by "Try here" link.passed
And The user writes the valid python code on Queue Page.....................passed
And The user clicks the run button on Queue Page............................passed
Then User is able to see the correct output in console on Queue Page........passed
]]></system-out>
</testcase>
<testcase classname="LinkedList feature" name="Creating Linked List: The user clicks Try Here button" time="25.199">
<system-out><![CDATA[
Given The user has already logged in the home page using LinkedList.........passed
Given The user clicks <Types of Linked List> button.........................passed
When The user clicks on Try Here button.....................................passed
Then The user is on the page having Editor and Run button...................passed
]]></system-out>
</testcase>
<testcase classname="Graph page features" name="Practice question page with links" time="24.478">
<system-out><![CDATA[
Given the user has already logged in the home page using for Graph..........passed
Given The user is on the "graph/graph/" Page in graph.......................passed
When The user clicks a "Practice Questions" link in graph...................passed
Then The user should be redirected to "graph/practice" Page in graph........passed
]]></system-out>
</testcase>
<testcase classname="Stack page features" name="Implementation:User writes InValid python code in tryEditor of Implementation page" time="30.159">
<system-out><![CDATA[
Given The user has already logged in the home page using stack..............passed
Given The user is on the tryEditor screen of Implementation page............passed
When The User writes InValid python code in Implementation page.............passed
And click run button........................................................passed
Then User is able to see the error msg in pop up window.....................passed
]]></system-out>
</testcase>
<testcase classname="Tree page features" name="Binary Tree Traversals Link" time="17.544">
<system-out><![CDATA[
Given the user has already logged in the home page using for tree...........passed
Given The user is on the tree Page after logged in..........................passed
When The user clicks a "Binary Tree Traversals" link in tree................passed
Then The user should be redirected to "tree/binary-tree-traversals" Page in tree.passed
]]></system-out>
</testcase>
<testcase classname="Queue page features" name="Validating Try Editor part of Queue Page Reading from excel sheet - Example #1.1" time="25.505">
<system-out><![CDATA[
Given The user has already logged in the home page using....................passed
Given The user is on the Queue Page after logged in.........................passed
When The user clicks "Queue Operations" link of Queue Page followed by "Try here" link.passed
And The user writes the valid python code on Queue Page from "PythonCode" and 0.passed
And The user clicks the run button on Queue Page............................passed
Then User is able to see the expected output in console on Queue Page.......passed
]]></system-out>
</testcase>
<testcase classname="Array page features" name="The user clicks Run on Python Editor of Array In Python Page by enterering invalid code" time="22.471">
<system-out><![CDATA[
Given the user has already logged in the home page using for Array..........passed
Given The user is on the "array/arrays-in-python/" Page.....................passed
And The user clicks Try Here button of "Arrays In Python" Page..............passed
And The user is on the "tryEditor" Page.....................................passed
When The user writes "invalid" code for "1".................................passed
And The user clicks "run" with code "true"..................................passed
Then Error message "true"...................................................passed
]]></system-out>
</testcase>
<testcase classname="LinkedList feature" name="Creating Linked List: The user is on the tryEditor page writes Valid python code" time="20.418">
<system-out><![CDATA[
Given The user has already logged in the home page using LinkedList.........passed
Given The user clicks <Types of Linked List> button.........................passed
And The user is on the tryEditor page of Linked List page...................passed
When The User writes Valid python code for Linked List......................passed
And click run button in Linked List.........................................passed
Then User is able to see the output in console in Linked List...............passed
]]></system-out>
</testcase>
<testcase classname="Graph page features" name="Alert of Graph Page by enterering invalid code" time="25.76">
<system-out><![CDATA[
Given the user has already logged in the home page using for Graph..........passed
Given The user is on the "graph/graph/" Page in graph.......................passed
And The user clicks Try Here button of "Graph" Page in graph................passed
And The user is on the "tryEditor" Page in graph............................passed
When The user writes "invalid" code for "2" in graph........................passed
And The user clicks "run" with code "true" in graph.........................passed
And Error message "true" in graph...........................................passed
And The user clicks ok on alert.............................................passed
Then The user is on the "graph/graph/" Page in graph........................passed
And No change in code.......................................................passed
]]></system-out>
</testcase>
<testcase classname="Stack page features" name="Implementation: The user is on the editor page withAlert  error message and click the ok button in the alert window" time="15.016">
<system-out><![CDATA[
Given The user has already logged in the home page using stack..............passed
Given The user is on the editor page of Implementation with Alert  error message.passed
When The user click the ok button in the alert window.......................passed
Then The user is on the same page having Editor and Run button..............passed
]]></system-out>
</testcase>
<testcase classname="Tree page features" name="Implementation of Binary Trees Link" time="12.3">
<system-out><![CDATA[
Given the user has already logged in the home page using for tree...........passed
Given The user is on the tree Page after logged in..........................passed
When The user clicks a "Implementation of Binary Trees" link in tree........passed
Then The user should be redirected to "tree/implementation-of-binary-trees" Page in tree.passed
]]></system-out>
</testcase>
<testcase classname="LinkedList feature" name="Creating Linked List: The user is on the tryEditor page writes InValid python code" time="14.755">
<system-out><![CDATA[
Given The user has already logged in the home page using LinkedList.........passed
Given The user clicks <Types of Linked List> button.........................passed
And The user is on the tryEditor page of Linked List page...................passed
When The User writes InValid python code for Linked List page...............passed
And click run button in Linked List.........................................passed
Then User is able to see the error msg in pop up window for Linked List.....passed
]]></system-out>
</testcase>
<testcase classname="Tree page features" name="Applications of Binary trees Link" time="10.089">
<system-out><![CDATA[
Given the user has already logged in the home page using for tree...........passed
Given The user is on the tree Page after logged in..........................passed
When The user clicks a "Applications of Binary trees" link in tree..........passed
Then The user should be redirected to "tree/applications-of-binary-trees" Page in tree.passed
]]></system-out>
</testcase>
<testcase classname="Array page features" name="The user clicks Run on Python Editor of Array In Python Page and entering valid code" time="22.262">
<system-out><![CDATA[
Given the user has already logged in the home page using for Array..........passed
Given The user is on the "array/arrays-in-python/" Page.....................passed
And The user clicks Try Here button of "Arrays In Python" Page..............passed
And The user is on the "tryEditor" Page.....................................passed
When The user writes "valid" code for "1"...................................passed
And The user clicks "run" with code "true"..................................passed
Then Ouput Displayed "true".................................................passed
]]></system-out>
</testcase>
<testcase classname="Stack page features" name="Applications: The user is in the &quot;Applications&quot; page" time="10.651">
<system-out><![CDATA[
Given The user has already logged in the home page using stack..............passed
Given The user is on the Stack Page after logged in.........................passed
When The user clicks <Applications> button..................................passed
Then The URL of the page should contain "stack-applications"................passed
]]></system-out>
</testcase>
<testcase classname="Graph page features" name="Alert of Graph Representations Page by enterering invalid code" time="13.815">
<system-out><![CDATA[
Given the user has already logged in the home page using for Graph..........passed
Given The user is on the "graph/graph-representations/" Page in graph.......passed
And The user clicks Try Here button of "Graph Representations" Page in graph.passed
And The user is on the "tryEditor" Page in graph............................passed
When The user writes "invalid" code for "2" in graph........................passed
And The user clicks "run" with code "true" in graph.........................passed
And Error message "true" in graph...........................................passed
And The user clicks ok on alert.............................................passed
Then The user is on the "graph/graph-representations/" Page in graph........passed
And No change in code.......................................................passed
]]></system-out>
</testcase>
<testcase classname="Tree page features" name="Binary Search Trees Link" time="10.334">
<system-out><![CDATA[
Given the user has already logged in the home page using for tree...........passed
Given The user is on the tree Page after logged in..........................passed
When The user clicks a "Binary Search Trees" link in tree...................passed
Then The user should be redirected to "tree/binary-search-trees" Page in tree.passed
]]></system-out>
</testcase>
<testcase classname="Stack page features" name="Applications: The clicks user try here button in the Applications page" time="12.299">
<system-out><![CDATA[
Given The user has already logged in the home page using stack..............passed
Given The user is in the Applications page..................................passed
When The user clicks Try Here button........................................passed
Then The user is on the same page having Editor and Run button..............passed
]]></system-out>
</testcase>
<testcase classname="LinkedList feature" name="Creating Linked List: The user is on the editor page withAlert  error message and click the ok button in the alert window" time="13.146">
<system-out><![CDATA[
Given The user has already logged in the home page using LinkedList.........passed
Given The user clicks <Types of Linked List> button.........................passed
And The user clicks on Try Here button......................................passed
And The User writes InValid python code for Linked List page................passed
And The user is on the editor page withAlert  error message for Linked List.passed
When The user click the ok button in the alert window for Linked List.......passed
Then The user is on the page having Editor and Run button...................passed
]]></system-out>
</testcase>
<testcase classname="Tree page features" name="Implementation Of BST Link" time="8.811">
<system-out><![CDATA[
Given the user has already logged in the home page using for tree...........passed
Given The user is on the tree Page after logged in..........................passed
When The user clicks a "Implementation Of BST" link in tree.................passed
Then The user should be redirected to "tree/implementation-of-bst" Page in tree.passed
]]></system-out>
</testcase>
<testcase classname="Array page features" name="The user clicks Run on Python Editor of Arrays Using List Page without entering code" time="11.745">
<system-out><![CDATA[
Given the user has already logged in the home page using for Array..........passed
Given The user is on the "array/arrays-using-list/" Page....................passed
And The user clicks Try Here button of "Arrays Using List" Page.............passed
And The user is on the "tryEditor" Page.....................................passed
When The user clicks "run" with code "false"................................passed
Then Ouput Displayed "false"................................................passed
And Error message "false"...................................................passed
]]></system-out>
</testcase>
<testcase classname="Stack page features" name="Applications: User writes Valid python code in tryEditor of Implementation page" time="10.308">
<system-out><![CDATA[
Given The user has already logged in the home page using stack..............passed
Given The user is on the tryEditor screen of Applications page..............passed
When The User writes Valid python code in Applications page.................passed
And click run button........................................................passed
Then User is able to see the output in console..............................passed
]]></system-out>
</testcase>
<testcase classname="LinkedList feature" name="Creating Linked List: The user is in the &quot;linked-list&quot; page and click on &quot;Implement Linked List in Python&quot;" time="7.188">
<system-out><![CDATA[
Given The user has already logged in the home page using LinkedList.........passed
Given The user clicks <Implement Linked List in Python> button..............passed
Then The URL of the page should contain "implement-linked-list-in-python"...passed
]]></system-out>
</testcase>
<testcase classname="Tree page features" name="The user clicks Run on Overview of Trees Page without entering code" time="11.822">
<system-out><![CDATA[
Given the user has already logged in the home page using for tree...........passed
Given The user is on the "tree/overview-of-trees/" Page in tree.............passed
And The user clicks Try Here button of "Overview of Trees" Page in tree.....passed
And The user is on the "tryEditor" Page in tree.............................passed
When The user clicks "run" with code "false" in tree........................passed
Then Ouput Displayed "false" in tree........................................passed
And Error message "false" in tree...........................................passed
]]></system-out>
</testcase>
<testcase classname="LinkedList feature" name="Creating Linked List: The user clicks Try Here button" time="10.472">
<system-out><![CDATA[
Given The user has already logged in the home page using LinkedList.........passed
Given The user clicks <Implement Linked List in Python> button..............passed
When The user clicks on Try Here button.....................................passed
Then The user is on the page having Editor and Run button...................passed
]]></system-out>
</testcase>
<testcase classname="Array page features" name="The user clicks Run on Python Editor of Arrays Using List Page by enterering invalid code" time="11.187">
<system-out><![CDATA[
Given the user has already logged in the home page using for Array..........passed
Given The user is on the "array/arrays-using-list/" Page....................passed
And The user clicks Try Here button of "Arrays Using List" Page.............passed
And The user is on the "tryEditor" Page.....................................passed
When The user writes "invalid" code for "1".................................passed
And The user clicks "run" with code "true"..................................passed
Then Error message "true"...................................................passed
]]></system-out>
</testcase>
<testcase classname="Stack page features" name="Applications:User writes InValid python code in tryEditor of Applications page" time="11.339">
<system-out><![CDATA[
Given The user has already logged in the home page using stack..............passed
Given The user is on the tryEditor screen of Applications page..............passed
When The User writes InValid python code in Applications page...............passed
And click run button........................................................passed
Then User is able to see the error msg in pop up window.....................passed
]]></system-out>
</testcase>
<testcase classname="Tree page features" name="The user clicks Run on Python Editor of Overview of Trees Page by enterering invalid code" time="12.307">
<system-out><![CDATA[
Given the user has already logged in the home page using for tree...........passed
Given The user is on the "tree/overview-of-trees/" Page in tree.............passed
And The user clicks Try Here button of "Overview of Trees" Page in tree.....passed
And The user is on the "tryEditor" Page in tree.............................passed
When The user writes "invalid" code for "1" in tree.........................passed
And The user clicks "run" with code "true" in tree..........................passed
Then Error message "true" in tree...........................................passed
]]></system-out>
</testcase>
<testcase classname="LinkedList feature" name="Creating Linked List: The user is on the tryEditor page writes Valid python code" time="10.935">
<system-out><![CDATA[
Given The user has already logged in the home page using LinkedList.........passed
Given The user clicks <Implement Linked List in Python> button..............passed
And The user is on the tryEditor page of Linked List page...................passed
When The User writes Valid python code for Linked List......................passed
And click run button in Linked List.........................................passed
Then User is able to see the output in console in Linked List...............passed
]]></system-out>
</testcase>
<testcase classname="Array page features" name="The user clicks Run on Python Editor of Arrays Using List Page and entering valid code" time="19.546">
<system-out><![CDATA[
Given the user has already logged in the home page using for Array..........passed
Given The user is on the "array/arrays-using-list/" Page....................passed
And The user clicks Try Here button of "Arrays Using List" Page.............passed
And The user is on the "tryEditor" Page.....................................passed
When The user writes "valid" code for "1"...................................passed
And The user clicks "run" with code "true"..................................passed
Then Ouput Displayed "true".................................................passed
]]></system-out>
</testcase>
<testcase classname="Stack page features" name="Applications: The user is on the editor page withAlert  error message and click the ok button in the alert window" time="10.716">
<system-out><![CDATA[
Given The user has already logged in the home page using stack..............passed
Given The user is on the editor page of Application with Alert  error message.passed
When The user click the ok button in the alert window.......................passed
Then The user is on the same page having Editor and Run button..............passed
]]></system-out>
</testcase>
<testcase classname="Tree page features" name="The user clicks Run on Python Editor of Overview of Trees Page and entering valid code" time="13.107">
<system-out><![CDATA[
Given the user has already logged in the home page using for tree...........passed
Given The user is on the "tree/overview-of-trees/" Page in tree.............passed
And The user clicks Try Here button of "Overview of Trees" Page in tree.....passed
And The user is on the "tryEditor" Page in tree.............................passed
When The user writes "valid" code for "1" in tree...........................passed
And The user clicks "run" with code "true" in tree..........................passed
Then Ouput Displayed "true" in tree.........................................passed
]]></system-out>
</testcase>
<testcase classname="LinkedList feature" name="Creating Linked List: The user is on the tryEditor page writes InValid python code" time="10.646">
<system-out><![CDATA[
Given The user has already logged in the home page using LinkedList.........passed
Given The user clicks <Implement Linked List in Python> button..............passed
And The user is on the tryEditor page of Linked List page...................passed
When The User writes InValid python code for Linked List page...............passed
And click run button in Linked List.........................................passed
Then User is able to see the error msg in pop up window for Linked List.....passed
]]></system-out>
</testcase>
<testcase classname="Stack page features" name="Practice Questions: The user is in the &quot;Practice Questions&quot; page" time="8.036">
<system-out><![CDATA[
Given The user has already logged in the home page using stack..............passed
Given The user is on the Stack Page after logged in.........................passed
When The user clicks <Practice Questions> button............................passed
Then The URL of the page should contain "practice"..........................passed
]]></system-out>
</testcase>
<testcase classname="Array page features" name="The user clicks Run on Python Editor of Applications of Array Page without entering code" time="12.176">
<system-out><![CDATA[
Given the user has already logged in the home page using for Array..........passed
Given The user is on the "array/applications-of-array/" Page................passed
And The user clicks Try Here button of "Applications of Array" Page.........passed
And The user is on the "tryEditor" Page.....................................passed
When The user clicks "run" with code "false"................................passed
Then Ouput Displayed "false"................................................passed
And Error message "false"...................................................passed
]]></system-out>
</testcase>
<testcase classname="LinkedList feature" name="Creating Linked List: The user is on the editor page withAlert  error message and click the ok button in the alert window" time="10.887">
<system-out><![CDATA[
Given The user has already logged in the home page using LinkedList.........passed
Given The user clicks <Implement Linked List in Python> button..............passed
And The user clicks on Try Here button......................................passed
And The User writes InValid python code for Linked List page................passed
And The user is on the editor page withAlert  error message for Linked List.passed
When The user click the ok button in the alert window for Linked List.......passed
Then The user is on the page having Editor and Run button...................passed
]]></system-out>
</testcase>
<testcase classname="Tree page features" name="Try Here button of Overview of Trees in Python Page" time="9.128">
<system-out><![CDATA[
Given the user has already logged in the home page using for tree...........passed
Given The user is on the "tree/overview-of-trees/" Page in tree.............passed
When The user clicks Try Here button of "Overview of Trees" Page in tree....passed
Then The user should be redirected to "https://dsportalapp.herokuapp.com/tryEditor" Page in tree.passed
And The Page should have Python Editor in tree..............................passed
]]></system-out>
</testcase>
<testcase classname="Tree page features" name="The user clicks Run on Terminologies Page without entering code" time="10.486">
<system-out><![CDATA[
Given the user has already logged in the home page using for tree...........passed
Given The user is on the "tree/terminologies/" Page in tree.................passed
And The user clicks Try Here button of "Terminologies" Page in tree.........passed
And The user is on the "tryEditor" Page in tree.............................passed
When The user clicks "run" with code "false" in tree........................passed
Then Ouput Displayed "false" in tree........................................passed
And Error message "false" in tree...........................................passed
]]></system-out>
</testcase>
<testcase classname="LinkedList feature" name="Creating Linked List: The user is in the &quot;linked-list&quot; page and click on &quot;Traversal&quot;" time="6.149">
<system-out><![CDATA[
Given The user has already logged in the home page using LinkedList.........passed
Given The user clicks <Traversal> button....................................passed
Then The URL of the page should contain "traversal".........................passed
]]></system-out>
</testcase>
<testcase classname="Array page features" name="The user clicks Run on Python Editor of Applications of Array Page by enterering invalid code" time="9.297">
<system-out><![CDATA[
Given the user has already logged in the home page using for Array..........passed
Given The user is on the "array/applications-of-array/" Page................passed
And The user clicks Try Here button of "Applications of Array" Page.........passed
And The user is on the "tryEditor" Page.....................................passed
When The user writes "invalid" code for "1".................................passed
And The user clicks "run" with code "true"..................................passed
Then Error message "true"...................................................passed
]]></system-out>
</testcase>
<testcase classname="LinkedList feature" name="Creating Linked List: The user clicks Try Here button" time="8.782">
<system-out><![CDATA[
Given The user has already logged in the home page using LinkedList.........passed
Given The user clicks <Traversal> button....................................passed
When The user clicks on Try Here button.....................................passed
Then The user is on the page having Editor and Run button...................passed
]]></system-out>
</testcase>
<testcase classname="Tree page features" name="The user clicks Run on Python Editor of Terminologies Page by enterering invalid code" time="8.302">
<system-out><![CDATA[
Given the user has already logged in the home page using for tree...........passed
Given The user is on the "tree/terminologies/" Page in tree.................passed
And The user clicks Try Here button of "Terminologies" Page in tree.........passed
And The user is on the "tryEditor" Page in tree.............................passed
When The user writes "invalid" code for "1" in tree.........................passed
And The user clicks "run" with code "true" in tree..........................passed
Then Error message "true" in tree...........................................passed
]]></system-out>
</testcase>
<testcase classname="Array page features" name="The user clicks Run on Python Editor of Applications of Array Page and entering valid code" time="13.054">
<system-out><![CDATA[
Given the user has already logged in the home page using for Array..........passed
Given The user is on the "array/applications-of-array/" Page................passed
And The user clicks Try Here button of "Applications of Array" Page.........passed
And The user is on the "tryEditor" Page.....................................passed
When The user writes "valid" code for "1"...................................passed
And The user clicks "run" with code "true"..................................passed
Then Ouput Displayed "true".................................................passed
]]></system-out>
</testcase>
<testcase classname="LinkedList feature" name="Creating Linked List: The user is on the tryEditor page writes Valid python code" time="8.095">
<system-out><![CDATA[
Given The user has already logged in the home page using LinkedList.........passed
Given The user clicks <Traversal> button....................................passed
And The user is on the tryEditor page of Linked List page...................passed
When The User writes Valid python code for Linked List......................passed
And click run button in Linked List.........................................passed
Then User is able to see the output in console in Linked List...............passed
]]></system-out>
</testcase>
<testcase classname="Tree page features" name="The user clicks Run on Python Editor of Terminologies Page and entering valid code" time="9.382">
<system-out><![CDATA[
Given the user has already logged in the home page using for tree...........passed
Given The user is on the "tree/terminologies/" Page in tree.................passed
And The user clicks Try Here button of "Terminologies" Page in tree.........passed
And The user is on the "tryEditor" Page in tree.............................passed
When The user writes "valid" code for "1" in tree...........................passed
And The user clicks "run" with code "true" in tree..........................passed
Then Ouput Displayed "true" in tree.........................................passed
]]></system-out>
</testcase>
<testcase classname="LinkedList feature" name="Creating Linked List: The user is on the tryEditor page writes InValid python code" time="9.689">
<system-out><![CDATA[
Given The user has already logged in the home page using LinkedList.........passed
Given The user clicks <Traversal> button....................................passed
And The user is on the tryEditor page of Linked List page...................passed
When The User writes InValid python code for Linked List page...............passed
And click run button in Linked List.........................................passed
Then User is able to see the error msg in pop up window for Linked List.....passed
]]></system-out>
</testcase>
<testcase classname="Array page features" name="The user clicks Run on Python Editor of Basic Operations in Lists Page without entering code" time="8.976">
<system-out><![CDATA[
Given the user has already logged in the home page using for Array..........passed
Given The user is on the "array/basic-operations-in-lists/" Page............passed
And The user clicks Try Here button of "Basic Operations in Lists" Page.....passed
And The user is on the "tryEditor" Page.....................................passed
When The user clicks "run" with code "fales"................................passed
Then Ouput Displayed "false"................................................passed
And Error message "false"...................................................passed
]]></system-out>
</testcase>
<testcase classname="Tree page features" name="Try Here button of Terminologies in Python Page" time="10.652">
<system-out><![CDATA[
Given the user has already logged in the home page using for tree...........passed
Given The user is on the "tree/terminologies/" Page in tree.................passed
When The user clicks Try Here button of "Terminologies" Page in tree........passed
Then The user should be redirected to "https://dsportalapp.herokuapp.com/tryEditor" Page in tree.passed
And The Page should have Python Editor in tree..............................passed
]]></system-out>
</testcase>
<testcase classname="Array page features" name="The user clicks Run on Python Editor of Basic Operations in Lists Page by enterering invalid code" time="9.963">
<system-out><![CDATA[
Given the user has already logged in the home page using for Array..........passed
Given The user is on the "array/basic-operations-in-lists/" Page............passed
And The user clicks Try Here button of "Basic Operations in Lists" Page.....passed
And The user is on the "tryEditor" Page.....................................passed
When The user writes "invalid" code for "1".................................passed
And The user clicks "run" with code "true"..................................passed
Then Error message "true"...................................................passed
]]></system-out>
</testcase>
<testcase classname="LinkedList feature" name="Creating Linked List: The user is on the editor page withAlert  error message and click the ok button in the alert window" time="8.934">
<system-out><![CDATA[
Given The user has already logged in the home page using LinkedList.........passed
Given The user clicks <Traversal> button....................................passed
And The user clicks on Try Here button......................................passed
And The User writes InValid python code for Linked List page................passed
And The user is on the editor page withAlert  error message for Linked List.passed
When The user click the ok button in the alert window for Linked List.......passed
Then The user is on the page having Editor and Run button...................passed
]]></system-out>
</testcase>
<testcase classname="Tree page features" name="The user clicks Run on types-of-trees Page without entering code" time="8.855">
<system-out><![CDATA[
Given the user has already logged in the home page using for tree...........passed
Given The user is on the "tree/types-of-trees/" Page in tree................passed
And The user clicks Try Here button of "types-of-trees" Page in tree........passed
And The user is on the "tryEditor" Page in tree.............................passed
When The user clicks "run" with code "false" in tree........................passed
Then Ouput Displayed "false" in tree........................................passed
And Error message "false" in tree...........................................passed
]]></system-out>
</testcase>
<testcase classname="LinkedList feature" name="Creating Linked List: The user is in the &quot;linked-list&quot; page and click on &quot;Insertion&quot;" time="5.74">
<system-out><![CDATA[
Given The user has already logged in the home page using LinkedList.........passed
Given The user clicks <Insertion> button....................................passed
Then The URL of the page should contain "insertion-in-linked-list"..........passed
]]></system-out>
</testcase>
<testcase classname="Array page features" name="The user clicks Run on Python Editor of Basic Operations in Lists Page and entering valid code" time="12.283">
<system-out><![CDATA[
Given the user has already logged in the home page using for Array..........passed
Given The user is on the "array/basic-operations-in-lists/" Page............passed
And The user clicks Try Here button of "Basic Operations in Lists" Page.....passed
And The user is on the "tryEditor" Page.....................................passed
When The user writes "valid" code for "1"...................................passed
And The user clicks "run" with code "true"..................................passed
Then Ouput Displayed "true".................................................passed
]]></system-out>
</testcase>
<testcase classname="Tree page features" name="The user clicks Run on Python Editor of Types of Trees Page by enterering invalid code" time="9.449">
<system-out><![CDATA[
Given the user has already logged in the home page using for tree...........passed
Given The user is on the "tree/types-of-trees/" Page in tree................passed
And The user clicks Try Here button of "types-of-trees" Page in tree........passed
And The user is on the "tryEditor" Page in tree.............................passed
When The user writes "invalid" code for "1" in tree.........................passed
And The user clicks "run" with code "true" in tree..........................passed
Then Error message "true" in tree...........................................passed
]]></system-out>
</testcase>
<testcase classname="LinkedList feature" name="Creating Linked List: The user clicks Try Here button" time="7.147">
<system-out><![CDATA[
Given The user has already logged in the home page using LinkedList.........passed
Given The user clicks <Insertion> button....................................passed
When The user clicks on Try Here button.....................................passed
Then The user is on the page having Editor and Run button...................passed
]]></system-out>
</testcase>
<testcase classname="Array page features" name="The user clicks Run on Python Editor of Search the Array Practice Page without entering code" time="8.08">
<system-out><![CDATA[
Given the user has already logged in the home page using for Array..........passed
Given The user is on the "question/1" Page..................................passed
When The user clicks "run" with code "false"................................passed
Then Error message "false"..................................................passed
And Ouput Displayed "false".................................................passed
]]></system-out>
</testcase>
<testcase classname="LinkedList feature" name="Creating Linked List: The user is on the tryEditor page writes Valid python code" time="8.507">
<system-out><![CDATA[
Given The user has already logged in the home page using LinkedList.........passed
Given The user clicks <Insertion> button....................................passed
And The user is on the tryEditor page of Linked List page...................passed
When The User writes Valid python code for Linked List......................passed
And click run button in Linked List.........................................passed
Then User is able to see the output in console in Linked List...............passed
]]></system-out>
</testcase>
<testcase classname="Tree page features" name="The user clicks Run on Python Editor of Types of Trees Page and entering valid code" time="10.542">
<system-out><![CDATA[
Given the user has already logged in the home page using for tree...........passed
Given The user is on the "tree/types-of-trees/" Page in tree................passed
And The user clicks Try Here button of "types-of-trees" Page in tree........passed
And The user is on the "tryEditor" Page in tree.............................passed
When The user writes "valid" code for "1" in tree...........................passed
And The user clicks "run" with code "true" in tree..........................passed
Then Ouput Displayed "true" in tree.........................................passed
]]></system-out>
</testcase>
<testcase classname="Array page features" name="The user clicks Run on Python Editor of Search the Array Practice Page by enterering invalid code" time="8.655">
<system-out><![CDATA[
Given the user has already logged in the home page using for Array..........passed
Given The user is on the "question/1" Page..................................passed
When The user writes "invalid" code for "1".................................passed
And The user clicks "run" with code "true"..................................passed
Then Error message "true"...................................................passed
]]></system-out>
</testcase>
<testcase classname="LinkedList feature" name="Creating Linked List: The user is on the tryEditor page writes InValid python code" time="9.922">
<system-out><![CDATA[
Given The user has already logged in the home page using LinkedList.........passed
Given The user clicks <Insertion> button....................................passed
And The user is on the tryEditor page of Linked List page...................passed
When The User writes InValid python code for Linked List page...............passed
And click run button in Linked List.........................................passed
Then User is able to see the error msg in pop up window for Linked List.....passed
]]></system-out>
</testcase>
<testcase classname="Tree page features" name="Try Here button of Types of Trees in Python Page" time="8.482">
<system-out><![CDATA[
Given the user has already logged in the home page using for tree...........passed
Given The user is on the "tree/types-of-trees/" Page in tree................passed
When The user clicks Try Here button of "types-of-trees" Page in tree.......passed
Then The user should be redirected to "https://dsportalapp.herokuapp.com/tryEditor" Page in tree.passed
And The Page should have Python Editor in tree..............................passed
]]></system-out>
</testcase>
<testcase classname="Array page features" name="The user clicks Run on Python Editor of Search the Array Practice Page and entering valid code" time="12.56">
<system-out><![CDATA[
Given the user has already logged in the home page using for Array..........passed
Given The user is on the "question/1" Page..................................passed
When The user writes "valid" code for "1"...................................passed
And The user clicks "run" with code "true"..................................passed
Then Error message "false"..................................................passed
Then Ouput Displayed "true".................................................passed
]]></system-out>
</testcase>
<testcase classname="LinkedList feature" name="Creating Linked List: The user is on the editor page withAlert  error message and click the ok button in the alert window" time="7.345">
<system-out><![CDATA[
Given The user has already logged in the home page using LinkedList.........passed
Given The user clicks <Insertion> button....................................passed
And The user clicks on Try Here button......................................passed
And The User writes InValid python code for Linked List page................passed
And The user is on the editor page withAlert  error message for Linked List.passed
When The user click the ok button in the alert window for Linked List.......passed
Then The user is on the page having Editor and Run button...................passed
]]></system-out>
</testcase>
<testcase classname="Tree page features" name="The user clicks Run on tree-traversals Page without entering code" time="7.89">
<system-out><![CDATA[
Given the user has already logged in the home page using for tree...........passed
Given The user is on the "tree/tree-traversals/" Page in tree...............passed
And The user clicks Try Here button of "tree-traversals" Page in tree.......passed
And The user is on the "tryEditor" Page in tree.............................passed
When The user clicks "run" with code "false" in tree........................passed
Then Ouput Displayed "false" in tree........................................passed
And Error message "false" in tree...........................................passed
]]></system-out>
</testcase>
<testcase classname="LinkedList feature" name="Creating Linked List: The user is in the &quot;linked-list&quot; page and click on &quot;Deletion&quot;" time="6.578">
<system-out><![CDATA[
Given The user has already logged in the home page using LinkedList.........passed
Given The user clicks <Deletion> button.....................................passed
Then The URL of the page should contain "deletion-in-linked-list"...........passed
]]></system-out>
</testcase>
<testcase classname="Tree page features" name="The user clicks Run on Python Editor of Tree Traversals Page by enterering invalid code" time="7.832">
<system-out><![CDATA[
Given the user has already logged in the home page using for tree...........passed
Given The user is on the "tree/tree-traversals/" Page in tree...............passed
And The user clicks Try Here button of "tree-traversals" Page in tree.......passed
And The user is on the "tryEditor" Page in tree.............................passed
When The user writes "invalid" code for "1" in tree.........................passed
And The user clicks "run" with code "true" in tree..........................passed
Then Error message "true" in tree...........................................passed
]]></system-out>
</testcase>
<testcase classname="Array page features" name="The user clicks Submit on Python Editor of Search the Array Practice Page and entering valid code" time="11.691">
<failure type="java.lang.AssertionError">
<![CDATA[java.lang.AssertionError
	at org.junit.Assert.fail(Assert.java:87)
	at org.junit.Assert.assertTrue(Assert.java:42)
	at org.junit.Assert.assertTrue(Assert.java:53)
	at stepdefinitions.ArrayPageSteps.the_user_see_an_error_message(ArrayPageSteps.java:132)
	at ?.The user see an error message "Error occurred during submission"(file:///C:/Users/14255/OneDrive/Desktop/School/ds%20algo/NoviceNinjas/src/test/resources/AppFeatures/ArrayPage.feature:257)
]]>
</failure>
<system-out><![CDATA[
Given the user has already logged in the home page using for Array..........passed
Given The user is on the "question/1" Page..................................passed
When The user writes "valid" code for "1"...................................passed
And The user clicks "submit" with code "true"...............................passed
Then The user see an error message "Error occurred during submission".......failed
]]></system-out>
</testcase>
<testcase classname="LinkedList feature" name="Creating Linked List: The user clicks Try Here button" time="6.379">
<system-out><![CDATA[
Given The user has already logged in the home page using LinkedList.........passed
Given The user clicks <Deletion> button.....................................passed
When The user clicks on Try Here button.....................................passed
Then The user is on the page having Editor and Run button...................passed
]]></system-out>
</testcase>
<testcase classname="Tree page features" name="The user clicks Run on Python Editor of Tree Traversals Page and entering valid code" time="7.828">
<system-out><![CDATA[
Given the user has already logged in the home page using for tree...........passed
Given The user is on the "tree/tree-traversals/" Page in tree...............passed
And The user clicks Try Here button of "tree-traversals" Page in tree.......passed
And The user is on the "tryEditor" Page in tree.............................passed
When The user writes "valid" code for "1" in tree...........................passed
And The user clicks "run" with code "true" in tree..........................passed
Then Ouput Displayed "true" in tree.........................................passed
]]></system-out>
</testcase>
<testcase classname="LinkedList feature" name="Creating Linked List: The user is on the tryEditor page writes Valid python code" time="7.448">
<system-out><![CDATA[
Given The user has already logged in the home page using LinkedList.........passed
Given The user clicks <Deletion> button.....................................passed
And The user is on the tryEditor page of Linked List page...................passed
When The User writes Valid python code for Linked List......................passed
And click run button in Linked List.........................................passed
Then User is able to see the output in console in Linked List...............passed
]]></system-out>
</testcase>
<testcase classname="Array page features" name="The user clicks Run on Python Editor of Max Consecutive Ones Practice Page without entering code" time="6.718">
<system-out><![CDATA[
Given the user has already logged in the home page using for Array..........passed
Given The user is on the "question/2" Page..................................passed
When The user clicks "run" with code "false"................................passed
Then Error message "false"..................................................passed
And Ouput Displayed "false".................................................passed
]]></system-out>
</testcase>
<testcase classname="Tree page features" name="Try Here button of Tree Traversals in Python Page" time="6.347">
<system-out><![CDATA[
Given the user has already logged in the home page using for tree...........passed
Given The user is on the "tree/tree-traversals/" Page in tree...............passed
When The user clicks Try Here button of "tree-traversals" Page in tree......passed
Then The user should be redirected to "https://dsportalapp.herokuapp.com/tryEditor" Page in tree.passed
And The Page should have Python Editor in tree..............................passed
]]></system-out>
</testcase>
<testcase classname="LinkedList feature" name="Creating Linked List: The user is on the tryEditor page writes InValid python code" time="6.852">
<system-out><![CDATA[
Given The user has already logged in the home page using LinkedList.........passed
Given The user clicks <Deletion> button.....................................passed
And The user is on the tryEditor page of Linked List page...................passed
When The User writes InValid python code for Linked List page...............passed
And click run button in Linked List.........................................passed
Then User is able to see the error msg in pop up window for Linked List.....passed
]]></system-out>
</testcase>
<testcase classname="Array page features" name="The user clicks Run on Python Editor of Max Consecutive Ones Practice Page by enterering invalid code" time="5.915">
<system-out><![CDATA[
Given the user has already logged in the home page using for Array..........passed
Given The user is on the "question/2" Page..................................passed
When The user writes "invalid" code for "2".................................passed
And The user clicks "run" with code "true"..................................passed
Then Error message "true"...................................................passed
]]></system-out>
</testcase>
<testcase classname="Tree page features" name="The user clicks Run on traversals-illustration Page without entering code" time="7.137">
<system-out><![CDATA[
Given the user has already logged in the home page using for tree...........passed
Given The user is on the "tree/traversals-illustration/" Page in tree.......passed
And The user clicks Try Here button of "traversals-illustration" Page in tree.passed
And The user is on the "tryEditor" Page in tree.............................passed
When The user clicks "run" with code "false" in tree........................passed
Then Ouput Displayed "false" in tree........................................passed
And Error message "false" in tree...........................................passed
]]></system-out>
</testcase>
<testcase classname="LinkedList feature" name="Creating Linked List: The user is on the editor page withAlert  error message and click the ok button in the alert window" time="6.903">
<system-out><![CDATA[
Given The user has already logged in the home page using LinkedList.........passed
Given The user clicks <Deletion> button.....................................passed
And The user clicks on Try Here button......................................passed
And The User writes InValid python code for Linked List page................passed
And The user is on the editor page withAlert  error message for Linked List.passed
When The user click the ok button in the alert window for Linked List.......passed
Then The user is on the page having Editor and Run button...................passed
]]></system-out>
</testcase>
<testcase classname="Array page features" name="The user clicks Run on Python Editor of Max Consecutive Ones Practice Page and entering valid code" time="11.15">
<system-out><![CDATA[
Given the user has already logged in the home page using for Array..........passed
Given The user is on the "question/2" Page..................................passed
When The user writes "valid" code for "2"...................................passed
And The user clicks "run" with code "true"..................................passed
Then Error message "false"..................................................passed
Then Ouput Displayed "true".................................................passed
]]></system-out>
</testcase>
<testcase classname="Tree page features" name="The user clicks Run on Python Editor of Traversals-Illustration Page by enterering invalid code" time="8.267">
<system-out><![CDATA[
Given the user has already logged in the home page using for tree...........passed
Given The user is on the "tree/traversals-illustration/" Page in tree.......passed
And The user clicks Try Here button of "traversals-illustration" Page in tree.passed
And The user is on the "tryEditor" Page in tree.............................passed
When The user writes "invalid" code for "1" in tree.........................passed
And The user clicks "run" with code "true" in tree..........................passed
Then Error message "true" in tree...........................................passed
]]></system-out>
</testcase>
<testcase classname="LinkedList feature" name="Creating Linked List: The user is in the &quot;linked-list&quot; page and click on &quot;Practice Questions&quot;" time="4.816">
<system-out><![CDATA[
Given The user has already logged in the home page using LinkedList.........passed
Given The user clicks <Deletion> button.....................................passed
And The user clicks <Practice Questions> button for LL......................passed
Then The URL of the page should contain "practice"..........................passed
]]></system-out>
</testcase>
<testcase classname="Array page features" name="The user clicks Submit on Python Editor of Max Consecutive Ones Practice Page and entering valid code" time="11.001">
<failure type="java.lang.AssertionError">
<![CDATA[java.lang.AssertionError
	at org.junit.Assert.fail(Assert.java:87)
	at org.junit.Assert.assertTrue(Assert.java:42)
	at org.junit.Assert.assertTrue(Assert.java:53)
	at stepdefinitions.ArrayPageSteps.the_user_see_an_error_message(ArrayPageSteps.java:132)
	at ?.The user see an error message "Error occurred during submission"(file:///C:/Users/14255/OneDrive/Desktop/School/ds%20algo/NoviceNinjas/src/test/resources/AppFeatures/ArrayPage.feature:288)
]]>
</failure>
<system-out><![CDATA[
Given the user has already logged in the home page using for Array..........passed
Given The user is on the "question/2" Page..................................passed
When The user writes "valid" code for "2"...................................passed
And The user clicks "submit" with code "true"...............................passed
Then The user see an error message "Error occurred during submission".......failed
]]></system-out>
</testcase>
<testcase classname="Tree page features" name="The user clicks Run on Python Editor of Traversals-Illustration Page and entering valid code" time="7.066">
<system-out><![CDATA[
Given the user has already logged in the home page using for tree...........passed
Given The user is on the "tree/traversals-illustration/" Page in tree.......passed
And The user clicks Try Here button of "traversals-illustration" Page in tree.passed
And The user is on the "tryEditor" Page in tree.............................passed
When The user writes "valid" code for "1" in tree...........................passed
And The user clicks "run" with code "true" in tree..........................passed
Then Ouput Displayed "true" in tree.........................................passed
]]></system-out>
</testcase>
<testcase classname="Tree page features" name="Try Here button of Traversals-Illustration in Python Page" time="5.726">
<system-out><![CDATA[
Given the user has already logged in the home page using for tree...........passed
Given The user is on the "tree/traversals-illustration/" Page in tree.......passed
When The user clicks Try Here button of "traversals-illustration" Page in tree.passed
Then The user should be redirected to "https://dsportalapp.herokuapp.com/tryEditor" Page in tree.passed
And The Page should have Python Editor in tree..............................passed
]]></system-out>
</testcase>
<testcase classname="Array page features" name="The user clicks Run on Python Editor of Find Numbers with Even Number of Digits Practice Page without entering code" time="5.441">
<system-out><![CDATA[
Given the user has already logged in the home page using for Array..........passed
Given The user is on the "question/3" Page..................................passed
When The user clicks "run" with code "false"................................passed
Then Error message "false"..................................................passed
And Ouput Displayed "false".................................................passed
]]></system-out>
</testcase>
<testcase classname="Tree page features" name="The user clicks Run on Binary Trees Page without entering code" time="6.264">
<system-out><![CDATA[
Given the user has already logged in the home page using for tree...........passed
Given The user is on the "tree/binary-trees/" Page in tree..................passed
And The user clicks Try Here button of "Binary Trees" Page in tree..........passed
And The user is on the "tryEditor" Page in tree.............................passed
When The user clicks "run" with code "false" in tree........................passed
Then Ouput Displayed "false" in tree........................................passed
And Error message "false" in tree...........................................passed
]]></system-out>
</testcase>
<testcase classname="Array page features" name="The user clicks Run on Python Editor of Find Numbers with Even Number of Digits Practice Page by enterering invalid code" time="4.987">
<system-out><![CDATA[
Given the user has already logged in the home page using for Array..........passed
Given The user is on the "question/3" Page..................................passed
When The user writes "invalid" code for "3".................................passed
And The user clicks "run" with code "true"..................................passed
Then Error message "true"...................................................passed
]]></system-out>
</testcase>
<testcase classname="Tree page features" name="The user clicks Run on Python Editor of Binary Trees Page by enterering invalid code" time="6.235">
<system-out><![CDATA[
Given the user has already logged in the home page using for tree...........passed
Given The user is on the "tree/binary-trees/" Page in tree..................passed
And The user clicks Try Here button of "Binary Trees" Page in tree..........passed
And The user is on the "tryEditor" Page in tree.............................passed
When The user writes "invalid" code for "1" in tree.........................passed
And The user clicks "run" with code "true" in tree..........................passed
Then Error message "true" in tree...........................................passed
]]></system-out>
</testcase>
<testcase classname="Array page features" name="The user clicks Run on Python Editor of Find Numbers with Even Number of Digits Practice Page and entering valid code" time="9.787">
<system-out><![CDATA[
Given the user has already logged in the home page using for Array..........passed
Given The user is on the "question/3" Page..................................passed
When The user writes "valid" code for "3"...................................passed
And The user clicks "run" with code "true"..................................passed
Then Error message "false"..................................................passed
Then Ouput Displayed "true".................................................passed
]]></system-out>
</testcase>
<testcase classname="Tree page features" name="The user clicks Run on Python Editor of Binary Trees Page and entering valid code" time="7.529">
<system-out><![CDATA[
Given the user has already logged in the home page using for tree...........passed
Given The user is on the "tree/binary-trees/" Page in tree..................passed
And The user clicks Try Here button of "Binary Trees" Page in tree..........passed
And The user is on the "tryEditor" Page in tree.............................passed
When The user writes "valid" code for "1" in tree...........................passed
And The user clicks "run" with code "true" in tree..........................passed
Then Ouput Displayed "true" in tree.........................................passed
]]></system-out>
</testcase>
<testcase classname="Array page features" name="The user clicks Submit on Python Editor of Find Numbers with Even Number of Digits Practice Page and entering valid code" time="9.416">
<failure type="java.lang.AssertionError">
<![CDATA[java.lang.AssertionError
	at org.junit.Assert.fail(Assert.java:87)
	at org.junit.Assert.assertTrue(Assert.java:42)
	at org.junit.Assert.assertTrue(Assert.java:53)
	at stepdefinitions.ArrayPageSteps.the_user_see_an_error_message(ArrayPageSteps.java:132)
	at ?.The user see an error message "Error occurred during submission"(file:///C:/Users/14255/OneDrive/Desktop/School/ds%20algo/NoviceNinjas/src/test/resources/AppFeatures/ArrayPage.feature:319)
]]>
</failure>
<system-out><![CDATA[
Given the user has already logged in the home page using for Array..........passed
Given The user is on the "question/3" Page..................................passed
When The user writes "valid" code for "3"...................................passed
And The user clicks "submit" with code "true"...............................passed
Then The user see an error message "Error occurred during submission".......failed
]]></system-out>
</testcase>
<testcase classname="Tree page features" name="Try Here button of Binary Trees in Python Page" time="5.682">
<system-out><![CDATA[
Given the user has already logged in the home page using for tree...........passed
Given The user is on the "tree/binary-trees/" Page in tree..................passed
When The user clicks Try Here button of "Binary Trees" Page in tree.........passed
Then The user should be redirected to "https://dsportalapp.herokuapp.com/tryEditor" Page in tree.passed
And The Page should have Python Editor in tree..............................passed
]]></system-out>
</testcase>
<testcase classname="Tree page features" name="The user clicks Run on Types of Binary Trees Page without entering code" time="7.05">
<system-out><![CDATA[
Given the user has already logged in the home page using for tree...........passed
Given The user is on the "tree/types-of-binary-trees/" Page in tree.........passed
And The user clicks Try Here button of "Types of Binary Trees" Page in tree.passed
And The user is on the "tryEditor" Page in tree.............................passed
When The user clicks "run" with code "false" in tree........................passed
Then Ouput Displayed "false" in tree........................................passed
And Error message "false" in tree...........................................passed
]]></system-out>
</testcase>
<testcase classname="Array page features" name="The user clicks Run on Python Editor of Squares of a Sorted Array Practice Page without entering code" time="5.252">
<system-out><![CDATA[
Given the user has already logged in the home page using for Array..........passed
Given The user is on the "question/4" Page..................................passed
When The user clicks "run" with code "false"................................passed
Then Error message "false"..................................................passed
And Ouput Displayed "false".................................................passed
]]></system-out>
</testcase>
<testcase classname="Array page features" name="The user clicks Run on Python Editor of Squares of a Sorted Array Practice Page by enterering invalid code" time="5.41">
<system-out><![CDATA[
Given the user has already logged in the home page using for Array..........passed
Given The user is on the "question/4" Page..................................passed
When The user writes "invalid" code for "4".................................passed
And The user clicks "run" with code "true"..................................passed
Then Error message "true"...................................................passed
]]></system-out>
</testcase>
<testcase classname="Tree page features" name="The user clicks Run on Python Editor of Types of Binary Trees Page by enterering invalid code" time="6.047">
<system-out><![CDATA[
Given the user has already logged in the home page using for tree...........passed
Given The user is on the "tree/types-of-binary-trees/" Page in tree.........passed
And The user clicks Try Here button of "Types of Binary Trees" Page in tree.passed
And The user is on the "tryEditor" Page in tree.............................passed
When The user writes "invalid" code for "1" in tree.........................passed
And The user clicks "run" with code "true" in tree..........................passed
Then Error message "true" in tree...........................................passed
]]></system-out>
</testcase>
<testcase classname="Array page features" name="The user clicks Run on Python Editor of Squares of a Sorted Array Practice Page and entering valid code" time="12.445">
<system-out><![CDATA[
Given the user has already logged in the home page using for Array..........passed
Given The user is on the "question/4" Page..................................passed
When The user writes "valid" code for "4"...................................passed
And The user clicks "run" with code "true"..................................passed
Then Error message "false"..................................................passed
Then Ouput Displayed "true".................................................passed
]]></system-out>
</testcase>
<testcase classname="Tree page features" name="The user clicks Run on Python Editor of Types of Binary Trees Page and entering valid code" time="6.044">
<system-out><![CDATA[
Given the user has already logged in the home page using for tree...........passed
Given The user is on the "tree/types-of-binary-trees/" Page in tree.........passed
And The user clicks Try Here button of "Types of Binary Trees" Page in tree.passed
And The user is on the "tryEditor" Page in tree.............................passed
When The user writes "valid" code for "1" in tree...........................passed
And The user clicks "run" with code "true" in tree..........................passed
Then Ouput Displayed "true" in tree.........................................passed
]]></system-out>
</testcase>
<testcase classname="Tree page features" name="Try Here button of Types of Binary Trees in Python Page" time="7.827">
<system-out><![CDATA[
Given the user has already logged in the home page using for tree...........passed
Given The user is on the "tree/types-of-binary-trees/" Page in tree.........passed
When The user clicks Try Here button of "Types of Binary Trees" Page in tree.passed
Then The user should be redirected to "https://dsportalapp.herokuapp.com/tryEditor" Page in tree.passed
And The Page should have Python Editor in tree..............................passed
]]></system-out>
</testcase>
<testcase classname="Array page features" name="The user clicks Submit on Python Editor of Squares of a Sorted Array Practice Page and entering valid code" time="19.868">
<failure type="java.lang.AssertionError">
<![CDATA[java.lang.AssertionError
	at org.junit.Assert.fail(Assert.java:87)
	at org.junit.Assert.assertTrue(Assert.java:42)
	at org.junit.Assert.assertTrue(Assert.java:53)
	at stepdefinitions.ArrayPageSteps.the_user_see_an_error_message(ArrayPageSteps.java:132)
	at ?.The user see an error message "Error occurred during submission"(file:///C:/Users/14255/OneDrive/Desktop/School/ds%20algo/NoviceNinjas/src/test/resources/AppFeatures/ArrayPage.feature:350)
]]>
</failure>
<system-out><![CDATA[
Given the user has already logged in the home page using for Array..........passed
Given The user is on the "question/4" Page..................................passed
When The user writes "valid" code for "4"...................................passed
And The user clicks "submit" with code "true"...............................passed
Then The user see an error message "Error occurred during submission".......failed
]]></system-out>
</testcase>
<testcase classname="Tree page features" name="The user clicks Run on Implementation in Python Page without entering code" time="10.7">
<system-out><![CDATA[
Given the user has already logged in the home page using for tree...........passed
Given The user is on the "tree/implementation-in-python/" Page in tree......passed
And The user clicks Try Here button of "Implementation in Python" Page in tree.passed
And The user is on the "tryEditor" Page in tree.............................passed
When The user clicks "run" with code "false" in tree........................passed
Then Ouput Displayed "false" in tree........................................passed
And Error message "false" in tree...........................................passed
]]></system-out>
</testcase>
<testcase classname="Tree page features" name="The user clicks Run on Python Editor of Implementation in Python Page by enterering invalid code" time="7.982">
<system-out><![CDATA[
Given the user has already logged in the home page using for tree...........passed
Given The user is on the "tree/implementation-in-python/" Page in tree......passed
And The user clicks Try Here button of "Implementation in Python" Page in tree.passed
And The user is on the "tryEditor" Page in tree.............................passed
When The user writes "invalid" code for "1" in tree.........................passed
And The user clicks "run" with code "true" in tree..........................passed
Then Error message "true" in tree...........................................passed
]]></system-out>
</testcase>
<testcase classname="Tree page features" name="The user clicks Run on Python Editor of Implementation in Python Page and entering valid code" time="5.713">
<system-out><![CDATA[
Given the user has already logged in the home page using for tree...........passed
Given The user is on the "tree/implementation-in-python/" Page in tree......passed
And The user clicks Try Here button of "Implementation in Python" Page in tree.passed
And The user is on the "tryEditor" Page in tree.............................passed
When The user writes "valid" code for "1" in tree...........................passed
And The user clicks "run" with code "true" in tree..........................passed
Then Ouput Displayed "true" in tree.........................................passed
]]></system-out>
</testcase>
<testcase classname="Tree page features" name="Try Here button of Implementation in Python in Python Page" time="4.248">
<system-out><![CDATA[
Given the user has already logged in the home page using for tree...........passed
Given The user is on the "tree/implementation-in-python/" Page in tree......passed
When The user clicks Try Here button of "Implementation in Python" Page in tree.passed
Then The user should be redirected to "https://dsportalapp.herokuapp.com/tryEditor" Page in tree.passed
And The Page should have Python Editor in tree..............................passed
]]></system-out>
</testcase>
<testcase classname="Tree page features" name="The user clicks Run on Binary Tree Traversals Page without entering code" time="4.737">
<system-out><![CDATA[
Given the user has already logged in the home page using for tree...........passed
Given The user is on the "tree/binary-tree-traversals/" Page in tree........passed
And The user clicks Try Here button of "Binary Tree Traversals" Page in tree.passed
And The user is on the "tryEditor" Page in tree.............................passed
When The user clicks "run" with code "false" in tree........................passed
Then Ouput Displayed "false" in tree........................................passed
And Error message "false" in tree...........................................passed
]]></system-out>
</testcase>
<testcase classname="Tree page features" name="The user clicks Run on Python Editor of Binary Tree Traversals Page by enterering invalid code" time="5.03">
<system-out><![CDATA[
Given the user has already logged in the home page using for tree...........passed
Given The user is on the "tree/binary-tree-traversals/" Page in tree........passed
And The user clicks Try Here button of "Binary Tree Traversals" Page in tree.passed
And The user is on the "tryEditor" Page in tree.............................passed
When The user writes "invalid" code for "1" in tree.........................passed
And The user clicks "run" with code "true" in tree..........................passed
Then Error message "true" in tree...........................................passed
]]></system-out>
</testcase>
<testcase classname="Tree page features" name="The user clicks Run on Python Editor of Binary Tree Traversals Page and entering valid code" time="5.221">
<system-out><![CDATA[
Given the user has already logged in the home page using for tree...........passed
Given The user is on the "tree/binary-tree-traversals/" Page in tree........passed
And The user clicks Try Here button of "Binary Tree Traversals" Page in tree.passed
And The user is on the "tryEditor" Page in tree.............................passed
When The user writes "valid" code for "1" in tree...........................passed
And The user clicks "run" with code "true" in tree..........................passed
Then Ouput Displayed "true" in tree.........................................passed
]]></system-out>
</testcase>
<testcase classname="Tree page features" name="Try Here button of Binary Tree Traversals in Python Page" time="4.353">
<system-out><![CDATA[
Given the user has already logged in the home page using for tree...........passed
Given The user is on the "tree/binary-tree-traversals/" Page in tree........passed
When The user clicks Try Here button of "Binary Tree Traversals" Page in tree.passed
Then The user should be redirected to "https://dsportalapp.herokuapp.com/tryEditor" Page in tree.passed
And The Page should have Python Editor in tree..............................passed
]]></system-out>
</testcase>
<testcase classname="Tree page features" name="The user clicks Run on Applications of Binary trees Page without entering code" time="4.631">
<system-out><![CDATA[
Given the user has already logged in the home page using for tree...........passed
Given The user is on the "tree/applications-of-binary-trees/" Page in tree..passed
And The user clicks Try Here button of "Applications of Binary trees" Page in tree.passed
And The user is on the "tryEditor" Page in tree.............................passed
When The user clicks "run" with code "false" in tree........................passed
Then Ouput Displayed "false" in tree........................................passed
And Error message "false" in tree...........................................passed
]]></system-out>
</testcase>
<testcase classname="Tree page features" name="The user clicks Run on Python Editor of Applications of Binary trees Page by enterering invalid code" time="4.666">
<system-out><![CDATA[
Given the user has already logged in the home page using for tree...........passed
Given The user is on the "tree/applications-of-binary-trees/" Page in tree..passed
And The user clicks Try Here button of "Applications of Binary trees" Page in tree.passed
And The user is on the "tryEditor" Page in tree.............................passed
When The user writes "invalid" code for "1" in tree.........................passed
And The user clicks "run" with code "true" in tree..........................passed
Then Error message "true" in tree...........................................passed
]]></system-out>
</testcase>
<testcase classname="Tree page features" name="The user clicks Run on Python Editor of Applications of Binary trees Page and entering valid code" time="4.884">
<system-out><![CDATA[
Given the user has already logged in the home page using for tree...........passed
Given The user is on the "tree/applications-of-binary-trees/" Page in tree..passed
And The user clicks Try Here button of "Applications of Binary trees" Page in tree.passed
And The user is on the "tryEditor" Page in tree.............................passed
When The user writes "valid" code for "1" in tree...........................passed
And The user clicks "run" with code "true" in tree..........................passed
Then Ouput Displayed "true" in tree.........................................passed
]]></system-out>
</testcase>
<testcase classname="Tree page features" name="Try Here button of Applications of Binary trees in Python Page" time="4.228">
<system-out><![CDATA[
Given the user has already logged in the home page using for tree...........passed
Given The user is on the "tree/applications-of-binary-trees/" Page in tree..passed
When The user clicks Try Here button of "Applications of Binary trees" Page in tree.passed
Then The user should be redirected to "https://dsportalapp.herokuapp.com/tryEditor" Page in tree.passed
And The Page should have Python Editor in tree..............................passed
]]></system-out>
</testcase>
<testcase classname="Tree page features" name="The user clicks Run on Implementation of Binary Trees Page without entering code" time="4.719">
<system-out><![CDATA[
Given the user has already logged in the home page using for tree...........passed
Given The user is on the "tree/implementation-of-binary-trees/" Page in tree.passed
And The user clicks Try Here button of "Implementation of Binary Trees" Page in tree.passed
And The user is on the "tryEditor" Page in tree.............................passed
When The user clicks "run" with code "false" in tree........................passed
Then Ouput Displayed "false" in tree........................................passed
And Error message "false" in tree...........................................passed
]]></system-out>
</testcase>
<testcase classname="Tree page features" name="The user clicks Run on Python Editor of Implementation of Binary Trees Page by enterering invalid code" time="4.62">
<system-out><![CDATA[
Given the user has already logged in the home page using for tree...........passed
Given The user is on the "tree/implementation-of-binary-trees/" Page in tree.passed
And The user clicks Try Here button of "Implementation of Binary Trees" Page in tree.passed
And The user is on the "tryEditor" Page in tree.............................passed
When The user writes "invalid" code for "1" in tree.........................passed
And The user clicks "run" with code "true" in tree..........................passed
Then Error message "true" in tree...........................................passed
]]></system-out>
</testcase>
<testcase classname="Tree page features" name="The user clicks Run on Python Editor of Implementation of Binary Trees Page and entering valid code" time="4.924">
<system-out><![CDATA[
Given the user has already logged in the home page using for tree...........passed
Given The user is on the "tree/implementation-of-binary-trees/" Page in tree.passed
And The user clicks Try Here button of "Implementation of Binary Trees" Page in tree.passed
And The user is on the "tryEditor" Page in tree.............................passed
When The user writes "valid" code for "1" in tree...........................passed
And The user clicks "run" with code "true" in tree..........................passed
Then Ouput Displayed "true" in tree.........................................passed
]]></system-out>
</testcase>
<testcase classname="Tree page features" name="Try Here button of Implementation of Binary Trees in Python Page" time="4.159">
<system-out><![CDATA[
Given the user has already logged in the home page using for tree...........passed
Given The user is on the "tree/implementation-of-binary-trees/" Page in tree.passed
When The user clicks Try Here button of "Implementation of Binary Trees" Page in tree.passed
Then The user should be redirected to "https://dsportalapp.herokuapp.com/tryEditor" Page in tree.passed
And The Page should have Python Editor in tree..............................passed
]]></system-out>
</testcase>
<testcase classname="Tree page features" name="The user clicks Run on Binary Search Trees Page without entering code" time="4.985">
<system-out><![CDATA[
Given the user has already logged in the home page using for tree...........passed
Given The user is on the "tree/binary-search-trees/" Page in tree...........passed
And The user clicks Try Here button of "Binary Search Trees" Page in tree...passed
And The user is on the "tryEditor" Page in tree.............................passed
When The user clicks "run" with code "false" in tree........................passed
Then Ouput Displayed "false" in tree........................................passed
And Error message "false" in tree...........................................passed
]]></system-out>
</testcase>
<testcase classname="Tree page features" name="The user clicks Run on Python Editor of Binary Search Trees Page by enterering invalid code" time="4.964">
<system-out><![CDATA[
Given the user has already logged in the home page using for tree...........passed
Given The user is on the "tree/binary-search-trees/" Page in tree...........passed
And The user clicks Try Here button of "Binary Search Trees" Page in tree...passed
And The user is on the "tryEditor" Page in tree.............................passed
When The user writes "invalid" code for "1" in tree.........................passed
And The user clicks "run" with code "true" in tree..........................passed
Then Error message "true" in tree...........................................passed
]]></system-out>
</testcase>
<testcase classname="Tree page features" name="The user clicks Run on Python Editor of Binary Search Trees Page and entering valid code" time="5.11">
<system-out><![CDATA[
Given the user has already logged in the home page using for tree...........passed
Given The user is on the "tree/binary-search-trees/" Page in tree...........passed
And The user clicks Try Here button of "Binary Search Trees" Page in tree...passed
And The user is on the "tryEditor" Page in tree.............................passed
When The user writes "valid" code for "1" in tree...........................passed
And The user clicks "run" with code "true" in tree..........................passed
Then Ouput Displayed "true" in tree.........................................passed
]]></system-out>
</testcase>
<testcase classname="Tree page features" name="Try Here button of Binary Search Trees in Python Page" time="4.225">
<system-out><![CDATA[
Given the user has already logged in the home page using for tree...........passed
Given The user is on the "tree/binary-search-trees/" Page in tree...........passed
When The user clicks Try Here button of "Binary Search Trees" Page in tree..passed
Then The user should be redirected to "https://dsportalapp.herokuapp.com/tryEditor" Page in tree.passed
And The Page should have Python Editor in tree..............................passed
]]></system-out>
</testcase>
<testcase classname="Tree page features" name="The user clicks Run on Implementation Of BST Page without entering code" time="4.586">
<system-out><![CDATA[
Given the user has already logged in the home page using for tree...........passed
Given The user is on the "tree/implementation-of-bst/" Page in tree.........passed
And The user clicks Try Here button of "Implementation Of BST" Page in tree.passed
And The user is on the "tryEditor" Page in tree.............................passed
When The user clicks "run" with code "false" in tree........................passed
Then Ouput Displayed "false" in tree........................................passed
And Error message "false" in tree...........................................passed
]]></system-out>
</testcase>
<testcase classname="Tree page features" name="The user clicks Run on Python Editor of Implementation Of BST Page by enterering invalid code" time="4.578">
<system-out><![CDATA[
Given the user has already logged in the home page using for tree...........passed
Given The user is on the "tree/implementation-of-bst/" Page in tree.........passed
And The user clicks Try Here button of "Implementation Of BST" Page in tree.passed
And The user is on the "tryEditor" Page in tree.............................passed
When The user writes "invalid" code for "1" in tree.........................passed
And The user clicks "run" with code "true" in tree..........................passed
Then Error message "true" in tree...........................................passed
]]></system-out>
</testcase>
<testcase classname="Tree page features" name="The user clicks Run on Python Editor of Implementation Of BST Page and entering valid code" time="5.031">
<system-out><![CDATA[
Given the user has already logged in the home page using for tree...........passed
Given The user is on the "tree/implementation-of-bst/" Page in tree.........passed
And The user clicks Try Here button of "Implementation Of BST" Page in tree.passed
And The user is on the "tryEditor" Page in tree.............................passed
When The user writes "valid" code for "1" in tree...........................passed
And The user clicks "run" with code "true" in tree..........................passed
Then Ouput Displayed "true" in tree.........................................passed
]]></system-out>
</testcase>
<testcase classname="Tree page features" name="Try Here button of Implementation Of BST in Python Page" time="4.224">
<system-out><![CDATA[
Given the user has already logged in the home page using for tree...........passed
Given The user is on the "tree/implementation-of-bst/" Page in tree.........passed
When The user clicks Try Here button of "Implementation Of BST" Page in tree.passed
Then The user should be redirected to "https://dsportalapp.herokuapp.com/tryEditor" Page in tree.passed
And The Page should have Python Editor in tree..............................passed
]]></system-out>
</testcase>
<testcase classname="Tree page features" name="Practice question page with links" time="4.51">
<system-out><![CDATA[
Given the user has already logged in the home page using for tree...........passed
Given The user is on the "tree/overview-of-trees/" Page in tree.............passed
When The user clicks a "Practice Questions" link in tree....................passed
Then The user should be redirected to "tree/practice" Page in tree..........passed
]]></system-out>
</testcase>
<testcase classname="Tree page features" name="Alert of tree Page by enterering invalid code" time="8.205">
<system-out><![CDATA[
Given the user has already logged in the home page using for tree...........passed
Given The user is on the "tree/overview-of-trees/" Page in tree.............passed
And The user clicks Try Here button of "Tree" Page in tree..................passed
And The user is on the "tryEditor" Page in tree.............................passed
When The user writes "invalid" code for "1" in tree.........................passed
And The user clicks "run" with code "true" in tree..........................passed
And Error message "true" in tree............................................passed
And The user clicks ok on alert in tree.....................................passed
Then The user is on the "tree/overview-of-trees/" Page in tree..............passed
And No change in code in tree...............................................passed
]]></system-out>
</testcase>
<testcase classname="Tree page features" name="Practice question page with links" time="5.384">
<system-out><![CDATA[
Given the user has already logged in the home page using for tree...........passed
Given The user is on the "tree/terminologies/" Page in tree.................passed
When The user clicks a "Practice Questions" link in tree....................passed
Then The user should be redirected to "tree/practice" Page in tree..........passed
]]></system-out>
</testcase>
<testcase classname="Tree page features" name="Alert of tree Page by enterering invalid code" time="7.156">
<system-out><![CDATA[
Given the user has already logged in the home page using for tree...........passed
Given The user is on the "tree/terminologies/" Page in tree.................passed
And The user clicks Try Here button of "Tree" Page in tree..................passed
And The user is on the "tryEditor" Page in tree.............................passed
When The user writes "invalid" code for "1" in tree.........................passed
And The user clicks "run" with code "true" in tree..........................passed
And Error message "true" in tree............................................passed
And The user clicks ok on alert in tree.....................................passed
Then The user is on the "tree/terminologies/" Page in tree..................passed
And No change in code in tree...............................................passed
]]></system-out>
</testcase>
<testcase classname="Tree page features" name="Practice question page with links" time="3.75">
<system-out><![CDATA[
Given the user has already logged in the home page using for tree...........passed
Given The user is on the "tree/types-of-trees/" Page in tree................passed
When The user clicks a "Practice Questions" link in tree....................passed
Then The user should be redirected to "tree/practice" Page in tree..........passed
]]></system-out>
</testcase>
<testcase classname="Tree page features" name="Alert of tree Page by enterering invalid code" time="5.875">
<system-out><![CDATA[
Given the user has already logged in the home page using for tree...........passed
Given The user is on the "tree/types-of-trees/" Page in tree................passed
And The user clicks Try Here button of "Tree" Page in tree..................passed
And The user is on the "tryEditor" Page in tree.............................passed
When The user writes "invalid" code for "1" in tree.........................passed
And The user clicks "run" with code "true" in tree..........................passed
And Error message "true" in tree............................................passed
And The user clicks ok on alert in tree.....................................passed
Then The user is on the "tree/types-of-trees/" Page in tree.................passed
And No change in code in tree...............................................passed
]]></system-out>
</testcase>
<testcase classname="Tree page features" name="Practice question page with links" time="3.109">
<system-out><![CDATA[
Given the user has already logged in the home page using for tree...........passed
Given The user is on the "tree/tree-traversals/" Page in tree...............passed
When The user clicks a "Practice Questions" link in tree....................passed
Then The user should be redirected to "tree/practice" Page in tree..........passed
]]></system-out>
</testcase>
<testcase classname="Tree page features" name="Alert of tree Page by enterering invalid code" time="5.959">
<system-out><![CDATA[
Given the user has already logged in the home page using for tree...........passed
Given The user is on the "tree/tree-traversals/" Page in tree...............passed
And The user clicks Try Here button of "Tree" Page in tree..................passed
And The user is on the "tryEditor" Page in tree.............................passed
When The user writes "invalid" code for "1" in tree.........................passed
And The user clicks "run" with code "true" in tree..........................passed
And Error message "true" in tree............................................passed
And The user clicks ok on alert in tree.....................................passed
Then The user is on the "tree/tree-traversals/" Page in tree................passed
And No change in code in tree...............................................passed
]]></system-out>
</testcase>
<testcase classname="Tree page features" name="Practice question page with links" time="3.28">
<system-out><![CDATA[
Given the user has already logged in the home page using for tree...........passed
Given The user is on the "tree/traversals-illustration/" Page in tree.......passed
When The user clicks a "Practice Questions" link in tree....................passed
Then The user should be redirected to "tree/practice" Page in tree..........passed
]]></system-out>
</testcase>
<testcase classname="Tree page features" name="Alert of tree Page by enterering invalid code" time="5.695">
<system-out><![CDATA[
Given the user has already logged in the home page using for tree...........passed
Given The user is on the "tree/traversals-illustration/" Page in tree.......passed
And The user clicks Try Here button of "Tree" Page in tree..................passed
And The user is on the "tryEditor" Page in tree.............................passed
When The user writes "invalid" code for "1" in tree.........................passed
And The user clicks "run" with code "true" in tree..........................passed
And Error message "true" in tree............................................passed
And The user clicks ok on alert in tree.....................................passed
Then The user is on the "tree/traversals-illustration/" Page in tree........passed
And No change in code in tree...............................................passed
]]></system-out>
</testcase>
<testcase classname="Tree page features" name="Practice question page with links" time="3.367">
<system-out><![CDATA[
Given the user has already logged in the home page using for tree...........passed
Given The user is on the "tree/binary-trees/" Page in tree..................passed
When The user clicks a "Practice Questions" link in tree....................passed
Then The user should be redirected to "tree/practice" Page in tree..........passed
]]></system-out>
</testcase>
<testcase classname="Tree page features" name="Alert of tree Page by enterering invalid code" time="5.948">
<system-out><![CDATA[
Given the user has already logged in the home page using for tree...........passed
Given The user is on the "tree/binary-trees/" Page in tree..................passed
And The user clicks Try Here button of "Tree" Page in tree..................passed
And The user is on the "tryEditor" Page in tree.............................passed
When The user writes "invalid" code for "1" in tree.........................passed
And The user clicks "run" with code "true" in tree..........................passed
And Error message "true" in tree............................................passed
And The user clicks ok on alert in tree.....................................passed
Then The user is on the "tree/binary-trees/" Page in tree...................passed
And No change in code in tree...............................................passed
]]></system-out>
</testcase>
<testcase classname="Tree page features" name="Practice question page with links" time="3.298">
<system-out><![CDATA[
Given the user has already logged in the home page using for tree...........passed
Given The user is on the "tree/types-of-binary-trees/" Page in tree.........passed
When The user clicks a "Practice Questions" link in tree....................passed
Then The user should be redirected to "tree/practice" Page in tree..........passed
]]></system-out>
</testcase>
<testcase classname="Tree page features" name="Alert of tree Page by enterering invalid code" time="5.849">
<system-out><![CDATA[
Given the user has already logged in the home page using for tree...........passed
Given The user is on the "tree/types-of-binary-trees/" Page in tree.........passed
And The user clicks Try Here button of "Tree" Page in tree..................passed
And The user is on the "tryEditor" Page in tree.............................passed
When The user writes "invalid" code for "1" in tree.........................passed
And The user clicks "run" with code "true" in tree..........................passed
And Error message "true" in tree............................................passed
And The user clicks ok on alert in tree.....................................passed
Then The user is on the "tree/types-of-binary-trees/" Page in tree..........passed
And No change in code in tree...............................................passed
]]></system-out>
</testcase>
<testcase classname="Tree page features" name="Practice question page with links" time="3.415">
<system-out><![CDATA[
Given the user has already logged in the home page using for tree...........passed
Given The user is on the "tree/implementation-in-python/" Page in tree......passed
When The user clicks a "Practice Questions" link in tree....................passed
Then The user should be redirected to "tree/practice" Page in tree..........passed
]]></system-out>
</testcase>
<testcase classname="Tree page features" name="Alert of tree Page by enterering invalid code" time="7.763">
<system-out><![CDATA[
Given the user has already logged in the home page using for tree...........passed
Given The user is on the "tree/implementation-in-python/" Page in tree......passed
And The user clicks Try Here button of "Tree" Page in tree..................passed
And The user is on the "tryEditor" Page in tree.............................passed
When The user writes "invalid" code for "1" in tree.........................passed
And The user clicks "run" with code "true" in tree..........................passed
And Error message "true" in tree............................................passed
And The user clicks ok on alert in tree.....................................passed
Then The user is on the "tree/implementation-in-python/" Page in tree.......passed
And No change in code in tree...............................................passed
]]></system-out>
</testcase>
<testcase classname="Tree page features" name="Practice question page with links" time="3.346">
<system-out><![CDATA[
Given the user has already logged in the home page using for tree...........passed
Given The user is on the "tree/binary-tree-traversals/" Page in tree........passed
When The user clicks a "Practice Questions" link in tree....................passed
Then The user should be redirected to "tree/practice" Page in tree..........passed
]]></system-out>
</testcase>
<testcase classname="Tree page features" name="Alert of tree Page by enterering invalid code" time="5.665">
<system-out><![CDATA[
Given the user has already logged in the home page using for tree...........passed
Given The user is on the "tree/binary-tree-traversals/" Page in tree........passed
And The user clicks Try Here button of "Tree" Page in tree..................passed
And The user is on the "tryEditor" Page in tree.............................passed
When The user writes "invalid" code for "1" in tree.........................passed
And The user clicks "run" with code "true" in tree..........................passed
And Error message "true" in tree............................................passed
And The user clicks ok on alert in tree.....................................passed
Then The user is on the "tree/binary-tree-traversals/" Page in tree.........passed
And No change in code in tree...............................................passed
]]></system-out>
</testcase>
<testcase classname="Tree page features" name="Practice question page with links" time="3.748">
<system-out><![CDATA[
Given the user has already logged in the home page using for tree...........passed
Given The user is on the "tree/implementation-of-binary-trees/" Page in tree.passed
When The user clicks a "Practice Questions" link in tree....................passed
Then The user should be redirected to "tree/practice" Page in tree..........passed
]]></system-out>
</testcase>
<testcase classname="Tree page features" name="Alert of tree Page by enterering invalid code" time="5.606">
<system-out><![CDATA[
Given the user has already logged in the home page using for tree...........passed
Given The user is on the "tree/implementation-of-binary-trees/" Page in tree.passed
And The user clicks Try Here button of "Tree" Page in tree..................passed
And The user is on the "tryEditor" Page in tree.............................passed
When The user writes "invalid" code for "1" in tree.........................passed
And The user clicks "run" with code "true" in tree..........................passed
And Error message "true" in tree............................................passed
And The user clicks ok on alert in tree.....................................passed
Then The user is on the "tree/implementation-of-binary-trees/" Page in tree.passed
And No change in code in tree...............................................passed
]]></system-out>
</testcase>
<testcase classname="Tree page features" name="Practice question page with links" time="3.126">
<system-out><![CDATA[
Given the user has already logged in the home page using for tree...........passed
Given The user is on the "tree/applications-of-binary-trees/" Page in tree..passed
When The user clicks a "Practice Questions" link in tree....................passed
Then The user should be redirected to "tree/practice" Page in tree..........passed
]]></system-out>
</testcase>
<testcase classname="Tree page features" name="Alert of tree Page by enterering invalid code" time="6.074">
<system-out><![CDATA[
Given the user has already logged in the home page using for tree...........passed
Given The user is on the "tree/applications-of-binary-trees/" Page in tree..passed
And The user clicks Try Here button of "Tree" Page in tree..................passed
And The user is on the "tryEditor" Page in tree.............................passed
When The user writes "invalid" code for "1" in tree.........................passed
And The user clicks "run" with code "true" in tree..........................passed
And Error message "true" in tree............................................passed
And The user clicks ok on alert in tree.....................................passed
Then The user is on the "tree/applications-of-binary-trees/" Page in tree...passed
And No change in code in tree...............................................passed
]]></system-out>
</testcase>
<testcase classname="Tree page features" name="Practice question page with links" time="3.253">
<system-out><![CDATA[
Given the user has already logged in the home page using for tree...........passed
Given The user is on the "tree/binary-search-trees/" Page in tree...........passed
When The user clicks a "Practice Questions" link in tree....................passed
Then The user should be redirected to "tree/practice" Page in tree..........passed
]]></system-out>
</testcase>
<testcase classname="Tree page features" name="Alert of tree Page by enterering invalid code" time="5.466">
<system-out><![CDATA[
Given the user has already logged in the home page using for tree...........passed
Given The user is on the "tree/binary-search-trees/" Page in tree...........passed
And The user clicks Try Here button of "Tree" Page in tree..................passed
When The user writes "invalid" code for "1" in tree.........................passed
And The user clicks "run" with code "true" in tree..........................passed
And Error message "true" in tree............................................passed
And The user clicks ok on alert in tree.....................................passed
Then The user is on the "tree/binary-search-trees/" Page in tree............passed
And The user is on the "tryEditor" Page in tree.............................passed
And No change in code in tree...............................................passed
]]></system-out>
</testcase>
<testcase classname="Tree page features" name="Practice question page with links" time="3.24">
<system-out><![CDATA[
Given the user has already logged in the home page using for tree...........passed
Given The user is on the "tree/implementation-of-bst/" Page in tree.........passed
When The user clicks a "Practice Questions" link in tree....................passed
Then The user should be redirected to "tree/practice" Page in tree..........passed
]]></system-out>
</testcase>
<testcase classname="Tree page features" name="Alert of tree Page by enterering invalid code" time="5.887">
<system-out><![CDATA[
Given the user has already logged in the home page using for tree...........passed
Given The user is on the "tree/implementation-of-bst/" Page in tree.........passed
And The user clicks Try Here button of "Tree" Page in tree..................passed
And The user is on the "tryEditor" Page in tree.............................passed
When The user writes "invalid" code for "1" in tree.........................passed
And The user clicks "run" with code "true" in tree..........................passed
And Error message "true" in tree............................................passed
And The user clicks ok on alert in tree.....................................passed
Then The user is on the "tree/implementation-of-bst/" Page in tree..........passed
And No change in code in tree...............................................passed
]]></system-out>
</testcase>
</testsuite>
