<?xml version="1.0" encoding="UTF-8"?>
<testsuite xmlns:xsi="http://www.w3.org/2001/XMLSchema-instance" xsi:noNamespaceSchemaLocation="https://maven.apache.org/surefire/maven-failsafe-plugin/xsd/failsafe-test-report-3.0.xsd" version="3.0" name="Stack page features" time="243.184" tests="17" errors="0" skipped="0" failures="0">
  <properties>
[...]
</properties>
  <testcase name="Stack page url" classname="Stack page features" time="23.319">
    <system-out><![CDATA[
@stackpage
Scenario: Stack page url                                         &amp#27;[90m# src/test/resources/AppFeatures/StackPage.feature:9&amp#27;[0m
Browser name is: chrome
login with uname: Pratiksha and passwd: Aggarwal
  &amp#27;[32mGiven &amp#27;[0m&amp#27;[32mThe user has already logged in the home page using stack&amp#27;[0m &amp#27;[90m# stepdefinitions.StackPageSteps.the_user_has_already_logged_in_the_home_page_using_stack(io.cucumber.datatable.DataTable)&amp#27;[0m
    | username  | password |
    | Pratiksha | Aggarwal |
The user is in the Home Page after logging in with correct crdentials
  &amp#27;[32mGiven &amp#27;[0m&amp#27;[32mThe user is on the Stack Page after logged in&amp#27;[0m            &amp#27;[90m# stepdefinitions.StackPageSteps.the_user_is_on_the_Stack_page_after_logged_in()&amp#27;[0m
The actual URL of the page is: https://dsportalapp.herokuapp.com/stack/
  &amp#27;[32mThen &amp#27;[0m&amp#27;[32mThe URL of the page should contain &amp#27;[0m&amp#27;[32m&amp#27;[1m"stack"&amp#27;[0m                &amp#27;[90m# stepdefinitions.HomePageSteps.the_url_of_the_page_should_contain(java.lang.String)&amp#27;[0m
]]></system-out>
  </testcase>
  <testcase name="The user is in the &quot;Operations in Stack&quot; page" classname="Stack page features" time="17.564">
    <system-out><![CDATA[
@stackpage
Scenario: The user is in the "Operations in Stack" page          &amp#27;[90m# src/test/resources/AppFeatures/StackPage.feature:14&amp#27;[0m
Browser name is: chrome
login with uname: Pratiksha and passwd: Aggarwal
  &amp#27;[32mGiven &amp#27;[0m&amp#27;[32mThe user has already logged in the home page using stack&amp#27;[0m &amp#27;[90m# stepdefinitions.StackPageSteps.the_user_has_already_logged_in_the_home_page_using_stack(io.cucumber.datatable.DataTable)&amp#27;[0m
    | username  | password |
    | Pratiksha | Aggarwal |
The actual URL of the page is: https://dsportalapp.herokuapp.com/stack/operations-in-stack/
  &amp#27;[32mGiven &amp#27;[0m&amp#27;[32mThe user clicks Operations in Stack button&amp#27;[0m               &amp#27;[90m# stepdefinitions.StackPageSteps.the_user_clicks_Operations_in_Stack_button()&amp#27;[0m
The actual URL of the page is: https://dsportalapp.herokuapp.com/stack/operations-in-stack/
  &amp#27;[32mThen &amp#27;[0m&amp#27;[32mThe URL of the page should contain &amp#27;[0m&amp#27;[32m&amp#27;[1m"operations-in-stack"&amp#27;[0m  &amp#27;[90m# stepdefinitions.HomePageSteps.the_url_of_the_page_should_contain(java.lang.String)&amp#27;[0m
]]></system-out>
  </testcase>
  <testcase name="Operation in Stack: The user clicks Try Here button" classname="Stack page features" time="23.221">
    <system-out><![CDATA[
@stackpage
Scenario: Operation in Stack: The user clicks Try Here button                                &amp#27;[90m# src/test/resources/AppFeatures/StackPage.feature:19&amp#27;[0m
Browser name is: chrome
login with uname: Pratiksha and passwd: Aggarwal
  &amp#27;[32mGiven &amp#27;[0m&amp#27;[32mThe user has already logged in the home page using stack&amp#27;[0m                             &amp#27;[90m# stepdefinitions.StackPageSteps.the_user_has_already_logged_in_the_home_page_using_stack(io.cucumber.datatable.DataTable)&amp#27;[0m
    | username  | password |
    | Pratiksha | Aggarwal |
The actual URL of the page is: https://dsportalapp.herokuapp.com/stack/operations-in-stack/
  &amp#27;[32mGiven &amp#27;[0m&amp#27;[32mThe user is in the Operations in Stack page&amp#27;[0m                                          &amp#27;[90m# stepdefinitions.StackPageSteps.The_user_is_in_the_Operation_in_Stack_page()&amp#27;[0m
  &amp#27;[32mWhen &amp#27;[0m&amp#27;[32mThe user clicks Try Here button&amp#27;[0m                                                       &amp#27;[90m# stepdefinitions.StackPageSteps.The_user_clicks_Try_Here_button()&amp#27;[0m
  &amp#27;[32mThen &amp#27;[0m&amp#27;[32mThe user should be redirected to a page having an tryEditor with a Run button to test&amp#27;[0m &amp#27;[90m# stepdefinitions.StackPageSteps.The_user_should_be_redirected_to_a_page_having_an_tryEditor_with_a_Run_button_to_test()&amp#27;[0m
]]></system-out>
  </testcase>
  <testcase name="Operation in Stack: The user is on the tryEditor page writes Valid python code" classname="Stack page features" time="23.918">
    <system-out><![CDATA[
@stackpage
Scenario: Operation in Stack: The user is on the tryEditor page writes Valid python code &amp#27;[90m# src/test/resources/AppFeatures/StackPage.feature:25&amp#27;[0m
Browser name is: chrome
login with uname: Pratiksha and passwd: Aggarwal
  &amp#27;[32mGiven &amp#27;[0m&amp#27;[32mThe user has already logged in the home page using stack&amp#27;[0m                         &amp#27;[90m# stepdefinitions.StackPageSteps.the_user_has_already_logged_in_the_home_page_using_stack(io.cucumber.datatable.DataTable)&amp#27;[0m
    | username  | password |
    | Pratiksha | Aggarwal |
The actual URL of the page is: https://dsportalapp.herokuapp.com/stack/operations-in-stack/
  &amp#27;[32mGiven &amp#27;[0m&amp#27;[32mThe user is on the tryEditor page of Operations in Stack page&amp#27;[0m                    &amp#27;[90m# stepdefinitions.StackPageSteps.The_user_is_on_the_tryEditor_page_of_Operations_in_Stack_page()&amp#27;[0m
  &amp#27;[32mWhen &amp#27;[0m&amp#27;[32mThe User writes Valid python code&amp#27;[0m                                                 &amp#27;[90m# stepdefinitions.StackPageSteps.The_User_writes_Valid_python_code()&amp#27;[0m
  &amp#27;[32mAnd &amp#27;[0m&amp#27;[32mclick run button&amp#27;[0m                                                                   &amp#27;[90m# stepdefinitions.StackPageSteps.click_run_button()&amp#27;[0m
User is able to see the output: 4
  &amp#27;[32mThen &amp#27;[0m&amp#27;[32mUser is able to see the output in console&amp#27;[0m                                         &amp#27;[90m# stepdefinitions.StackPageSteps.User_is_able_to_see_the_output_in_console()&amp#27;[0m
]]></system-out>
  </testcase>
  <testcase name="Operation in Stack: The user is on the tryEditor page writes InValid python code" classname="Stack page features" time="14.496">
    <system-out><![CDATA[
@stackpage
Scenario: Operation in Stack: The user is on the tryEditor page writes InValid python code &amp#27;[90m# src/test/resources/AppFeatures/StackPage.feature:32&amp#27;[0m
Browser name is: chrome
login with uname: Pratiksha and passwd: Aggarwal
  &amp#27;[32mGiven &amp#27;[0m&amp#27;[32mThe user has already logged in the home page using stack&amp#27;[0m                           &amp#27;[90m# stepdefinitions.StackPageSteps.the_user_has_already_logged_in_the_home_page_using_stack(io.cucumber.datatable.DataTable)&amp#27;[0m
    | username  | password |
    | Pratiksha | Aggarwal |
The actual URL of the page is: https://dsportalapp.herokuapp.com/stack/operations-in-stack/
  &amp#27;[32mGiven &amp#27;[0m&amp#27;[32mThe user is on the tryEditor page of Operations in Stack page&amp#27;[0m                      &amp#27;[90m# stepdefinitions.StackPageSteps.The_user_is_on_the_tryEditor_page_of_Operations_in_Stack_page()&amp#27;[0m
  &amp#27;[32mWhen &amp#27;[0m&amp#27;[32mThe User writes InValid python code&amp#27;[0m                                                 &amp#27;[90m# stepdefinitions.StackPageSteps.The_User_writes_InValid_python_code()&amp#27;[0m
  &amp#27;[32mAnd &amp#27;[0m&amp#27;[32mclick run button&amp#27;[0m                                                                     &amp#27;[90m# stepdefinitions.StackPageSteps.click_run_button()&amp#27;[0m
  &amp#27;[32mThen &amp#27;[0m&amp#27;[32mUser is able to see the error msg in pop up window&amp#27;[0m                                  &amp#27;[90m# stepdefinitions.StackPageSteps.User_is_not_able_to_see_the_output_in_console()&amp#27;[0m
]]></system-out>
  </testcase>
  <testcase name="Operation in Stack: The user is on the editor page withAlert  error message and click the ok button in the alert window" classname="Stack page features" time="14.166">
    <system-out><![CDATA[
@stackpage
Scenario: Operation in Stack: The user is on the editor page withAlert  error message and click the ok button in the alert window &amp#27;[90m# src/test/resources/AppFeatures/StackPage.feature:39&amp#27;[0m
Browser name is: chrome
login with uname: Pratiksha and passwd: Aggarwal
  &amp#27;[32mGiven &amp#27;[0m&amp#27;[32mThe user has already logged in the home page using stack&amp#27;[0m                                                                  &amp#27;[90m# stepdefinitions.StackPageSteps.the_user_has_already_logged_in_the_home_page_using_stack(io.cucumber.datatable.DataTable)&amp#27;[0m
    | username  | password |
    | Pratiksha | Aggarwal |
The actual URL of the page is: https://dsportalapp.herokuapp.com/stack/operations-in-stack/
  &amp#27;[32mGiven &amp#27;[0m&amp#27;[32mThe user is on the editor page withAlert  error message&amp#27;[0m                                                                   &amp#27;[90m# stepdefinitions.StackPageSteps.The_user_is_on_the_editor_page_withAlert_error_message()&amp#27;[0m
  &amp#27;[32mWhen &amp#27;[0m&amp#27;[32mThe user click the ok button in the alert window&amp#27;[0m                                                                           &amp#27;[90m# stepdefinitions.StackPageSteps.The_user_click_the_ok_button_in_the_alert_window()&amp#27;[0m
  &amp#27;[32mThen &amp#27;[0m&amp#27;[32mThe user is on the same page having Editor and Run button&amp#27;[0m                                                                  &amp#27;[90m# stepdefinitions.StackPageSteps.The_user_is_on_the_same_page_having_Editor_and_Run_button()&amp#27;[0m
]]></system-out>
  </testcase>
  <testcase name="Implementation: The user is in the &quot;Implementaion&quot; page" classname="Stack page features" time="9.903">
    <system-out><![CDATA[
@stackpage
Scenario: Implementation: The user is in the "Implementaion" page &amp#27;[90m# src/test/resources/AppFeatures/StackPage.feature:45&amp#27;[0m
Browser name is: chrome
login with uname: Pratiksha and passwd: Aggarwal
  &amp#27;[32mGiven &amp#27;[0m&amp#27;[32mThe user has already logged in the home page using stack&amp#27;[0m  &amp#27;[90m# stepdefinitions.StackPageSteps.the_user_has_already_logged_in_the_home_page_using_stack(io.cucumber.datatable.DataTable)&amp#27;[0m
    | username  | password |
    | Pratiksha | Aggarwal |
The user is in the Home Page after logging in with correct crdentials
  &amp#27;[32mGiven &amp#27;[0m&amp#27;[32mThe user is on the Stack Page after logged in&amp#27;[0m             &amp#27;[90m# stepdefinitions.StackPageSteps.the_user_is_on_the_Stack_page_after_logged_in()&amp#27;[0m
  &amp#27;[32mWhen &amp#27;[0m&amp#27;[32mThe user clicks <Implementation> button&amp#27;[0m                    &amp#27;[90m# stepdefinitions.StackPageSteps.The_user_clicks_Implementation_button()&amp#27;[0m
The actual URL of the page is: https://dsportalapp.herokuapp.com/stack/implementation/
  &amp#27;[32mThen &amp#27;[0m&amp#27;[32mThe URL of the page should contain &amp#27;[0m&amp#27;[32m&amp#27;[1m"implementation"&amp#27;[0m        &amp#27;[90m# stepdefinitions.HomePageSteps.the_url_of_the_page_should_contain(java.lang.String)&amp#27;[0m
]]></system-out>
  </testcase>
  <testcase name="Implementation: The clicks user try here button in the Implementation page" classname="Stack page features" time="13.785">
    <system-out><![CDATA[
@stackpage
Scenario: Implementation: The clicks user try here button in the Implementation page &amp#27;[90m# src/test/resources/AppFeatures/StackPage.feature:51&amp#27;[0m
Browser name is: chrome
login with uname: Pratiksha and passwd: Aggarwal
  &amp#27;[32mGiven &amp#27;[0m&amp#27;[32mThe user has already logged in the home page using stack&amp#27;[0m                     &amp#27;[90m# stepdefinitions.StackPageSteps.the_user_has_already_logged_in_the_home_page_using_stack(io.cucumber.datatable.DataTable)&amp#27;[0m
    | username  | password |
    | Pratiksha | Aggarwal |
  &amp#27;[32mGiven &amp#27;[0m&amp#27;[32mThe user is in the Implementation page&amp#27;[0m                                       &amp#27;[90m# stepdefinitions.StackPageSteps.The_user_is_in_the_Implementation_page()&amp#27;[0m
  &amp#27;[32mWhen &amp#27;[0m&amp#27;[32mThe user clicks Try Here button&amp#27;[0m                                               &amp#27;[90m# stepdefinitions.StackPageSteps.The_user_clicks_Try_Here_button()&amp#27;[0m
  &amp#27;[32mThen &amp#27;[0m&amp#27;[32mThe user is on the same page having Editor and Run button&amp#27;[0m                     &amp#27;[90m# stepdefinitions.StackPageSteps.The_user_is_on_the_same_page_having_Editor_and_Run_button()&amp#27;[0m
]]></system-out>
  </testcase>
  <testcase name="Implementation:User writes Valid python code in tryEditor of Implementation page" classname="Stack page features" time="16.764">
    <system-out><![CDATA[
@stackpage
Scenario: Implementation:User writes Valid python code in tryEditor of Implementation page &amp#27;[90m# src/test/resources/AppFeatures/StackPage.feature:57&amp#27;[0m
Browser name is: chrome
login with uname: Pratiksha and passwd: Aggarwal
  &amp#27;[32mGiven &amp#27;[0m&amp#27;[32mThe user has already logged in the home page using stack&amp#27;[0m                           &amp#27;[90m# stepdefinitions.StackPageSteps.the_user_has_already_logged_in_the_home_page_using_stack(io.cucumber.datatable.DataTable)&amp#27;[0m
    | username  | password |
    | Pratiksha | Aggarwal |
  &amp#27;[32mGiven &amp#27;[0m&amp#27;[32mThe user is on the tryEditor screen of Implementation page&amp#27;[0m                         &amp#27;[90m# stepdefinitions.StackPageSteps.The_user_is_on_the_TryEditor_screen_of_Implementation_page()&amp#27;[0m
  &amp#27;[32mWhen &amp#27;[0m&amp#27;[32mThe User writes Valid python code in Implementation page&amp#27;[0m                            &amp#27;[90m# stepdefinitions.StackPageSteps.The_user_writes_Valid_python_code__in_Implementation_page()&amp#27;[0m
  &amp#27;[32mAnd &amp#27;[0m&amp#27;[32mclick run button&amp#27;[0m                                                                     &amp#27;[90m# stepdefinitions.StackPageSteps.click_run_button()&amp#27;[0m
User is able to see the output: 4
  &amp#27;[32mThen &amp#27;[0m&amp#27;[32mUser is able to see the output in console&amp#27;[0m                                           &amp#27;[90m# stepdefinitions.StackPageSteps.User_is_able_to_see_the_output_in_console()&amp#27;[0m
]]></system-out>
  </testcase>
  <testcase name="Implementation:User writes InValid python code in tryEditor of Implementation page" classname="Stack page features" time="16.24">
    <system-out><![CDATA[
@stackpage
Scenario: Implementation:User writes InValid python code in tryEditor of Implementation page &amp#27;[90m# src/test/resources/AppFeatures/StackPage.feature:64&amp#27;[0m
Browser name is: chrome
login with uname: Pratiksha and passwd: Aggarwal
  &amp#27;[32mGiven &amp#27;[0m&amp#27;[32mThe user has already logged in the home page using stack&amp#27;[0m                             &amp#27;[90m# stepdefinitions.StackPageSteps.the_user_has_already_logged_in_the_home_page_using_stack(io.cucumber.datatable.DataTable)&amp#27;[0m
    | username  | password |
    | Pratiksha | Aggarwal |
  &amp#27;[32mGiven &amp#27;[0m&amp#27;[32mThe user is on the tryEditor screen of Implementation page&amp#27;[0m                           &amp#27;[90m# stepdefinitions.StackPageSteps.The_user_is_on_the_TryEditor_screen_of_Implementation_page()&amp#27;[0m
  &amp#27;[32mWhen &amp#27;[0m&amp#27;[32mThe User writes InValid python code in Implementation page&amp#27;[0m                            &amp#27;[90m# stepdefinitions.StackPageSteps.The_user_writes_InValid_python_code_in_Implementation_page()&amp#27;[0m
  &amp#27;[32mAnd &amp#27;[0m&amp#27;[32mclick run button&amp#27;[0m                                                                       &amp#27;[90m# stepdefinitions.StackPageSteps.click_run_button()&amp#27;[0m
  &amp#27;[32mThen &amp#27;[0m&amp#27;[32mUser is able to see the error msg in pop up window&amp#27;[0m                                    &amp#27;[90m# stepdefinitions.StackPageSteps.User_is_not_able_to_see_the_output_in_console()&amp#27;[0m
]]></system-out>
  </testcase>
  <testcase name="Implementation: The user is on the editor page withAlert  error message and click the ok button in the alert window" classname="Stack page features" time="13.744">
    <system-out><![CDATA[
@stackpage
Scenario: Implementation: The user is on the editor page withAlert  error message and click the ok button in the alert window &amp#27;[90m# src/test/resources/AppFeatures/StackPage.feature:71&amp#27;[0m
Browser name is: chrome
login with uname: Pratiksha and passwd: Aggarwal
  &amp#27;[32mGiven &amp#27;[0m&amp#27;[32mThe user has already logged in the home page using stack&amp#27;[0m                                                              &amp#27;[90m# stepdefinitions.StackPageSteps.the_user_has_already_logged_in_the_home_page_using_stack(io.cucumber.datatable.DataTable)&amp#27;[0m
    | username  | password |
    | Pratiksha | Aggarwal |
  &amp#27;[32mGiven &amp#27;[0m&amp#27;[32mThe user is on the editor page of Implementation with Alert  error message&amp#27;[0m                                            &amp#27;[90m# stepdefinitions.StackPageSteps.The_user_is_on_the_editor_page_of_Implementation_with_Alert_error_message()&amp#27;[0m
  &amp#27;[32mWhen &amp#27;[0m&amp#27;[32mThe user click the ok button in the alert window&amp#27;[0m                                                                       &amp#27;[90m# stepdefinitions.StackPageSteps.The_user_click_the_ok_button_in_the_alert_window()&amp#27;[0m
  &amp#27;[32mThen &amp#27;[0m&amp#27;[32mThe user is on the same page having Editor and Run button&amp#27;[0m                                                              &amp#27;[90m# stepdefinitions.StackPageSteps.The_user_is_on_the_same_page_having_Editor_and_Run_button()&amp#27;[0m
]]></system-out>
  </testcase>
  <testcase name="Applications: The user is in the &quot;Applications&quot; page" classname="Stack page features" time="8.669">
    <system-out><![CDATA[
@stackpage
Scenario: Applications: The user is in the "Applications" page   &amp#27;[90m# src/test/resources/AppFeatures/StackPage.feature:77&amp#27;[0m
Browser name is: chrome
login with uname: Pratiksha and passwd: Aggarwal
  &amp#27;[32mGiven &amp#27;[0m&amp#27;[32mThe user has already logged in the home page using stack&amp#27;[0m &amp#27;[90m# stepdefinitions.StackPageSteps.the_user_has_already_logged_in_the_home_page_using_stack(io.cucumber.datatable.DataTable)&amp#27;[0m
    | username  | password |
    | Pratiksha | Aggarwal |
The user is in the Home Page after logging in with correct crdentials
  &amp#27;[32mGiven &amp#27;[0m&amp#27;[32mThe user is on the Stack Page after logged in&amp#27;[0m            &amp#27;[90m# stepdefinitions.StackPageSteps.the_user_is_on_the_Stack_page_after_logged_in()&amp#27;[0m
  &amp#27;[32mWhen &amp#27;[0m&amp#27;[32mThe user clicks <Applications> button&amp#27;[0m                     &amp#27;[90m# stepdefinitions.StackPageSteps.The_user_clicks_Applications_button()&amp#27;[0m
The actual URL of the page is: https://dsportalapp.herokuapp.com/stack/stack-applications/
  &amp#27;[32mThen &amp#27;[0m&amp#27;[32mThe URL of the page should contain &amp#27;[0m&amp#27;[32m&amp#27;[1m"stack-applications"&amp#27;[0m   &amp#27;[90m# stepdefinitions.HomePageSteps.the_url_of_the_page_should_contain(java.lang.String)&amp#27;[0m
]]></system-out>
  </testcase>
  <testcase name="Applications: The clicks user try here button in the Applications page" classname="Stack page features" time="9.785">
    <system-out><![CDATA[
@stackpage
Scenario: Applications: The clicks user try here button in the Applications page &amp#27;[90m# src/test/resources/AppFeatures/StackPage.feature:83&amp#27;[0m
Browser name is: chrome
login with uname: Pratiksha and passwd: Aggarwal
  &amp#27;[32mGiven &amp#27;[0m&amp#27;[32mThe user has already logged in the home page using stack&amp#27;[0m                 &amp#27;[90m# stepdefinitions.StackPageSteps.the_user_has_already_logged_in_the_home_page_using_stack(io.cucumber.datatable.DataTable)&amp#27;[0m
    | username  | password |
    | Pratiksha | Aggarwal |
  &amp#27;[32mGiven &amp#27;[0m&amp#27;[32mThe user is in the Applications page&amp#27;[0m                                     &amp#27;[90m# stepdefinitions.StackPageSteps.The_user_is_in_the_Applications_page()&amp#27;[0m
  &amp#27;[32mWhen &amp#27;[0m&amp#27;[32mThe user clicks Try Here button&amp#27;[0m                                           &amp#27;[90m# stepdefinitions.StackPageSteps.The_user_clicks_Try_Here_button()&amp#27;[0m
  &amp#27;[32mThen &amp#27;[0m&amp#27;[32mThe user is on the same page having Editor and Run button&amp#27;[0m                 &amp#27;[90m# stepdefinitions.StackPageSteps.The_user_is_on_the_same_page_having_Editor_and_Run_button()&amp#27;[0m
]]></system-out>
  </testcase>
  <testcase name="Applications: User writes Valid python code in tryEditor of Implementation page" classname="Stack page features" time="10.957">
    <system-out><![CDATA[
@stackpage
Scenario: Applications: User writes Valid python code in tryEditor of Implementation page &amp#27;[90m# src/test/resources/AppFeatures/StackPage.feature:89&amp#27;[0m
Browser name is: chrome
login with uname: Pratiksha and passwd: Aggarwal
  &amp#27;[32mGiven &amp#27;[0m&amp#27;[32mThe user has already logged in the home page using stack&amp#27;[0m                          &amp#27;[90m# stepdefinitions.StackPageSteps.the_user_has_already_logged_in_the_home_page_using_stack(io.cucumber.datatable.DataTable)&amp#27;[0m
    | username  | password |
    | Pratiksha | Aggarwal |
  &amp#27;[32mGiven &amp#27;[0m&amp#27;[32mThe user is on the tryEditor screen of Applications page&amp#27;[0m                          &amp#27;[90m# stepdefinitions.StackPageSteps.The_user_is_on_the_tryEditor_screen_of_Applications_page()&amp#27;[0m
  &amp#27;[32mWhen &amp#27;[0m&amp#27;[32mThe User writes Valid python code in Applications page&amp#27;[0m                             &amp#27;[90m# stepdefinitions.StackPageSteps.The_User_writes_Valid_python_code_in_Applications_page()&amp#27;[0m
  &amp#27;[32mAnd &amp#27;[0m&amp#27;[32mclick run button&amp#27;[0m                                                                    &amp#27;[90m# stepdefinitions.StackPageSteps.click_run_button()&amp#27;[0m
User is able to see the output: 4
  &amp#27;[32mThen &amp#27;[0m&amp#27;[32mUser is able to see the output in console&amp#27;[0m                                          &amp#27;[90m# stepdefinitions.StackPageSteps.User_is_able_to_see_the_output_in_console()&amp#27;[0m
]]></system-out>
  </testcase>
  <testcase name="Applications:User writes InValid python code in tryEditor of Applications page" classname="Stack page features" time="10.109">
    <system-out><![CDATA[
@stackpage
Scenario: Applications:User writes InValid python code in tryEditor of Applications page &amp#27;[90m# src/test/resources/AppFeatures/StackPage.feature:96&amp#27;[0m
Browser name is: chrome
login with uname: Pratiksha and passwd: Aggarwal
  &amp#27;[32mGiven &amp#27;[0m&amp#27;[32mThe user has already logged in the home page using stack&amp#27;[0m                         &amp#27;[90m# stepdefinitions.StackPageSteps.the_user_has_already_logged_in_the_home_page_using_stack(io.cucumber.datatable.DataTable)&amp#27;[0m
    | username  | password |
    | Pratiksha | Aggarwal |
  &amp#27;[32mGiven &amp#27;[0m&amp#27;[32mThe user is on the tryEditor screen of Applications page&amp#27;[0m                         &amp#27;[90m# stepdefinitions.StackPageSteps.The_user_is_on_the_tryEditor_screen_of_Applications_page()&amp#27;[0m
  &amp#27;[32mWhen &amp#27;[0m&amp#27;[32mThe User writes InValid python code in Applications page&amp#27;[0m                          &amp#27;[90m# stepdefinitions.StackPageSteps.The_User_writes_InValid_python_code_in_Applications_page()&amp#27;[0m
  &amp#27;[32mAnd &amp#27;[0m&amp#27;[32mclick run button&amp#27;[0m                                                                   &amp#27;[90m# stepdefinitions.StackPageSteps.click_run_button()&amp#27;[0m
  &amp#27;[32mThen &amp#27;[0m&amp#27;[32mUser is able to see the error msg in pop up window&amp#27;[0m                                &amp#27;[90m# stepdefinitions.StackPageSteps.User_is_not_able_to_see_the_output_in_console()&amp#27;[0m
]]></system-out>
  </testcase>
  <testcase name="Applications: The user is on the editor page withAlert  error message and click the ok button in the alert window" classname="Stack page features" time="10.424">
    <system-out><![CDATA[
@stackpage
Scenario: Applications: The user is on the editor page withAlert  error message and click the ok button in the alert window &amp#27;[90m# src/test/resources/AppFeatures/StackPage.feature:103&amp#27;[0m
Browser name is: chrome
login with uname: Pratiksha and passwd: Aggarwal
  &amp#27;[32mGiven &amp#27;[0m&amp#27;[32mThe user has already logged in the home page using stack&amp#27;[0m                                                            &amp#27;[90m# stepdefinitions.StackPageSteps.the_user_has_already_logged_in_the_home_page_using_stack(io.cucumber.datatable.DataTable)&amp#27;[0m
    | username  | password |
    | Pratiksha | Aggarwal |
  &amp#27;[32mGiven &amp#27;[0m&amp#27;[32mThe user is on the editor page of Application with Alert  error message&amp#27;[0m                                             &amp#27;[90m# stepdefinitions.StackPageSteps.The_user_is_on_the_editor_page_of_Application_with_Alert_error_message()&amp#27;[0m
  &amp#27;[32mWhen &amp#27;[0m&amp#27;[32mThe user click the ok button in the alert window&amp#27;[0m                                                                     &amp#27;[90m# stepdefinitions.StackPageSteps.The_user_click_the_ok_button_in_the_alert_window()&amp#27;[0m
  &amp#27;[32mThen &amp#27;[0m&amp#27;[32mThe user is on the same page having Editor and Run button&amp#27;[0m                                                            &amp#27;[90m# stepdefinitions.StackPageSteps.The_user_is_on_the_same_page_having_Editor_and_Run_button()&amp#27;[0m
]]></system-out>
  </testcase>
  <testcase name="Practice Questions: The user is in the &quot;Practice Questions&quot; page" classname="Stack page features" time="6.118">
    <system-out><![CDATA[
@stackpage
Scenario: Practice Questions: The user is in the "Practice Questions" page &amp#27;[90m# src/test/resources/AppFeatures/StackPage.feature:109&amp#27;[0m
Browser name is: chrome
login with uname: Pratiksha and passwd: Aggarwal
  &amp#27;[32mGiven &amp#27;[0m&amp#27;[32mThe user has already logged in the home page using stack&amp#27;[0m           &amp#27;[90m# stepdefinitions.StackPageSteps.the_user_has_already_logged_in_the_home_page_using_stack(io.cucumber.datatable.DataTable)&amp#27;[0m
    | username  | password |
    | Pratiksha | Aggarwal |
The user is in the Home Page after logging in with correct crdentials
  &amp#27;[32mGiven &amp#27;[0m&amp#27;[32mThe user is on the Stack Page after logged in&amp#27;[0m                      &amp#27;[90m# stepdefinitions.StackPageSteps.the_user_is_on_the_Stack_page_after_logged_in()&amp#27;[0m
  &amp#27;[32mWhen &amp#27;[0m&amp#27;[32mThe user clicks <Practice Questions> button&amp#27;[0m                         &amp#27;[90m# stepdefinitions.StackPageSteps.The_user_clicks_Practice_Questions_button()&amp#27;[0m
The actual URL of the page is: https://dsportalapp.herokuapp.com/stack/practice
  &amp#27;[32mThen &amp#27;[0m&amp#27;[32mThe URL of the page should contain &amp#27;[0m&amp#27;[32m&amp#27;[1m"practice"&amp#27;[0m                       &amp#27;[90m# stepdefinitions.HomePageSteps.the_url_of_the_page_should_contain(java.lang.String)&amp#27;[0m
]]></system-out>
  </testcase>
</testsuite>