<?xml version="1.0" encoding="UTF-8"?>
<testsuite xmlns:xsi="http://www.w3.org/2001/XMLSchema-instance" xsi:noNamespaceSchemaLocation="https://maven.apache.org/surefire/maven-failsafe-plugin/xsd/failsafe-test-report-3.0.xsd" version="3.0" name="Array page features" time="263.692" tests="41" errors="0" skipped="0" failures="4">
  <properties>
[...]
</properties>
  <testcase name="Array page url" classname="Array page features" time="14.348">
    <system-out><![CDATA[
@arraypage
Scenario: Array page url                                             &amp#27;[90m# src/test/resources/AppFeatures/ArrayPage.feature:10&amp#27;[0m
Browser name is: chrome
login with uname: Pratiksha and passwd: Aggarwal
  &amp#27;[32mGiven &amp#27;[0m&amp#27;[32mthe user has already logged in the home page using for Array&amp#27;[0m &amp#27;[90m# stepdefinitions.ArrayPageSteps.the_user_has_already_logged_in_the_home_page_using_for_Array(io.cucumber.datatable.DataTable)&amp#27;[0m
    | username  | password |
    | Pratiksha | Aggarwal |
The user is in the Array Page after logging in with correct credentials
  &amp#27;[32mGiven &amp#27;[0m&amp#27;[32mThe user is on the Array Page after logged in&amp#27;[0m                &amp#27;[90m# stepdefinitions.ArrayPageSteps.the_user_is_on_the_Array_page_after_logged_in()&amp#27;[0m
The actual URL of the page is: https://dsportalapp.herokuapp.com/array/
  &amp#27;[32mThen &amp#27;[0m&amp#27;[32mThe URL of the page should contain &amp#27;[0m&amp#27;[32m&amp#27;[1m"array"&amp#27;[0m                    &amp#27;[90m# stepdefinitions.HomePageSteps.the_url_of_the_page_should_contain(java.lang.String)&amp#27;[0m
]]></system-out>
  </testcase>
  <testcase name="Arrays in Python Link" classname="Array page features" time="7.593">
    <system-out><![CDATA[
@arraypage
Scenario: Arrays in Python Link                                      &amp#27;[90m# src/test/resources/AppFeatures/ArrayPage.feature:16&amp#27;[0m
Browser name is: chrome
login with uname: Pratiksha and passwd: Aggarwal
  &amp#27;[32mGiven &amp#27;[0m&amp#27;[32mthe user has already logged in the home page using for Array&amp#27;[0m &amp#27;[90m# stepdefinitions.ArrayPageSteps.the_user_has_already_logged_in_the_home_page_using_for_Array(io.cucumber.datatable.DataTable)&amp#27;[0m
    | username  | password |
    | Pratiksha | Aggarwal |
The user is in the Array Page after logging in with correct credentials
  &amp#27;[32mGiven &amp#27;[0m&amp#27;[32mThe user is on the Array Page after logged in&amp#27;[0m                &amp#27;[90m# stepdefinitions.ArrayPageSteps.the_user_is_on_the_Array_page_after_logged_in()&amp#27;[0m
curentURL:https://dsportalapp.herokuapp.com/array/arrays-in-python/
  &amp#27;[32mWhen &amp#27;[0m&amp#27;[32mThe user clicks a &amp#27;[0m&amp#27;[32m&amp#27;[1m"Arrays in Python"&amp#27;[0m&amp#27;[32m link&amp#27;[0m                     &amp#27;[90m# stepdefinitions.ArrayPageSteps.the_user_clicks_a_page_link(java.lang.String)&amp#27;[0m
curentURL:https://dsportalapp.herokuapp.com/array/arrays-in-python/
curentURL:https://dsportalapp.herokuapp.com/array/arrays-in-python/
in the_user_should_be_redirected_to_string_page url: https://dsportalapp.herokuapp.com/array/arrays-in-python/
  &amp#27;[32mThen &amp#27;[0m&amp#27;[32mThe user should be redirected to &amp#27;[0m&amp#27;[32m&amp#27;[1m"arrays-in-python"&amp#27;[0m&amp#27;[32m Page&amp#27;[0m      &amp#27;[90m# stepdefinitions.ArrayPageSteps.the_user_should_be_redirected_to_string_page(java.lang.String)&amp#27;[0m
]]></system-out>
  </testcase>
  <testcase name="Try Here button of Array in Python Page" classname="Array page features" time="7.894">
    <system-out><![CDATA[
@arraypage
Scenario: Try Here button of Array in Python Page                                          &amp#27;[90m# src/test/resources/AppFeatures/ArrayPage.feature:24&amp#27;[0m
Browser name is: chrome
login with uname: Pratiksha and passwd: Aggarwal
  &amp#27;[32mGiven &amp#27;[0m&amp#27;[32mthe user has already logged in the home page using for Array&amp#27;[0m                       &amp#27;[90m# stepdefinitions.ArrayPageSteps.the_user_has_already_logged_in_the_home_page_using_for_Array(io.cucumber.datatable.DataTable)&amp#27;[0m
    | username  | password |
    | Pratiksha | Aggarwal |
curentURL:https://dsportalapp.herokuapp.com/array/applications-of-array/
  &amp#27;[32mGiven &amp#27;[0m&amp#27;[32mThe user is on the &amp#27;[0m&amp#27;[32m&amp#27;[1m"array/applications-of-array/"&amp#27;[0m&amp#27;[32m Page&amp#27;[0m                             &amp#27;[90m# stepdefinitions.ArrayPageSteps.the_user_is_on_the_python_page(java.lang.String)&amp#27;[0m
curentURL:https://dsportalapp.herokuapp.com/array/applications-of-array/
  &amp#27;[32mWhen &amp#27;[0m&amp#27;[32mThe user clicks Try Here button of &amp#27;[0m&amp#27;[32m&amp#27;[1m"Array in Python"&amp#27;[0m&amp#27;[32m Page&amp#27;[0m                           &amp#27;[90m# stepdefinitions.ArrayPageSteps.the_user_clicks_try_here_button_of_in_a_page(java.lang.String)&amp#27;[0m
curentURL:https://dsportalapp.herokuapp.com/tryEditor
curentURL:https://dsportalapp.herokuapp.com/tryEditor
in the_user_should_be_redirected_to_string_page url: https://dsportalapp.herokuapp.com/tryEditor
  &amp#27;[32mThen &amp#27;[0m&amp#27;[32mThe user should be redirected to &amp#27;[0m&amp#27;[32m&amp#27;[1m"https://dsportalapp.herokuapp.com/tryEditor"&amp#27;[0m&amp#27;[32m Page&amp#27;[0m &amp#27;[90m# stepdefinitions.ArrayPageSteps.the_user_should_be_redirected_to_string_page(java.lang.String)&amp#27;[0m
  &amp#27;[32mAnd &amp#27;[0m&amp#27;[32mThe Page should have Python Editor&amp#27;[0m                                                   &amp#27;[90m# stepdefinitions.ArrayPageSteps.the_page_should_have_python_editor()&amp#27;[0m
]]></system-out>
  </testcase>
  <testcase name="Arrays Using List link from Array in Python Page" classname="Array page features" time="8.07">
    <system-out><![CDATA[
@arraypage
Scenario: Arrays Using List link from Array in Python Page           &amp#27;[90m# src/test/resources/AppFeatures/ArrayPage.feature:31&amp#27;[0m
Browser name is: chrome
login with uname: Pratiksha and passwd: Aggarwal
  &amp#27;[32mGiven &amp#27;[0m&amp#27;[32mthe user has already logged in the home page using for Array&amp#27;[0m &amp#27;[90m# stepdefinitions.ArrayPageSteps.the_user_has_already_logged_in_the_home_page_using_for_Array(io.cucumber.datatable.DataTable)&amp#27;[0m
    | username  | password |
    | Pratiksha | Aggarwal |
curentURL:https://dsportalapp.herokuapp.com/array/arrays-in-python/
  &amp#27;[32mGiven &amp#27;[0m&amp#27;[32mThe user is on the &amp#27;[0m&amp#27;[32m&amp#27;[1m"array/arrays-in-python/"&amp#27;[0m&amp#27;[32m Page&amp#27;[0m            &amp#27;[90m# stepdefinitions.ArrayPageSteps.the_user_is_on_the_python_page(java.lang.String)&amp#27;[0m
curentURL:https://dsportalapp.herokuapp.com/array/arrays-using-list/
  &amp#27;[32mWhen &amp#27;[0m&amp#27;[32mThe user clicks a &amp#27;[0m&amp#27;[32m&amp#27;[1m"Arrays Using List"&amp#27;[0m&amp#27;[32m link&amp#27;[0m                    &amp#27;[90m# stepdefinitions.ArrayPageSteps.the_user_clicks_a_page_link(java.lang.String)&amp#27;[0m
curentURL:https://dsportalapp.herokuapp.com/array/arrays-using-list/
curentURL:https://dsportalapp.herokuapp.com/array/arrays-using-list/
in the_user_should_be_redirected_to_string_page url: https://dsportalapp.herokuapp.com/array/arrays-using-list/
  &amp#27;[32mThen &amp#27;[0m&amp#27;[32mThe user should be redirected to &amp#27;[0m&amp#27;[32m&amp#27;[1m"arrays-using-list"&amp#27;[0m&amp#27;[32m Page&amp#27;[0m     &amp#27;[90m# stepdefinitions.ArrayPageSteps.the_user_should_be_redirected_to_string_page(java.lang.String)&amp#27;[0m
]]></system-out>
  </testcase>
  <testcase name="Try Here button of Array Using List Page" classname="Array page features" time="8.688">
    <system-out><![CDATA[
@arraypage
Scenario: Try Here button of Array Using List Page                                         &amp#27;[90m# src/test/resources/AppFeatures/ArrayPage.feature:37&amp#27;[0m
Browser name is: chrome
login with uname: Pratiksha and passwd: Aggarwal
  &amp#27;[32mGiven &amp#27;[0m&amp#27;[32mthe user has already logged in the home page using for Array&amp#27;[0m                       &amp#27;[90m# stepdefinitions.ArrayPageSteps.the_user_has_already_logged_in_the_home_page_using_for_Array(io.cucumber.datatable.DataTable)&amp#27;[0m
    | username  | password |
    | Pratiksha | Aggarwal |
curentURL:https://dsportalapp.herokuapp.com/array/arrays-using-list/
  &amp#27;[32mGiven &amp#27;[0m&amp#27;[32mThe user is on the &amp#27;[0m&amp#27;[32m&amp#27;[1m"array/arrays-using-list"&amp#27;[0m&amp#27;[32m Page&amp#27;[0m                                  &amp#27;[90m# stepdefinitions.ArrayPageSteps.the_user_is_on_the_python_page(java.lang.String)&amp#27;[0m
curentURL:https://dsportalapp.herokuapp.com/array/arrays-using-list/
  &amp#27;[32mWhen &amp#27;[0m&amp#27;[32mThe user clicks Try Here button of &amp#27;[0m&amp#27;[32m&amp#27;[1m"Array Using List"&amp#27;[0m&amp#27;[32m Page&amp#27;[0m                          &amp#27;[90m# stepdefinitions.ArrayPageSteps.the_user_clicks_try_here_button_of_in_a_page(java.lang.String)&amp#27;[0m
curentURL:https://dsportalapp.herokuapp.com/tryEditor
curentURL:https://dsportalapp.herokuapp.com/tryEditor
in the_user_should_be_redirected_to_string_page url: https://dsportalapp.herokuapp.com/tryEditor
  &amp#27;[32mThen &amp#27;[0m&amp#27;[32mThe user should be redirected to &amp#27;[0m&amp#27;[32m&amp#27;[1m"https://dsportalapp.herokuapp.com/tryEditor"&amp#27;[0m&amp#27;[32m Page&amp#27;[0m &amp#27;[90m# stepdefinitions.ArrayPageSteps.the_user_should_be_redirected_to_string_page(java.lang.String)&amp#27;[0m
  &amp#27;[32mAnd &amp#27;[0m&amp#27;[32mThe Page should have Python Editor&amp#27;[0m                                                   &amp#27;[90m# stepdefinitions.ArrayPageSteps.the_page_should_have_python_editor()&amp#27;[0m
]]></system-out>
  </testcase>
  <testcase name="Basic Operations in Lists Page from Array Using List Page" classname="Array page features" time="6.72">
    <system-out><![CDATA[
@arraypage
Scenario: Basic Operations in Lists Page from Array Using List Page      &amp#27;[90m# src/test/resources/AppFeatures/ArrayPage.feature:44&amp#27;[0m
Browser name is: chrome
login with uname: Pratiksha and passwd: Aggarwal
  &amp#27;[32mGiven &amp#27;[0m&amp#27;[32mthe user has already logged in the home page using for Array&amp#27;[0m     &amp#27;[90m# stepdefinitions.ArrayPageSteps.the_user_has_already_logged_in_the_home_page_using_for_Array(io.cucumber.datatable.DataTable)&amp#27;[0m
    | username  | password |
    | Pratiksha | Aggarwal |
curentURL:https://dsportalapp.herokuapp.com/array/arrays-using-list/
  &amp#27;[32mGiven &amp#27;[0m&amp#27;[32mThe user is on the &amp#27;[0m&amp#27;[32m&amp#27;[1m"array/arrays-using-list"&amp#27;[0m&amp#27;[32m Page&amp#27;[0m                &amp#27;[90m# stepdefinitions.ArrayPageSteps.the_user_is_on_the_python_page(java.lang.String)&amp#27;[0m
curentURL:https://dsportalapp.herokuapp.com/array/basic-operations-in-lists/
  &amp#27;[32mWhen &amp#27;[0m&amp#27;[32mThe user clicks a &amp#27;[0m&amp#27;[32m&amp#27;[1m"Basic Operations in Lists"&amp#27;[0m&amp#27;[32m link&amp#27;[0m                &amp#27;[90m# stepdefinitions.ArrayPageSteps.the_user_clicks_a_page_link(java.lang.String)&amp#27;[0m
curentURL:https://dsportalapp.herokuapp.com/array/basic-operations-in-lists/
curentURL:https://dsportalapp.herokuapp.com/array/basic-operations-in-lists/
in the_user_should_be_redirected_to_string_page url: https://dsportalapp.herokuapp.com/array/basic-operations-in-lists/
  &amp#27;[32mThen &amp#27;[0m&amp#27;[32mThe user should be redirected to &amp#27;[0m&amp#27;[32m&amp#27;[1m"basic-operations-in-lists"&amp#27;[0m&amp#27;[32m Page&amp#27;[0m &amp#27;[90m# stepdefinitions.ArrayPageSteps.the_user_should_be_redirected_to_string_page(java.lang.String)&amp#27;[0m
]]></system-out>
  </testcase>
  <testcase name="Try Here button of Basic Operations in Lists Page" classname="Array page features" time="6.849">
    <system-out><![CDATA[
@arraypage
Scenario: Try Here button of Basic Operations in Lists Page                                &amp#27;[90m# src/test/resources/AppFeatures/ArrayPage.feature:50&amp#27;[0m
Browser name is: chrome
login with uname: Pratiksha and passwd: Aggarwal
  &amp#27;[32mGiven &amp#27;[0m&amp#27;[32mthe user has already logged in the home page using for Array&amp#27;[0m                       &amp#27;[90m# stepdefinitions.ArrayPageSteps.the_user_has_already_logged_in_the_home_page_using_for_Array(io.cucumber.datatable.DataTable)&amp#27;[0m
    | username  | password |
    | Pratiksha | Aggarwal |
curentURL:https://dsportalapp.herokuapp.com/array/basic-operations-in-lists/
  &amp#27;[32mGiven &amp#27;[0m&amp#27;[32mThe user is on the &amp#27;[0m&amp#27;[32m&amp#27;[1m"array/basic-operations-in-lists"&amp#27;[0m&amp#27;[32m Page&amp#27;[0m                          &amp#27;[90m# stepdefinitions.ArrayPageSteps.the_user_is_on_the_python_page(java.lang.String)&amp#27;[0m
curentURL:https://dsportalapp.herokuapp.com/array/basic-operations-in-lists/
  &amp#27;[32mWhen &amp#27;[0m&amp#27;[32mThe user clicks Try Here button of &amp#27;[0m&amp#27;[32m&amp#27;[1m"Basic Operations in Lists"&amp#27;[0m&amp#27;[32m Page&amp#27;[0m                 &amp#27;[90m# stepdefinitions.ArrayPageSteps.the_user_clicks_try_here_button_of_in_a_page(java.lang.String)&amp#27;[0m
curentURL:https://dsportalapp.herokuapp.com/tryEditor
curentURL:https://dsportalapp.herokuapp.com/tryEditor
in the_user_should_be_redirected_to_string_page url: https://dsportalapp.herokuapp.com/tryEditor
  &amp#27;[32mThen &amp#27;[0m&amp#27;[32mThe user should be redirected to &amp#27;[0m&amp#27;[32m&amp#27;[1m"https://dsportalapp.herokuapp.com/tryEditor"&amp#27;[0m&amp#27;[32m Page&amp#27;[0m &amp#27;[90m# stepdefinitions.ArrayPageSteps.the_user_should_be_redirected_to_string_page(java.lang.String)&amp#27;[0m
  &amp#27;[32mAnd &amp#27;[0m&amp#27;[32mThe Page should have Python Editor&amp#27;[0m                                                   &amp#27;[90m# stepdefinitions.ArrayPageSteps.the_page_should_have_python_editor()&amp#27;[0m
]]></system-out>
  </testcase>
  <testcase name="Applications of Array Page from Basic Operations in Lists Page" classname="Array page features" time="5.602">
    <system-out><![CDATA[
@arraypage
Scenario: Applications of Array Page from Basic Operations in Lists Page &amp#27;[90m# src/test/resources/AppFeatures/ArrayPage.feature:57&amp#27;[0m
Browser name is: chrome
login with uname: Pratiksha and passwd: Aggarwal
  &amp#27;[32mGiven &amp#27;[0m&amp#27;[32mthe user has already logged in the home page using for Array&amp#27;[0m     &amp#27;[90m# stepdefinitions.ArrayPageSteps.the_user_has_already_logged_in_the_home_page_using_for_Array(io.cucumber.datatable.DataTable)&amp#27;[0m
    | username  | password |
    | Pratiksha | Aggarwal |
curentURL:https://dsportalapp.herokuapp.com/array/basic-operations-in-lists/
  &amp#27;[32mGiven &amp#27;[0m&amp#27;[32mThe user is on the &amp#27;[0m&amp#27;[32m&amp#27;[1m"array/basic-operations-in-lists"&amp#27;[0m&amp#27;[32m Page&amp#27;[0m        &amp#27;[90m# stepdefinitions.ArrayPageSteps.the_user_is_on_the_python_page(java.lang.String)&amp#27;[0m
curentURL:https://dsportalapp.herokuapp.com/array/applications-of-array/
  &amp#27;[32mWhen &amp#27;[0m&amp#27;[32mThe user clicks a &amp#27;[0m&amp#27;[32m&amp#27;[1m"Applications of Array"&amp#27;[0m&amp#27;[32m link&amp#27;[0m                    &amp#27;[90m# stepdefinitions.ArrayPageSteps.the_user_clicks_a_page_link(java.lang.String)&amp#27;[0m
curentURL:https://dsportalapp.herokuapp.com/array/applications-of-array/
curentURL:https://dsportalapp.herokuapp.com/array/applications-of-array/
in the_user_should_be_redirected_to_string_page url: https://dsportalapp.herokuapp.com/array/applications-of-array/
  &amp#27;[32mThen &amp#27;[0m&amp#27;[32mThe user should be redirected to &amp#27;[0m&amp#27;[32m&amp#27;[1m"applications-of-array"&amp#27;[0m&amp#27;[32m Page&amp#27;[0m     &amp#27;[90m# stepdefinitions.ArrayPageSteps.the_user_should_be_redirected_to_string_page(java.lang.String)&amp#27;[0m
]]></system-out>
  </testcase>
  <testcase name="Practice question page with links" classname="Array page features" time="5.746">
    <system-out><![CDATA[
@arraypage
Scenario: Practice question page with links                          &amp#27;[90m# src/test/resources/AppFeatures/ArrayPage.feature:64&amp#27;[0m
Browser name is: chrome
login with uname: Pratiksha and passwd: Aggarwal
  &amp#27;[32mGiven &amp#27;[0m&amp#27;[32mthe user has already logged in the home page using for Array&amp#27;[0m &amp#27;[90m# stepdefinitions.ArrayPageSteps.the_user_has_already_logged_in_the_home_page_using_for_Array(io.cucumber.datatable.DataTable)&amp#27;[0m
    | username  | password |
    | Pratiksha | Aggarwal |
curentURL:https://dsportalapp.herokuapp.com/array/applications-of-array/
  &amp#27;[32mGiven &amp#27;[0m&amp#27;[32mThe user is on the &amp#27;[0m&amp#27;[32m&amp#27;[1m"array/applications-of-array/"&amp#27;[0m&amp#27;[32m Page&amp#27;[0m       &amp#27;[90m# stepdefinitions.ArrayPageSteps.the_user_is_on_the_python_page(java.lang.String)&amp#27;[0m
curentURL:https://dsportalapp.herokuapp.com/array/practice
  &amp#27;[32mWhen &amp#27;[0m&amp#27;[32mThe user clicks a &amp#27;[0m&amp#27;[32m&amp#27;[1m"Practice Questions"&amp#27;[0m&amp#27;[32m link&amp#27;[0m                   &amp#27;[90m# stepdefinitions.ArrayPageSteps.the_user_clicks_a_page_link(java.lang.String)&amp#27;[0m
curentURL:https://dsportalapp.herokuapp.com/array/practice
curentURL:https://dsportalapp.herokuapp.com/array/practice
in the_user_should_be_redirected_to_string_page url: https://dsportalapp.herokuapp.com/array/practice
  &amp#27;[32mThen &amp#27;[0m&amp#27;[32mThe user should be redirected to &amp#27;[0m&amp#27;[32m&amp#27;[1m"array/practice"&amp#27;[0m&amp#27;[32m Page&amp#27;[0m        &amp#27;[90m# stepdefinitions.ArrayPageSteps.the_user_should_be_redirected_to_string_page(java.lang.String)&amp#27;[0m
The Practice links: Search the array
The Practice links: Max Consecutive Ones
The Practice links: Find Numbers with Even Number of Digits
The Practice links: Squares of a Sorted Array
  &amp#27;[32mAnd &amp#27;[0m&amp#27;[32muser gets the following links to explore Practice page&amp#27;[0m         &amp#27;[90m# stepdefinitions.ArrayPageSteps.user_gets_the_following_links_to_explore_practice_page(io.cucumber.datatable.DataTable)&amp#27;[0m
    | Search the array                        |
    | Max Consecutive Ones                    |
    | Find Numbers with Even Number of Digits |
    | Squares of a Sorted Array               |
  &amp#27;[32mAnd &amp#27;[0m&amp#27;[32mThe count of the practice links should be &amp#27;[0m&amp#27;[32m&amp#27;[1m4&amp#27;[0m                    &amp#27;[90m# stepdefinitions.ArrayPageSteps.the_count_of_the_practice_links_should_be(java.lang.Integer)&amp#27;[0m
]]></system-out>
  </testcase>
  <testcase name="Elements on Practice Page #1" classname="Array page features" time="6.106">
    <system-out><![CDATA[
@arraypage
Scenario: Elements on Practice Page                                  &amp#27;[90m# src/test/resources/AppFeatures/ArrayPage.feature:76&amp#27;[0m
Browser name is: chrome
login with uname: Pratiksha and passwd: Aggarwal
  &amp#27;[32mGiven &amp#27;[0m&amp#27;[32mthe user has already logged in the home page using for Array&amp#27;[0m &amp#27;[90m# stepdefinitions.ArrayPageSteps.the_user_has_already_logged_in_the_home_page_using_for_Array(io.cucumber.datatable.DataTable)&amp#27;[0m
    | username  | password |
    | Pratiksha | Aggarwal |
curentURL:https://dsportalapp.herokuapp.com/array/practice
  &amp#27;[32mGiven &amp#27;[0m&amp#27;[32mThe user is on the &amp#27;[0m&amp#27;[32m&amp#27;[1m"array/practice"&amp#27;[0m&amp#27;[32m Page&amp#27;[0m                     &amp#27;[90m# stepdefinitions.ArrayPageSteps.the_user_is_on_the_python_page(java.lang.String)&amp#27;[0m
curentURL:https://dsportalapp.herokuapp.com/question/1
  &amp#27;[32mWhen &amp#27;[0m&amp#27;[32mThe user clicks a &amp#27;[0m&amp#27;[32m&amp#27;[1m"Search the array"&amp#27;[0m&amp#27;[32m link&amp#27;[0m                     &amp#27;[90m# stepdefinitions.ArrayPageSteps.the_user_clicks_a_page_link(java.lang.String)&amp#27;[0m
[]
[Ljava.lang.Object;@16f7b96d
  &amp#27;[32mThen &amp#27;[0m&amp#27;[32mThe Page should have following elements&amp#27;[0m                       &amp#27;[90m# stepdefinitions.ArrayPageSteps.the_page_should_have_the_elements(io.cucumber.datatable.DataTable)&amp#27;[0m
    | question     |
    | pythonEditor |
    | run          |
    | submit       |
]]></system-out>
  </testcase>
  <testcase name="Elements on Practice Page #2" classname="Array page features" time="6.145">
    <system-out><![CDATA[
@arraypage
Scenario: Elements on Practice Page                                  &amp#27;[90m# src/test/resources/AppFeatures/ArrayPage.feature:86&amp#27;[0m
Browser name is: chrome
login with uname: Pratiksha and passwd: Aggarwal
  &amp#27;[32mGiven &amp#27;[0m&amp#27;[32mthe user has already logged in the home page using for Array&amp#27;[0m &amp#27;[90m# stepdefinitions.ArrayPageSteps.the_user_has_already_logged_in_the_home_page_using_for_Array(io.cucumber.datatable.DataTable)&amp#27;[0m
    | username  | password |
    | Pratiksha | Aggarwal |
curentURL:https://dsportalapp.herokuapp.com/array/practice
  &amp#27;[32mGiven &amp#27;[0m&amp#27;[32mThe user is on the &amp#27;[0m&amp#27;[32m&amp#27;[1m"array/practice"&amp#27;[0m&amp#27;[32m Page&amp#27;[0m                     &amp#27;[90m# stepdefinitions.ArrayPageSteps.the_user_is_on_the_python_page(java.lang.String)&amp#27;[0m
curentURL:https://dsportalapp.herokuapp.com/question/2
  &amp#27;[32mWhen &amp#27;[0m&amp#27;[32mThe user clicks a &amp#27;[0m&amp#27;[32m&amp#27;[1m"Max Consecutive Ones"&amp#27;[0m&amp#27;[32m link&amp#27;[0m                 &amp#27;[90m# stepdefinitions.ArrayPageSteps.the_user_clicks_a_page_link(java.lang.String)&amp#27;[0m
[]
[Ljava.lang.Object;@1acdb0da
  &amp#27;[32mThen &amp#27;[0m&amp#27;[32mThe Page should have following elements&amp#27;[0m                       &amp#27;[90m# stepdefinitions.ArrayPageSteps.the_page_should_have_the_elements(io.cucumber.datatable.DataTable)&amp#27;[0m
    | question     |
    | pythonEditor |
    | run          |
    | submit       |
]]></system-out>
  </testcase>
  <testcase name="Elements on Practice Page #3" classname="Array page features" time="5.751">
    <system-out><![CDATA[
@arraypage
Scenario: Elements on Practice Page                                     &amp#27;[90m# src/test/resources/AppFeatures/ArrayPage.feature:96&amp#27;[0m
Browser name is: chrome
login with uname: Pratiksha and passwd: Aggarwal
  &amp#27;[32mGiven &amp#27;[0m&amp#27;[32mthe user has already logged in the home page using for Array&amp#27;[0m    &amp#27;[90m# stepdefinitions.ArrayPageSteps.the_user_has_already_logged_in_the_home_page_using_for_Array(io.cucumber.datatable.DataTable)&amp#27;[0m
    | username  | password |
    | Pratiksha | Aggarwal |
curentURL:https://dsportalapp.herokuapp.com/array/practice
  &amp#27;[32mGiven &amp#27;[0m&amp#27;[32mThe user is on the &amp#27;[0m&amp#27;[32m&amp#27;[1m"array/practice"&amp#27;[0m&amp#27;[32m Page&amp#27;[0m                        &amp#27;[90m# stepdefinitions.ArrayPageSteps.the_user_is_on_the_python_page(java.lang.String)&amp#27;[0m
curentURL:https://dsportalapp.herokuapp.com/question/3
  &amp#27;[32mWhen &amp#27;[0m&amp#27;[32mThe user clicks a &amp#27;[0m&amp#27;[32m&amp#27;[1m"Find Numbers with Even Number of Digits"&amp#27;[0m&amp#27;[32m link&amp#27;[0m &amp#27;[90m# stepdefinitions.ArrayPageSteps.the_user_clicks_a_page_link(java.lang.String)&amp#27;[0m
[]
[Ljava.lang.Object;@27f08182
  &amp#27;[32mThen &amp#27;[0m&amp#27;[32mThe Page should have following elements&amp#27;[0m                          &amp#27;[90m# stepdefinitions.ArrayPageSteps.the_page_should_have_the_elements(io.cucumber.datatable.DataTable)&amp#27;[0m
    | question     |
    | pythonEditor |
    | run          |
    | submit       |
]]></system-out>
  </testcase>
  <testcase name="Elements on Practice Page #4" classname="Array page features" time="5.888">
    <system-out><![CDATA[
@arraypage
Scenario: Elements on Practice Page                                  &amp#27;[90m# src/test/resources/AppFeatures/ArrayPage.feature:106&amp#27;[0m
Browser name is: chrome
login with uname: Pratiksha and passwd: Aggarwal
  &amp#27;[32mGiven &amp#27;[0m&amp#27;[32mthe user has already logged in the home page using for Array&amp#27;[0m &amp#27;[90m# stepdefinitions.ArrayPageSteps.the_user_has_already_logged_in_the_home_page_using_for_Array(io.cucumber.datatable.DataTable)&amp#27;[0m
    | username  | password |
    | Pratiksha | Aggarwal |
curentURL:https://dsportalapp.herokuapp.com/array/practice
  &amp#27;[32mGiven &amp#27;[0m&amp#27;[32mThe user is on the &amp#27;[0m&amp#27;[32m&amp#27;[1m"array/practice"&amp#27;[0m&amp#27;[32m Page&amp#27;[0m                     &amp#27;[90m# stepdefinitions.ArrayPageSteps.the_user_is_on_the_python_page(java.lang.String)&amp#27;[0m
curentURL:https://dsportalapp.herokuapp.com/question/4
  &amp#27;[32mWhen &amp#27;[0m&amp#27;[32mThe user clicks a &amp#27;[0m&amp#27;[32m&amp#27;[1m"Squares of a Sorted Array"&amp#27;[0m&amp#27;[32m link&amp#27;[0m            &amp#27;[90m# stepdefinitions.ArrayPageSteps.the_user_clicks_a_page_link(java.lang.String)&amp#27;[0m
[]
[Ljava.lang.Object;@418aa65f
  &amp#27;[32mThen &amp#27;[0m&amp#27;[32mThe Page should have following elements&amp#27;[0m                       &amp#27;[90m# stepdefinitions.ArrayPageSteps.the_page_should_have_the_elements(io.cucumber.datatable.DataTable)&amp#27;[0m
    | question     |
    | pythonEditor |
    | run          |
    | submit       |
]]></system-out>
  </testcase>
  <testcase name="The user clicks Run on Python Editor of Array In Python Page without entering code" classname="Array page features" time="6.966">
    <system-out><![CDATA[
@arraypage
Scenario: The user clicks Run on Python Editor of Array In Python Page without entering code &amp#27;[90m# src/test/resources/AppFeatures/ArrayPage.feature:118&amp#27;[0m
Browser name is: chrome
login with uname: Pratiksha and passwd: Aggarwal
  &amp#27;[32mGiven &amp#27;[0m&amp#27;[32mthe user has already logged in the home page using for Array&amp#27;[0m                         &amp#27;[90m# stepdefinitions.ArrayPageSteps.the_user_has_already_logged_in_the_home_page_using_for_Array(io.cucumber.datatable.DataTable)&amp#27;[0m
    | username  | password |
    | Pratiksha | Aggarwal |
curentURL:https://dsportalapp.herokuapp.com/array/arrays-in-python/
  &amp#27;[32mGiven &amp#27;[0m&amp#27;[32mThe user is on the &amp#27;[0m&amp#27;[32m&amp#27;[1m"array/arrays-in-python/"&amp#27;[0m&amp#27;[32m Page&amp#27;[0m                                    &amp#27;[90m# stepdefinitions.ArrayPageSteps.the_user_is_on_the_python_page(java.lang.String)&amp#27;[0m
curentURL:https://dsportalapp.herokuapp.com/array/arrays-in-python/
  &amp#27;[32mAnd &amp#27;[0m&amp#27;[32mThe user clicks Try Here button of &amp#27;[0m&amp#27;[32m&amp#27;[1m"Arrays In Python"&amp#27;[0m&amp#27;[32m Page&amp#27;[0m                             &amp#27;[90m# stepdefinitions.ArrayPageSteps.the_user_clicks_try_here_button_of_in_a_page(java.lang.String)&amp#27;[0m
curentURL:https://dsportalapp.herokuapp.com/tryEditor
  &amp#27;[32mAnd &amp#27;[0m&amp#27;[32mThe user is on the &amp#27;[0m&amp#27;[32m&amp#27;[1m"tryEditor"&amp#27;[0m&amp#27;[32m Page&amp#27;[0m                                                    &amp#27;[90m# stepdefinitions.ArrayPageSteps.the_user_is_on_the_python_page(java.lang.String)&amp#27;[0m
curentURL:https://dsportalapp.herokuapp.com/tryEditor
in try here current url: https://dsportalapp.herokuapp.com/tryEditor
clicking: run
  &amp#27;[32mWhen &amp#27;[0m&amp#27;[32mThe user clicks &amp#27;[0m&amp#27;[32m&amp#27;[1m"run"&amp#27;[0m&amp#27;[32m with code &amp#27;[0m&amp#27;[32m&amp#27;[1m"false"&amp#27;[0m                                               &amp#27;[90m# stepdefinitions.ArrayPageSteps.the_user_clicks_element_in_a_page(java.lang.String,java.lang.String)&amp#27;[0m
  &amp#27;[32mThen &amp#27;[0m&amp#27;[32mOuput Displayed &amp#27;[0m&amp#27;[32m&amp#27;[1m"false"&amp#27;[0m                                                               &amp#27;[90m# stepdefinitions.ArrayPageSteps.output_is_seen_in_the_console(java.lang.String)&amp#27;[0m
  &amp#27;[32mAnd &amp#27;[0m&amp#27;[32mError message &amp#27;[0m&amp#27;[32m&amp#27;[1m"false"&amp#27;[0m                                                                  &amp#27;[90m# stepdefinitions.ArrayPageSteps.no_error_message_is_displayed(java.lang.String)&amp#27;[0m
]]></system-out>
  </testcase>
  <testcase name="The user clicks Run on Python Editor of Array In Python Page by enterering invalid code" classname="Array page features" time="8.166">
    <system-out><![CDATA[
@arraypage
Scenario: The user clicks Run on Python Editor of Array In Python Page by enterering invalid code &amp#27;[90m# src/test/resources/AppFeatures/ArrayPage.feature:127&amp#27;[0m
Browser name is: chrome
login with uname: Pratiksha and passwd: Aggarwal
  &amp#27;[32mGiven &amp#27;[0m&amp#27;[32mthe user has already logged in the home page using for Array&amp#27;[0m                              &amp#27;[90m# stepdefinitions.ArrayPageSteps.the_user_has_already_logged_in_the_home_page_using_for_Array(io.cucumber.datatable.DataTable)&amp#27;[0m
    | username  | password |
    | Pratiksha | Aggarwal |
curentURL:https://dsportalapp.herokuapp.com/array/arrays-in-python/
  &amp#27;[32mGiven &amp#27;[0m&amp#27;[32mThe user is on the &amp#27;[0m&amp#27;[32m&amp#27;[1m"array/arrays-in-python/"&amp#27;[0m&amp#27;[32m Page&amp#27;[0m                                         &amp#27;[90m# stepdefinitions.ArrayPageSteps.the_user_is_on_the_python_page(java.lang.String)&amp#27;[0m
curentURL:https://dsportalapp.herokuapp.com/array/arrays-in-python/
  &amp#27;[32mAnd &amp#27;[0m&amp#27;[32mThe user clicks Try Here button of &amp#27;[0m&amp#27;[32m&amp#27;[1m"Arrays In Python"&amp#27;[0m&amp#27;[32m Page&amp#27;[0m                                  &amp#27;[90m# stepdefinitions.ArrayPageSteps.the_user_clicks_try_here_button_of_in_a_page(java.lang.String)&amp#27;[0m
curentURL:https://dsportalapp.herokuapp.com/tryEditor
  &amp#27;[32mAnd &amp#27;[0m&amp#27;[32mThe user is on the &amp#27;[0m&amp#27;[32m&amp#27;[1m"tryEditor"&amp#27;[0m&amp#27;[32m Page&amp#27;[0m                                                         &amp#27;[90m# stepdefinitions.ArrayPageSteps.the_user_is_on_the_python_page(java.lang.String)&amp#27;[0m
curentURL:https://dsportalapp.herokuapp.com/tryEditor
  &amp#27;[32mWhen &amp#27;[0m&amp#27;[32mThe user writes &amp#27;[0m&amp#27;[32m&amp#27;[1m"invalid"&amp#27;[0m&amp#27;[32m code for &amp#27;[0m&amp#27;[32m&amp#27;[1m"1"&amp#27;[0m                                                     &amp#27;[90m# stepdefinitions.ArrayPageSteps.the_user_writes_invalid_code(java.lang.String,java.lang.String)&amp#27;[0m
curentURL:https://dsportalapp.herokuapp.com/tryEditor
in try here current url: https://dsportalapp.herokuapp.com/tryEditor
clicking: run
  &amp#27;[32mAnd &amp#27;[0m&amp#27;[32mThe user clicks &amp#27;[0m&amp#27;[32m&amp#27;[1m"run"&amp#27;[0m&amp#27;[32m with code &amp#27;[0m&amp#27;[32m&amp#27;[1m"true"&amp#27;[0m                                                      &amp#27;[90m# stepdefinitions.ArrayPageSteps.the_user_clicks_element_in_a_page(java.lang.String,java.lang.String)&amp#27;[0m
  &amp#27;[32mThen &amp#27;[0m&amp#27;[32mError message &amp#27;[0m&amp#27;[32m&amp#27;[1m"true"&amp#27;[0m                                                                       &amp#27;[90m# stepdefinitions.ArrayPageSteps.no_error_message_is_displayed(java.lang.String)&amp#27;[0m
]]></system-out>
  </testcase>
  <testcase name="The user clicks Run on Python Editor of Array In Python Page and entering valid code" classname="Array page features" time="8.703">
    <system-out><![CDATA[
@arraypage
Scenario: The user clicks Run on Python Editor of Array In Python Page and entering valid code &amp#27;[90m# src/test/resources/AppFeatures/ArrayPage.feature:136&amp#27;[0m
Browser name is: chrome
login with uname: Pratiksha and passwd: Aggarwal
  &amp#27;[32mGiven &amp#27;[0m&amp#27;[32mthe user has already logged in the home page using for Array&amp#27;[0m                           &amp#27;[90m# stepdefinitions.ArrayPageSteps.the_user_has_already_logged_in_the_home_page_using_for_Array(io.cucumber.datatable.DataTable)&amp#27;[0m
    | username  | password |
    | Pratiksha | Aggarwal |
curentURL:https://dsportalapp.herokuapp.com/array/arrays-in-python/
  &amp#27;[32mGiven &amp#27;[0m&amp#27;[32mThe user is on the &amp#27;[0m&amp#27;[32m&amp#27;[1m"array/arrays-in-python/"&amp#27;[0m&amp#27;[32m Page&amp#27;[0m                                      &amp#27;[90m# stepdefinitions.ArrayPageSteps.the_user_is_on_the_python_page(java.lang.String)&amp#27;[0m
curentURL:https://dsportalapp.herokuapp.com/array/arrays-in-python/
  &amp#27;[32mAnd &amp#27;[0m&amp#27;[32mThe user clicks Try Here button of &amp#27;[0m&amp#27;[32m&amp#27;[1m"Arrays In Python"&amp#27;[0m&amp#27;[32m Page&amp#27;[0m                               &amp#27;[90m# stepdefinitions.ArrayPageSteps.the_user_clicks_try_here_button_of_in_a_page(java.lang.String)&amp#27;[0m
curentURL:https://dsportalapp.herokuapp.com/tryEditor
  &amp#27;[32mAnd &amp#27;[0m&amp#27;[32mThe user is on the &amp#27;[0m&amp#27;[32m&amp#27;[1m"tryEditor"&amp#27;[0m&amp#27;[32m Page&amp#27;[0m                                                      &amp#27;[90m# stepdefinitions.ArrayPageSteps.the_user_is_on_the_python_page(java.lang.String)&amp#27;[0m
curentURL:https://dsportalapp.herokuapp.com/tryEditor
0
0
0
0
0
2
0
0
0
  &amp#27;[32mWhen &amp#27;[0m&amp#27;[32mThe user writes &amp#27;[0m&amp#27;[32m&amp#27;[1m"valid"&amp#27;[0m&amp#27;[32m code for &amp#27;[0m&amp#27;[32m&amp#27;[1m"1"&amp#27;[0m                                                    &amp#27;[90m# stepdefinitions.ArrayPageSteps.the_user_writes_invalid_code(java.lang.String,java.lang.String)&amp#27;[0m
curentURL:https://dsportalapp.herokuapp.com/tryEditor
in try here current url: https://dsportalapp.herokuapp.com/tryEditor
clicking: run
  &amp#27;[32mAnd &amp#27;[0m&amp#27;[32mThe user clicks &amp#27;[0m&amp#27;[32m&amp#27;[1m"run"&amp#27;[0m&amp#27;[32m with code &amp#27;[0m&amp#27;[32m&amp#27;[1m"true"&amp#27;[0m                                                   &amp#27;[90m# stepdefinitions.ArrayPageSteps.the_user_clicks_element_in_a_page(java.lang.String,java.lang.String)&amp#27;[0m
  &amp#27;[32mThen &amp#27;[0m&amp#27;[32mOuput Displayed &amp#27;[0m&amp#27;[32m&amp#27;[1m"true"&amp#27;[0m                                                                  &amp#27;[90m# stepdefinitions.ArrayPageSteps.output_is_seen_in_the_console(java.lang.String)&amp#27;[0m
]]></system-out>
  </testcase>
  <testcase name="The user clicks Run on Python Editor of Arrays Using List Page without entering code" classname="Array page features" time="6.06">
    <system-out><![CDATA[
@arraypage
Scenario: The user clicks Run on Python Editor of Arrays Using List Page without entering code &amp#27;[90m# src/test/resources/AppFeatures/ArrayPage.feature:146&amp#27;[0m
Browser name is: chrome
login with uname: Pratiksha and passwd: Aggarwal
  &amp#27;[32mGiven &amp#27;[0m&amp#27;[32mthe user has already logged in the home page using for Array&amp#27;[0m                           &amp#27;[90m# stepdefinitions.ArrayPageSteps.the_user_has_already_logged_in_the_home_page_using_for_Array(io.cucumber.datatable.DataTable)&amp#27;[0m
    | username  | password |
    | Pratiksha | Aggarwal |
curentURL:https://dsportalapp.herokuapp.com/array/arrays-using-list/
  &amp#27;[32mGiven &amp#27;[0m&amp#27;[32mThe user is on the &amp#27;[0m&amp#27;[32m&amp#27;[1m"array/arrays-using-list/"&amp#27;[0m&amp#27;[32m Page&amp#27;[0m                                     &amp#27;[90m# stepdefinitions.ArrayPageSteps.the_user_is_on_the_python_page(java.lang.String)&amp#27;[0m
curentURL:https://dsportalapp.herokuapp.com/array/arrays-using-list/
  &amp#27;[32mAnd &amp#27;[0m&amp#27;[32mThe user clicks Try Here button of &amp#27;[0m&amp#27;[32m&amp#27;[1m"Arrays Using List"&amp#27;[0m&amp#27;[32m Page&amp#27;[0m                              &amp#27;[90m# stepdefinitions.ArrayPageSteps.the_user_clicks_try_here_button_of_in_a_page(java.lang.String)&amp#27;[0m
curentURL:https://dsportalapp.herokuapp.com/tryEditor
  &amp#27;[32mAnd &amp#27;[0m&amp#27;[32mThe user is on the &amp#27;[0m&amp#27;[32m&amp#27;[1m"tryEditor"&amp#27;[0m&amp#27;[32m Page&amp#27;[0m                                                      &amp#27;[90m# stepdefinitions.ArrayPageSteps.the_user_is_on_the_python_page(java.lang.String)&amp#27;[0m
curentURL:https://dsportalapp.herokuapp.com/tryEditor
in try here current url: https://dsportalapp.herokuapp.com/tryEditor
clicking: run
  &amp#27;[32mWhen &amp#27;[0m&amp#27;[32mThe user clicks &amp#27;[0m&amp#27;[32m&amp#27;[1m"run"&amp#27;[0m&amp#27;[32m with code &amp#27;[0m&amp#27;[32m&amp#27;[1m"false"&amp#27;[0m                                                 &amp#27;[90m# stepdefinitions.ArrayPageSteps.the_user_clicks_element_in_a_page(java.lang.String,java.lang.String)&amp#27;[0m
  &amp#27;[32mThen &amp#27;[0m&amp#27;[32mOuput Displayed &amp#27;[0m&amp#27;[32m&amp#27;[1m"false"&amp#27;[0m                                                                 &amp#27;[90m# stepdefinitions.ArrayPageSteps.output_is_seen_in_the_console(java.lang.String)&amp#27;[0m
  &amp#27;[32mAnd &amp#27;[0m&amp#27;[32mError message &amp#27;[0m&amp#27;[32m&amp#27;[1m"false"&amp#27;[0m                                                                    &amp#27;[90m# stepdefinitions.ArrayPageSteps.no_error_message_is_displayed(java.lang.String)&amp#27;[0m
]]></system-out>
  </testcase>
  <testcase name="The user clicks Run on Python Editor of Arrays Using List Page by enterering invalid code" classname="Array page features" time="5.381">
    <system-out><![CDATA[
@arraypage
Scenario: The user clicks Run on Python Editor of Arrays Using List Page by enterering invalid code &amp#27;[90m# src/test/resources/AppFeatures/ArrayPage.feature:155&amp#27;[0m
Browser name is: chrome
login with uname: Pratiksha and passwd: Aggarwal
  &amp#27;[32mGiven &amp#27;[0m&amp#27;[32mthe user has already logged in the home page using for Array&amp#27;[0m                                &amp#27;[90m# stepdefinitions.ArrayPageSteps.the_user_has_already_logged_in_the_home_page_using_for_Array(io.cucumber.datatable.DataTable)&amp#27;[0m
    | username  | password |
    | Pratiksha | Aggarwal |
curentURL:https://dsportalapp.herokuapp.com/array/arrays-using-list/
  &amp#27;[32mGiven &amp#27;[0m&amp#27;[32mThe user is on the &amp#27;[0m&amp#27;[32m&amp#27;[1m"array/arrays-using-list/"&amp#27;[0m&amp#27;[32m Page&amp#27;[0m                                          &amp#27;[90m# stepdefinitions.ArrayPageSteps.the_user_is_on_the_python_page(java.lang.String)&amp#27;[0m
curentURL:https://dsportalapp.herokuapp.com/array/arrays-using-list/
  &amp#27;[32mAnd &amp#27;[0m&amp#27;[32mThe user clicks Try Here button of &amp#27;[0m&amp#27;[32m&amp#27;[1m"Arrays Using List"&amp#27;[0m&amp#27;[32m Page&amp#27;[0m                                   &amp#27;[90m# stepdefinitions.ArrayPageSteps.the_user_clicks_try_here_button_of_in_a_page(java.lang.String)&amp#27;[0m
curentURL:https://dsportalapp.herokuapp.com/tryEditor
  &amp#27;[32mAnd &amp#27;[0m&amp#27;[32mThe user is on the &amp#27;[0m&amp#27;[32m&amp#27;[1m"tryEditor"&amp#27;[0m&amp#27;[32m Page&amp#27;[0m                                                           &amp#27;[90m# stepdefinitions.ArrayPageSteps.the_user_is_on_the_python_page(java.lang.String)&amp#27;[0m
curentURL:https://dsportalapp.herokuapp.com/tryEditor
  &amp#27;[32mWhen &amp#27;[0m&amp#27;[32mThe user writes &amp#27;[0m&amp#27;[32m&amp#27;[1m"invalid"&amp#27;[0m&amp#27;[32m code for &amp#27;[0m&amp#27;[32m&amp#27;[1m"1"&amp#27;[0m                                                       &amp#27;[90m# stepdefinitions.ArrayPageSteps.the_user_writes_invalid_code(java.lang.String,java.lang.String)&amp#27;[0m
curentURL:https://dsportalapp.herokuapp.com/tryEditor
in try here current url: https://dsportalapp.herokuapp.com/tryEditor
clicking: run
  &amp#27;[32mAnd &amp#27;[0m&amp#27;[32mThe user clicks &amp#27;[0m&amp#27;[32m&amp#27;[1m"run"&amp#27;[0m&amp#27;[32m with code &amp#27;[0m&amp#27;[32m&amp#27;[1m"true"&amp#27;[0m                                                        &amp#27;[90m# stepdefinitions.ArrayPageSteps.the_user_clicks_element_in_a_page(java.lang.String,java.lang.String)&amp#27;[0m
  &amp#27;[32mThen &amp#27;[0m&amp#27;[32mError message &amp#27;[0m&amp#27;[32m&amp#27;[1m"true"&amp#27;[0m                                                                         &amp#27;[90m# stepdefinitions.ArrayPageSteps.no_error_message_is_displayed(java.lang.String)&amp#27;[0m
]]></system-out>
  </testcase>
  <testcase name="The user clicks Run on Python Editor of Arrays Using List Page and entering valid code" classname="Array page features" time="7.32">
    <system-out><![CDATA[
@arraypage
Scenario: The user clicks Run on Python Editor of Arrays Using List Page and entering valid code &amp#27;[90m# src/test/resources/AppFeatures/ArrayPage.feature:164&amp#27;[0m
Browser name is: chrome
login with uname: Pratiksha and passwd: Aggarwal
  &amp#27;[32mGiven &amp#27;[0m&amp#27;[32mthe user has already logged in the home page using for Array&amp#27;[0m                             &amp#27;[90m# stepdefinitions.ArrayPageSteps.the_user_has_already_logged_in_the_home_page_using_for_Array(io.cucumber.datatable.DataTable)&amp#27;[0m
    | username  | password |
    | Pratiksha | Aggarwal |
curentURL:https://dsportalapp.herokuapp.com/array/arrays-using-list/
  &amp#27;[32mGiven &amp#27;[0m&amp#27;[32mThe user is on the &amp#27;[0m&amp#27;[32m&amp#27;[1m"array/arrays-using-list/"&amp#27;[0m&amp#27;[32m Page&amp#27;[0m                                       &amp#27;[90m# stepdefinitions.ArrayPageSteps.the_user_is_on_the_python_page(java.lang.String)&amp#27;[0m
curentURL:https://dsportalapp.herokuapp.com/array/arrays-using-list/
  &amp#27;[32mAnd &amp#27;[0m&amp#27;[32mThe user clicks Try Here button of &amp#27;[0m&amp#27;[32m&amp#27;[1m"Arrays Using List"&amp#27;[0m&amp#27;[32m Page&amp#27;[0m                                &amp#27;[90m# stepdefinitions.ArrayPageSteps.the_user_clicks_try_here_button_of_in_a_page(java.lang.String)&amp#27;[0m
curentURL:https://dsportalapp.herokuapp.com/tryEditor
  &amp#27;[32mAnd &amp#27;[0m&amp#27;[32mThe user is on the &amp#27;[0m&amp#27;[32m&amp#27;[1m"tryEditor"&amp#27;[0m&amp#27;[32m Page&amp#27;[0m                                                        &amp#27;[90m# stepdefinitions.ArrayPageSteps.the_user_is_on_the_python_page(java.lang.String)&amp#27;[0m
curentURL:https://dsportalapp.herokuapp.com/tryEditor
0
0
0
0
0
2
0
0
0
  &amp#27;[32mWhen &amp#27;[0m&amp#27;[32mThe user writes &amp#27;[0m&amp#27;[32m&amp#27;[1m"valid"&amp#27;[0m&amp#27;[32m code for &amp#27;[0m&amp#27;[32m&amp#27;[1m"1"&amp#27;[0m                                                      &amp#27;[90m# stepdefinitions.ArrayPageSteps.the_user_writes_invalid_code(java.lang.String,java.lang.String)&amp#27;[0m
curentURL:https://dsportalapp.herokuapp.com/tryEditor
in try here current url: https://dsportalapp.herokuapp.com/tryEditor
clicking: run
  &amp#27;[32mAnd &amp#27;[0m&amp#27;[32mThe user clicks &amp#27;[0m&amp#27;[32m&amp#27;[1m"run"&amp#27;[0m&amp#27;[32m with code &amp#27;[0m&amp#27;[32m&amp#27;[1m"true"&amp#27;[0m                                                     &amp#27;[90m# stepdefinitions.ArrayPageSteps.the_user_clicks_element_in_a_page(java.lang.String,java.lang.String)&amp#27;[0m
  &amp#27;[32mThen &amp#27;[0m&amp#27;[32mOuput Displayed &amp#27;[0m&amp#27;[32m&amp#27;[1m"true"&amp#27;[0m                                                                    &amp#27;[90m# stepdefinitions.ArrayPageSteps.output_is_seen_in_the_console(java.lang.String)&amp#27;[0m
]]></system-out>
  </testcase>
  <testcase name="The user clicks Run on Python Editor of Applications of Array Page without entering code" classname="Array page features" time="4.92">
    <system-out><![CDATA[
@arraypage
Scenario: The user clicks Run on Python Editor of Applications of Array Page without entering code &amp#27;[90m# src/test/resources/AppFeatures/ArrayPage.feature:174&amp#27;[0m
Browser name is: chrome
login with uname: Pratiksha and passwd: Aggarwal
  &amp#27;[32mGiven &amp#27;[0m&amp#27;[32mthe user has already logged in the home page using for Array&amp#27;[0m                               &amp#27;[90m# stepdefinitions.ArrayPageSteps.the_user_has_already_logged_in_the_home_page_using_for_Array(io.cucumber.datatable.DataTable)&amp#27;[0m
    | username  | password |
    | Pratiksha | Aggarwal |
curentURL:https://dsportalapp.herokuapp.com/array/applications-of-array/
  &amp#27;[32mGiven &amp#27;[0m&amp#27;[32mThe user is on the &amp#27;[0m&amp#27;[32m&amp#27;[1m"array/applications-of-array/"&amp#27;[0m&amp#27;[32m Page&amp#27;[0m                                     &amp#27;[90m# stepdefinitions.ArrayPageSteps.the_user_is_on_the_python_page(java.lang.String)&amp#27;[0m
curentURL:https://dsportalapp.herokuapp.com/array/applications-of-array/
  &amp#27;[32mAnd &amp#27;[0m&amp#27;[32mThe user clicks Try Here button of &amp#27;[0m&amp#27;[32m&amp#27;[1m"Applications of Array"&amp#27;[0m&amp#27;[32m Page&amp#27;[0m                              &amp#27;[90m# stepdefinitions.ArrayPageSteps.the_user_clicks_try_here_button_of_in_a_page(java.lang.String)&amp#27;[0m
curentURL:https://dsportalapp.herokuapp.com/tryEditor
  &amp#27;[32mAnd &amp#27;[0m&amp#27;[32mThe user is on the &amp#27;[0m&amp#27;[32m&amp#27;[1m"tryEditor"&amp#27;[0m&amp#27;[32m Page&amp#27;[0m                                                          &amp#27;[90m# stepdefinitions.ArrayPageSteps.the_user_is_on_the_python_page(java.lang.String)&amp#27;[0m
curentURL:https://dsportalapp.herokuapp.com/tryEditor
in try here current url: https://dsportalapp.herokuapp.com/tryEditor
clicking: run
  &amp#27;[32mWhen &amp#27;[0m&amp#27;[32mThe user clicks &amp#27;[0m&amp#27;[32m&amp#27;[1m"run"&amp#27;[0m&amp#27;[32m with code &amp#27;[0m&amp#27;[32m&amp#27;[1m"false"&amp#27;[0m                                                     &amp#27;[90m# stepdefinitions.ArrayPageSteps.the_user_clicks_element_in_a_page(java.lang.String,java.lang.String)&amp#27;[0m
  &amp#27;[32mThen &amp#27;[0m&amp#27;[32mOuput Displayed &amp#27;[0m&amp#27;[32m&amp#27;[1m"false"&amp#27;[0m                                                                     &amp#27;[90m# stepdefinitions.ArrayPageSteps.output_is_seen_in_the_console(java.lang.String)&amp#27;[0m
  &amp#27;[32mAnd &amp#27;[0m&amp#27;[32mError message &amp#27;[0m&amp#27;[32m&amp#27;[1m"false"&amp#27;[0m                                                                        &amp#27;[90m# stepdefinitions.ArrayPageSteps.no_error_message_is_displayed(java.lang.String)&amp#27;[0m
]]></system-out>
  </testcase>
  <testcase name="The user clicks Run on Python Editor of Applications of Array Page by enterering invalid code" classname="Array page features" time="5.246">
    <system-out><![CDATA[
@arraypage
Scenario: The user clicks Run on Python Editor of Applications of Array Page by enterering invalid code &amp#27;[90m# src/test/resources/AppFeatures/ArrayPage.feature:183&amp#27;[0m
Browser name is: chrome
login with uname: Pratiksha and passwd: Aggarwal
  &amp#27;[32mGiven &amp#27;[0m&amp#27;[32mthe user has already logged in the home page using for Array&amp#27;[0m                                    &amp#27;[90m# stepdefinitions.ArrayPageSteps.the_user_has_already_logged_in_the_home_page_using_for_Array(io.cucumber.datatable.DataTable)&amp#27;[0m
    | username  | password |
    | Pratiksha | Aggarwal |
curentURL:https://dsportalapp.herokuapp.com/array/applications-of-array/
  &amp#27;[32mGiven &amp#27;[0m&amp#27;[32mThe user is on the &amp#27;[0m&amp#27;[32m&amp#27;[1m"array/applications-of-array/"&amp#27;[0m&amp#27;[32m Page&amp#27;[0m                                          &amp#27;[90m# stepdefinitions.ArrayPageSteps.the_user_is_on_the_python_page(java.lang.String)&amp#27;[0m
curentURL:https://dsportalapp.herokuapp.com/array/applications-of-array/
  &amp#27;[32mAnd &amp#27;[0m&amp#27;[32mThe user clicks Try Here button of &amp#27;[0m&amp#27;[32m&amp#27;[1m"Applications of Array"&amp#27;[0m&amp#27;[32m Page&amp#27;[0m                                   &amp#27;[90m# stepdefinitions.ArrayPageSteps.the_user_clicks_try_here_button_of_in_a_page(java.lang.String)&amp#27;[0m
curentURL:https://dsportalapp.herokuapp.com/tryEditor
  &amp#27;[32mAnd &amp#27;[0m&amp#27;[32mThe user is on the &amp#27;[0m&amp#27;[32m&amp#27;[1m"tryEditor"&amp#27;[0m&amp#27;[32m Page&amp#27;[0m                                                               &amp#27;[90m# stepdefinitions.ArrayPageSteps.the_user_is_on_the_python_page(java.lang.String)&amp#27;[0m
curentURL:https://dsportalapp.herokuapp.com/tryEditor
  &amp#27;[32mWhen &amp#27;[0m&amp#27;[32mThe user writes &amp#27;[0m&amp#27;[32m&amp#27;[1m"invalid"&amp#27;[0m&amp#27;[32m code for &amp#27;[0m&amp#27;[32m&amp#27;[1m"1"&amp#27;[0m                                                           &amp#27;[90m# stepdefinitions.ArrayPageSteps.the_user_writes_invalid_code(java.lang.String,java.lang.String)&amp#27;[0m
curentURL:https://dsportalapp.herokuapp.com/tryEditor
in try here current url: https://dsportalapp.herokuapp.com/tryEditor
clicking: run
  &amp#27;[32mAnd &amp#27;[0m&amp#27;[32mThe user clicks &amp#27;[0m&amp#27;[32m&amp#27;[1m"run"&amp#27;[0m&amp#27;[32m with code &amp#27;[0m&amp#27;[32m&amp#27;[1m"true"&amp#27;[0m                                                            &amp#27;[90m# stepdefinitions.ArrayPageSteps.the_user_clicks_element_in_a_page(java.lang.String,java.lang.String)&amp#27;[0m
  &amp#27;[32mThen &amp#27;[0m&amp#27;[32mError message &amp#27;[0m&amp#27;[32m&amp#27;[1m"true"&amp#27;[0m                                                                             &amp#27;[90m# stepdefinitions.ArrayPageSteps.no_error_message_is_displayed(java.lang.String)&amp#27;[0m
]]></system-out>
  </testcase>
  <testcase name="The user clicks Run on Python Editor of Applications of Array Page and entering valid code" classname="Array page features" time="7.433">
    <system-out><![CDATA[
@arraypage
Scenario: The user clicks Run on Python Editor of Applications of Array Page and entering valid code &amp#27;[90m# src/test/resources/AppFeatures/ArrayPage.feature:192&amp#27;[0m
Browser name is: chrome
login with uname: Pratiksha and passwd: Aggarwal
  &amp#27;[32mGiven &amp#27;[0m&amp#27;[32mthe user has already logged in the home page using for Array&amp#27;[0m                                 &amp#27;[90m# stepdefinitions.ArrayPageSteps.the_user_has_already_logged_in_the_home_page_using_for_Array(io.cucumber.datatable.DataTable)&amp#27;[0m
    | username  | password |
    | Pratiksha | Aggarwal |
curentURL:https://dsportalapp.herokuapp.com/array/applications-of-array/
  &amp#27;[32mGiven &amp#27;[0m&amp#27;[32mThe user is on the &amp#27;[0m&amp#27;[32m&amp#27;[1m"array/applications-of-array/"&amp#27;[0m&amp#27;[32m Page&amp#27;[0m                                       &amp#27;[90m# stepdefinitions.ArrayPageSteps.the_user_is_on_the_python_page(java.lang.String)&amp#27;[0m
curentURL:https://dsportalapp.herokuapp.com/array/applications-of-array/
  &amp#27;[32mAnd &amp#27;[0m&amp#27;[32mThe user clicks Try Here button of &amp#27;[0m&amp#27;[32m&amp#27;[1m"Applications of Array"&amp#27;[0m&amp#27;[32m Page&amp#27;[0m                                &amp#27;[90m# stepdefinitions.ArrayPageSteps.the_user_clicks_try_here_button_of_in_a_page(java.lang.String)&amp#27;[0m
curentURL:https://dsportalapp.herokuapp.com/tryEditor
  &amp#27;[32mAnd &amp#27;[0m&amp#27;[32mThe user is on the &amp#27;[0m&amp#27;[32m&amp#27;[1m"tryEditor"&amp#27;[0m&amp#27;[32m Page&amp#27;[0m                                                            &amp#27;[90m# stepdefinitions.ArrayPageSteps.the_user_is_on_the_python_page(java.lang.String)&amp#27;[0m
curentURL:https://dsportalapp.herokuapp.com/tryEditor
0
0
0
0
0
2
0
0
0
  &amp#27;[32mWhen &amp#27;[0m&amp#27;[32mThe user writes &amp#27;[0m&amp#27;[32m&amp#27;[1m"valid"&amp#27;[0m&amp#27;[32m code for &amp#27;[0m&amp#27;[32m&amp#27;[1m"1"&amp#27;[0m                                                          &amp#27;[90m# stepdefinitions.ArrayPageSteps.the_user_writes_invalid_code(java.lang.String,java.lang.String)&amp#27;[0m
curentURL:https://dsportalapp.herokuapp.com/tryEditor
in try here current url: https://dsportalapp.herokuapp.com/tryEditor
clicking: run
  &amp#27;[32mAnd &amp#27;[0m&amp#27;[32mThe user clicks &amp#27;[0m&amp#27;[32m&amp#27;[1m"run"&amp#27;[0m&amp#27;[32m with code &amp#27;[0m&amp#27;[32m&amp#27;[1m"true"&amp#27;[0m                                                         &amp#27;[90m# stepdefinitions.ArrayPageSteps.the_user_clicks_element_in_a_page(java.lang.String,java.lang.String)&amp#27;[0m
  &amp#27;[32mThen &amp#27;[0m&amp#27;[32mOuput Displayed &amp#27;[0m&amp#27;[32m&amp#27;[1m"true"&amp#27;[0m                                                                        &amp#27;[90m# stepdefinitions.ArrayPageSteps.output_is_seen_in_the_console(java.lang.String)&amp#27;[0m
]]></system-out>
  </testcase>
  <testcase name="The user clicks Run on Python Editor of Basic Operations in Lists Page without entering code" classname="Array page features" time="4.712">
    <system-out><![CDATA[
@arraypage
Scenario: The user clicks Run on Python Editor of Basic Operations in Lists Page without entering code &amp#27;[90m# src/test/resources/AppFeatures/ArrayPage.feature:202&amp#27;[0m
Browser name is: chrome
login with uname: Pratiksha and passwd: Aggarwal
  &amp#27;[32mGiven &amp#27;[0m&amp#27;[32mthe user has already logged in the home page using for Array&amp#27;[0m                                   &amp#27;[90m# stepdefinitions.ArrayPageSteps.the_user_has_already_logged_in_the_home_page_using_for_Array(io.cucumber.datatable.DataTable)&amp#27;[0m
    | username  | password |
    | Pratiksha | Aggarwal |
curentURL:https://dsportalapp.herokuapp.com/array/basic-operations-in-lists/
  &amp#27;[32mGiven &amp#27;[0m&amp#27;[32mThe user is on the &amp#27;[0m&amp#27;[32m&amp#27;[1m"array/basic-operations-in-lists/"&amp#27;[0m&amp#27;[32m Page&amp#27;[0m                                     &amp#27;[90m# stepdefinitions.ArrayPageSteps.the_user_is_on_the_python_page(java.lang.String)&amp#27;[0m
curentURL:https://dsportalapp.herokuapp.com/array/basic-operations-in-lists/
  &amp#27;[32mAnd &amp#27;[0m&amp#27;[32mThe user clicks Try Here button of &amp#27;[0m&amp#27;[32m&amp#27;[1m"Basic Operations in Lists"&amp#27;[0m&amp#27;[32m Page&amp#27;[0m                              &amp#27;[90m# stepdefinitions.ArrayPageSteps.the_user_clicks_try_here_button_of_in_a_page(java.lang.String)&amp#27;[0m
curentURL:https://dsportalapp.herokuapp.com/tryEditor
  &amp#27;[32mAnd &amp#27;[0m&amp#27;[32mThe user is on the &amp#27;[0m&amp#27;[32m&amp#27;[1m"tryEditor"&amp#27;[0m&amp#27;[32m Page&amp#27;[0m                                                              &amp#27;[90m# stepdefinitions.ArrayPageSteps.the_user_is_on_the_python_page(java.lang.String)&amp#27;[0m
curentURL:https://dsportalapp.herokuapp.com/tryEditor
in try here current url: https://dsportalapp.herokuapp.com/tryEditor
clicking: run
  &amp#27;[32mWhen &amp#27;[0m&amp#27;[32mThe user clicks &amp#27;[0m&amp#27;[32m&amp#27;[1m"run"&amp#27;[0m&amp#27;[32m with code &amp#27;[0m&amp#27;[32m&amp#27;[1m"fales"&amp#27;[0m                                                         &amp#27;[90m# stepdefinitions.ArrayPageSteps.the_user_clicks_element_in_a_page(java.lang.String,java.lang.String)&amp#27;[0m
  &amp#27;[32mThen &amp#27;[0m&amp#27;[32mOuput Displayed &amp#27;[0m&amp#27;[32m&amp#27;[1m"false"&amp#27;[0m                                                                         &amp#27;[90m# stepdefinitions.ArrayPageSteps.output_is_seen_in_the_console(java.lang.String)&amp#27;[0m
  &amp#27;[32mAnd &amp#27;[0m&amp#27;[32mError message &amp#27;[0m&amp#27;[32m&amp#27;[1m"false"&amp#27;[0m                                                                            &amp#27;[90m# stepdefinitions.ArrayPageSteps.no_error_message_is_displayed(java.lang.String)&amp#27;[0m
]]></system-out>
  </testcase>
  <testcase name="The user clicks Run on Python Editor of Basic Operations in Lists Page by enterering invalid code" classname="Array page features" time="4.864">
    <system-out><![CDATA[
@arraypage
Scenario: The user clicks Run on Python Editor of Basic Operations in Lists Page by enterering invalid code &amp#27;[90m# src/test/resources/AppFeatures/ArrayPage.feature:211&amp#27;[0m
Browser name is: chrome
login with uname: Pratiksha and passwd: Aggarwal
  &amp#27;[32mGiven &amp#27;[0m&amp#27;[32mthe user has already logged in the home page using for Array&amp#27;[0m                                        &amp#27;[90m# stepdefinitions.ArrayPageSteps.the_user_has_already_logged_in_the_home_page_using_for_Array(io.cucumber.datatable.DataTable)&amp#27;[0m
    | username  | password |
    | Pratiksha | Aggarwal |
curentURL:https://dsportalapp.herokuapp.com/array/basic-operations-in-lists/
  &amp#27;[32mGiven &amp#27;[0m&amp#27;[32mThe user is on the &amp#27;[0m&amp#27;[32m&amp#27;[1m"array/basic-operations-in-lists/"&amp#27;[0m&amp#27;[32m Page&amp#27;[0m                                          &amp#27;[90m# stepdefinitions.ArrayPageSteps.the_user_is_on_the_python_page(java.lang.String)&amp#27;[0m
curentURL:https://dsportalapp.herokuapp.com/array/basic-operations-in-lists/
  &amp#27;[32mAnd &amp#27;[0m&amp#27;[32mThe user clicks Try Here button of &amp#27;[0m&amp#27;[32m&amp#27;[1m"Basic Operations in Lists"&amp#27;[0m&amp#27;[32m Page&amp#27;[0m                                   &amp#27;[90m# stepdefinitions.ArrayPageSteps.the_user_clicks_try_here_button_of_in_a_page(java.lang.String)&amp#27;[0m
curentURL:https://dsportalapp.herokuapp.com/tryEditor
  &amp#27;[32mAnd &amp#27;[0m&amp#27;[32mThe user is on the &amp#27;[0m&amp#27;[32m&amp#27;[1m"tryEditor"&amp#27;[0m&amp#27;[32m Page&amp#27;[0m                                                                   &amp#27;[90m# stepdefinitions.ArrayPageSteps.the_user_is_on_the_python_page(java.lang.String)&amp#27;[0m
curentURL:https://dsportalapp.herokuapp.com/tryEditor
  &amp#27;[32mWhen &amp#27;[0m&amp#27;[32mThe user writes &amp#27;[0m&amp#27;[32m&amp#27;[1m"invalid"&amp#27;[0m&amp#27;[32m code for &amp#27;[0m&amp#27;[32m&amp#27;[1m"1"&amp#27;[0m                                                               &amp#27;[90m# stepdefinitions.ArrayPageSteps.the_user_writes_invalid_code(java.lang.String,java.lang.String)&amp#27;[0m
curentURL:https://dsportalapp.herokuapp.com/tryEditor
in try here current url: https://dsportalapp.herokuapp.com/tryEditor
clicking: run
  &amp#27;[32mAnd &amp#27;[0m&amp#27;[32mThe user clicks &amp#27;[0m&amp#27;[32m&amp#27;[1m"run"&amp#27;[0m&amp#27;[32m with code &amp#27;[0m&amp#27;[32m&amp#27;[1m"true"&amp#27;[0m                                                                &amp#27;[90m# stepdefinitions.ArrayPageSteps.the_user_clicks_element_in_a_page(java.lang.String,java.lang.String)&amp#27;[0m
  &amp#27;[32mThen &amp#27;[0m&amp#27;[32mError message &amp#27;[0m&amp#27;[32m&amp#27;[1m"true"&amp#27;[0m                                                                                 &amp#27;[90m# stepdefinitions.ArrayPageSteps.no_error_message_is_displayed(java.lang.String)&amp#27;[0m
]]></system-out>
  </testcase>
  <testcase name="The user clicks Run on Python Editor of Basic Operations in Lists Page and entering valid code" classname="Array page features" time="6.502">
    <system-out><![CDATA[
@arraypage
Scenario: The user clicks Run on Python Editor of Basic Operations in Lists Page and entering valid code &amp#27;[90m# src/test/resources/AppFeatures/ArrayPage.feature:220&amp#27;[0m
Browser name is: chrome
login with uname: Pratiksha and passwd: Aggarwal
  &amp#27;[32mGiven &amp#27;[0m&amp#27;[32mthe user has already logged in the home page using for Array&amp#27;[0m                                     &amp#27;[90m# stepdefinitions.ArrayPageSteps.the_user_has_already_logged_in_the_home_page_using_for_Array(io.cucumber.datatable.DataTable)&amp#27;[0m
    | username  | password |
    | Pratiksha | Aggarwal |
curentURL:https://dsportalapp.herokuapp.com/array/basic-operations-in-lists/
  &amp#27;[32mGiven &amp#27;[0m&amp#27;[32mThe user is on the &amp#27;[0m&amp#27;[32m&amp#27;[1m"array/basic-operations-in-lists/"&amp#27;[0m&amp#27;[32m Page&amp#27;[0m                                       &amp#27;[90m# stepdefinitions.ArrayPageSteps.the_user_is_on_the_python_page(java.lang.String)&amp#27;[0m
curentURL:https://dsportalapp.herokuapp.com/array/basic-operations-in-lists/
  &amp#27;[32mAnd &amp#27;[0m&amp#27;[32mThe user clicks Try Here button of &amp#27;[0m&amp#27;[32m&amp#27;[1m"Basic Operations in Lists"&amp#27;[0m&amp#27;[32m Page&amp#27;[0m                                &amp#27;[90m# stepdefinitions.ArrayPageSteps.the_user_clicks_try_here_button_of_in_a_page(java.lang.String)&amp#27;[0m
curentURL:https://dsportalapp.herokuapp.com/tryEditor
  &amp#27;[32mAnd &amp#27;[0m&amp#27;[32mThe user is on the &amp#27;[0m&amp#27;[32m&amp#27;[1m"tryEditor"&amp#27;[0m&amp#27;[32m Page&amp#27;[0m                                                                &amp#27;[90m# stepdefinitions.ArrayPageSteps.the_user_is_on_the_python_page(java.lang.String)&amp#27;[0m
curentURL:https://dsportalapp.herokuapp.com/tryEditor
0
0
0
0
0
2
0
0
0
  &amp#27;[32mWhen &amp#27;[0m&amp#27;[32mThe user writes &amp#27;[0m&amp#27;[32m&amp#27;[1m"valid"&amp#27;[0m&amp#27;[32m code for &amp#27;[0m&amp#27;[32m&amp#27;[1m"1"&amp#27;[0m                                                              &amp#27;[90m# stepdefinitions.ArrayPageSteps.the_user_writes_invalid_code(java.lang.String,java.lang.String)&amp#27;[0m
curentURL:https://dsportalapp.herokuapp.com/tryEditor
in try here current url: https://dsportalapp.herokuapp.com/tryEditor
clicking: run
  &amp#27;[32mAnd &amp#27;[0m&amp#27;[32mThe user clicks &amp#27;[0m&amp#27;[32m&amp#27;[1m"run"&amp#27;[0m&amp#27;[32m with code &amp#27;[0m&amp#27;[32m&amp#27;[1m"true"&amp#27;[0m                                                             &amp#27;[90m# stepdefinitions.ArrayPageSteps.the_user_clicks_element_in_a_page(java.lang.String,java.lang.String)&amp#27;[0m
  &amp#27;[32mThen &amp#27;[0m&amp#27;[32mOuput Displayed &amp#27;[0m&amp#27;[32m&amp#27;[1m"true"&amp#27;[0m                                                                            &amp#27;[90m# stepdefinitions.ArrayPageSteps.output_is_seen_in_the_console(java.lang.String)&amp#27;[0m
]]></system-out>
  </testcase>
  <testcase name="The user clicks Run on Python Editor of Search the Array Practice Page without entering code" classname="Array page features" time="4.157">
    <system-out><![CDATA[
@arraypage
Scenario: The user clicks Run on Python Editor of Search the Array Practice Page without entering code &amp#27;[90m# src/test/resources/AppFeatures/ArrayPage.feature:231&amp#27;[0m
Browser name is: chrome
login with uname: Pratiksha and passwd: Aggarwal
  &amp#27;[32mGiven &amp#27;[0m&amp#27;[32mthe user has already logged in the home page using for Array&amp#27;[0m                                   &amp#27;[90m# stepdefinitions.ArrayPageSteps.the_user_has_already_logged_in_the_home_page_using_for_Array(io.cucumber.datatable.DataTable)&amp#27;[0m
    | username  | password |
    | Pratiksha | Aggarwal |
curentURL:https://dsportalapp.herokuapp.com/question/1
  &amp#27;[32mGiven &amp#27;[0m&amp#27;[32mThe user is on the &amp#27;[0m&amp#27;[32m&amp#27;[1m"question/1"&amp#27;[0m&amp#27;[32m Page&amp#27;[0m                                                           &amp#27;[90m# stepdefinitions.ArrayPageSteps.the_user_is_on_the_python_page(java.lang.String)&amp#27;[0m
curentURL:https://dsportalapp.herokuapp.com/question/1
in try here current url: https://dsportalapp.herokuapp.com/question/1
clicking: run
  &amp#27;[32mWhen &amp#27;[0m&amp#27;[32mThe user clicks &amp#27;[0m&amp#27;[32m&amp#27;[1m"run"&amp#27;[0m&amp#27;[32m with code &amp#27;[0m&amp#27;[32m&amp#27;[1m"false"&amp#27;[0m                                                         &amp#27;[90m# stepdefinitions.ArrayPageSteps.the_user_clicks_element_in_a_page(java.lang.String,java.lang.String)&amp#27;[0m
  &amp#27;[32mThen &amp#27;[0m&amp#27;[32mError message &amp#27;[0m&amp#27;[32m&amp#27;[1m"false"&amp#27;[0m                                                                           &amp#27;[90m# stepdefinitions.ArrayPageSteps.no_error_message_is_displayed(java.lang.String)&amp#27;[0m
  &amp#27;[32mAnd &amp#27;[0m&amp#27;[32mOuput Displayed &amp#27;[0m&amp#27;[32m&amp#27;[1m"false"&amp#27;[0m                                                                          &amp#27;[90m# stepdefinitions.ArrayPageSteps.output_is_seen_in_the_console(java.lang.String)&amp#27;[0m
]]></system-out>
  </testcase>
  <testcase name="The user clicks Run on Python Editor of Search the Array Practice Page by enterering invalid code" classname="Array page features" time="4.2">
    <system-out><![CDATA[
@arraypage
Scenario: The user clicks Run on Python Editor of Search the Array Practice Page by enterering invalid code &amp#27;[90m# src/test/resources/AppFeatures/ArrayPage.feature:238&amp#27;[0m
Browser name is: chrome
login with uname: Pratiksha and passwd: Aggarwal
  &amp#27;[32mGiven &amp#27;[0m&amp#27;[32mthe user has already logged in the home page using for Array&amp#27;[0m                                        &amp#27;[90m# stepdefinitions.ArrayPageSteps.the_user_has_already_logged_in_the_home_page_using_for_Array(io.cucumber.datatable.DataTable)&amp#27;[0m
    | username  | password |
    | Pratiksha | Aggarwal |
curentURL:https://dsportalapp.herokuapp.com/question/1
  &amp#27;[32mGiven &amp#27;[0m&amp#27;[32mThe user is on the &amp#27;[0m&amp#27;[32m&amp#27;[1m"question/1"&amp#27;[0m&amp#27;[32m Page&amp#27;[0m                                                                &amp#27;[90m# stepdefinitions.ArrayPageSteps.the_user_is_on_the_python_page(java.lang.String)&amp#27;[0m
curentURL:https://dsportalapp.herokuapp.com/question/1
  &amp#27;[32mWhen &amp#27;[0m&amp#27;[32mThe user writes &amp#27;[0m&amp#27;[32m&amp#27;[1m"invalid"&amp#27;[0m&amp#27;[32m code for &amp#27;[0m&amp#27;[32m&amp#27;[1m"1"&amp#27;[0m                                                               &amp#27;[90m# stepdefinitions.ArrayPageSteps.the_user_writes_invalid_code(java.lang.String,java.lang.String)&amp#27;[0m
curentURL:https://dsportalapp.herokuapp.com/question/1
in try here current url: https://dsportalapp.herokuapp.com/question/1
clicking: run
  &amp#27;[32mAnd &amp#27;[0m&amp#27;[32mThe user clicks &amp#27;[0m&amp#27;[32m&amp#27;[1m"run"&amp#27;[0m&amp#27;[32m with code &amp#27;[0m&amp#27;[32m&amp#27;[1m"true"&amp#27;[0m                                                                &amp#27;[90m# stepdefinitions.ArrayPageSteps.the_user_clicks_element_in_a_page(java.lang.String,java.lang.String)&amp#27;[0m
  &amp#27;[32mThen &amp#27;[0m&amp#27;[32mError message &amp#27;[0m&amp#27;[32m&amp#27;[1m"true"&amp#27;[0m                                                                                 &amp#27;[90m# stepdefinitions.ArrayPageSteps.no_error_message_is_displayed(java.lang.String)&amp#27;[0m
]]></system-out>
  </testcase>
  <testcase name="The user clicks Run on Python Editor of Search the Array Practice Page and entering valid code" classname="Array page features" time="6.226">
    <system-out><![CDATA[
@arraypage
Scenario: The user clicks Run on Python Editor of Search the Array Practice Page and entering valid code &amp#27;[90m# src/test/resources/AppFeatures/ArrayPage.feature:245&amp#27;[0m
Browser name is: chrome
login with uname: Pratiksha and passwd: Aggarwal
  &amp#27;[32mGiven &amp#27;[0m&amp#27;[32mthe user has already logged in the home page using for Array&amp#27;[0m                                     &amp#27;[90m# stepdefinitions.ArrayPageSteps.the_user_has_already_logged_in_the_home_page_using_for_Array(io.cucumber.datatable.DataTable)&amp#27;[0m
    | username  | password |
    | Pratiksha | Aggarwal |
curentURL:https://dsportalapp.herokuapp.com/question/1
  &amp#27;[32mGiven &amp#27;[0m&amp#27;[32mThe user is on the &amp#27;[0m&amp#27;[32m&amp#27;[1m"question/1"&amp#27;[0m&amp#27;[32m Page&amp#27;[0m                                                             &amp#27;[90m# stepdefinitions.ArrayPageSteps.the_user_is_on_the_python_page(java.lang.String)&amp#27;[0m
curentURL:https://dsportalapp.herokuapp.com/question/1
0
0
0
0
0
2
0
0
0
  &amp#27;[32mWhen &amp#27;[0m&amp#27;[32mThe user writes &amp#27;[0m&amp#27;[32m&amp#27;[1m"valid"&amp#27;[0m&amp#27;[32m code for &amp#27;[0m&amp#27;[32m&amp#27;[1m"1"&amp#27;[0m                                                              &amp#27;[90m# stepdefinitions.ArrayPageSteps.the_user_writes_invalid_code(java.lang.String,java.lang.String)&amp#27;[0m
curentURL:https://dsportalapp.herokuapp.com/question/1
in try here current url: https://dsportalapp.herokuapp.com/question/1
clicking: run
  &amp#27;[32mAnd &amp#27;[0m&amp#27;[32mThe user clicks &amp#27;[0m&amp#27;[32m&amp#27;[1m"run"&amp#27;[0m&amp#27;[32m with code &amp#27;[0m&amp#27;[32m&amp#27;[1m"true"&amp#27;[0m                                                             &amp#27;[90m# stepdefinitions.ArrayPageSteps.the_user_clicks_element_in_a_page(java.lang.String,java.lang.String)&amp#27;[0m
  &amp#27;[32mThen &amp#27;[0m&amp#27;[32mError message &amp#27;[0m&amp#27;[32m&amp#27;[1m"false"&amp#27;[0m                                                                             &amp#27;[90m# stepdefinitions.ArrayPageSteps.no_error_message_is_displayed(java.lang.String)&amp#27;[0m
  &amp#27;[32mThen &amp#27;[0m&amp#27;[32mOuput Displayed &amp#27;[0m&amp#27;[32m&amp#27;[1m"true"&amp#27;[0m                                                                            &amp#27;[90m# stepdefinitions.ArrayPageSteps.output_is_seen_in_the_console(java.lang.String)&amp#27;[0m
]]></system-out>
  </testcase>
  <testcase name="The user clicks Submit on Python Editor of Search the Array Practice Page and entering valid code" classname="Array page features" time="6.045">
    <failure type="java.lang.AssertionError"><![CDATA[java.lang.AssertionError
	at org.junit.Assert.fail(Assert.java:87)
	at org.junit.Assert.assertTrue(Assert.java:42)
	at org.junit.Assert.assertTrue(Assert.java:53)
	at stepdefinitions.ArrayPageSteps.the_user_see_an_error_message(ArrayPageSteps.java:132)
	at ✽.The user see an error message "Error occurred during submission"(file:///C:/Users/14255/OneDrive/Desktop/School/ds%20algo/NoviceNinjas/src/test/resources/AppFeatures/ArrayPage.feature:257)
]]></failure>
    <system-out><![CDATA[
@arraypage
Scenario: The user clicks Submit on Python Editor of Search the Array Practice Page and entering valid code &amp#27;[90m# src/test/resources/AppFeatures/ArrayPage.feature:253&amp#27;[0m
Browser name is: chrome
login with uname: Pratiksha and passwd: Aggarwal
  &amp#27;[32mGiven &amp#27;[0m&amp#27;[32mthe user has already logged in the home page using for Array&amp#27;[0m                                        &amp#27;[90m# stepdefinitions.ArrayPageSteps.the_user_has_already_logged_in_the_home_page_using_for_Array(io.cucumber.datatable.DataTable)&amp#27;[0m
    | username  | password |
    | Pratiksha | Aggarwal |
curentURL:https://dsportalapp.herokuapp.com/question/1
  &amp#27;[32mGiven &amp#27;[0m&amp#27;[32mThe user is on the &amp#27;[0m&amp#27;[32m&amp#27;[1m"question/1"&amp#27;[0m&amp#27;[32m Page&amp#27;[0m                                                                &amp#27;[90m# stepdefinitions.ArrayPageSteps.the_user_is_on_the_python_page(java.lang.String)&amp#27;[0m
curentURL:https://dsportalapp.herokuapp.com/question/1
0
0
0
0
0
2
0
0
0
  &amp#27;[32mWhen &amp#27;[0m&amp#27;[32mThe user writes &amp#27;[0m&amp#27;[32m&amp#27;[1m"valid"&amp#27;[0m&amp#27;[32m code for &amp#27;[0m&amp#27;[32m&amp#27;[1m"1"&amp#27;[0m                                                                 &amp#27;[90m# stepdefinitions.ArrayPageSteps.the_user_writes_invalid_code(java.lang.String,java.lang.String)&amp#27;[0m
curentURL:https://dsportalapp.herokuapp.com/question/1
in try here current url: https://dsportalapp.herokuapp.com/question/1
clicking: submit
  &amp#27;[32mAnd &amp#27;[0m&amp#27;[32mThe user clicks &amp#27;[0m&amp#27;[32m&amp#27;[1m"submit"&amp#27;[0m&amp#27;[32m with code &amp#27;[0m&amp#27;[32m&amp#27;[1m"true"&amp#27;[0m                                                             &amp#27;[90m# stepdefinitions.ArrayPageSteps.the_user_clicks_element_in_a_page(java.lang.String,java.lang.String)&amp#27;[0m
  &amp#27;[31mThen &amp#27;[0m&amp#27;[31mThe user see an error message &amp#27;[0m&amp#27;[31m&amp#27;[1m"Error occurred during submission"&amp#27;[0m                                     &amp#27;[90m# stepdefinitions.ArrayPageSteps.the_user_see_an_error_message(java.lang.String)&amp#27;[0m
      &amp#27;[31mjava.lang.AssertionError
	at org.junit.Assert.fail(Assert.java:87)
	at org.junit.Assert.assertTrue(Assert.java:42)
	at org.junit.Assert.assertTrue(Assert.java:53)
	at stepdefinitions.ArrayPageSteps.the_user_see_an_error_message(ArrayPageSteps.java:132)
	at âœ½.The user see an error message "Error occurred during submission"(file:///C:/Users/14255/OneDrive/Desktop/School/ds%20algo/NoviceNinjas/src/test/resources/AppFeatures/ArrayPage.feature:257)
&amp#27;[0m
The path for the screen shot is: [B@77c66fc3

    Embedding The_user_clicks_Submit_on_Python_Editor_of_Search_the_Array_Practice_Page_and_entering_valid_code [image/png 37197 bytes]

]]></system-out>
  </testcase>
  <testcase name="The user clicks Run on Python Editor of Max Consecutive Ones Practice Page without entering code" classname="Array page features" time="4.304">
    <system-out><![CDATA[
@arraypage
Scenario: The user clicks Run on Python Editor of Max Consecutive Ones Practice Page without entering code &amp#27;[90m# src/test/resources/AppFeatures/ArrayPage.feature:262&amp#27;[0m
Browser name is: chrome
login with uname: Pratiksha and passwd: Aggarwal
  &amp#27;[32mGiven &amp#27;[0m&amp#27;[32mthe user has already logged in the home page using for Array&amp#27;[0m                                       &amp#27;[90m# stepdefinitions.ArrayPageSteps.the_user_has_already_logged_in_the_home_page_using_for_Array(io.cucumber.datatable.DataTable)&amp#27;[0m
    | username  | password |
    | Pratiksha | Aggarwal |
curentURL:https://dsportalapp.herokuapp.com/question/2
  &amp#27;[32mGiven &amp#27;[0m&amp#27;[32mThe user is on the &amp#27;[0m&amp#27;[32m&amp#27;[1m"question/2"&amp#27;[0m&amp#27;[32m Page&amp#27;[0m                                                               &amp#27;[90m# stepdefinitions.ArrayPageSteps.the_user_is_on_the_python_page(java.lang.String)&amp#27;[0m
curentURL:https://dsportalapp.herokuapp.com/question/2
in try here current url: https://dsportalapp.herokuapp.com/question/2
clicking: run
  &amp#27;[32mWhen &amp#27;[0m&amp#27;[32mThe user clicks &amp#27;[0m&amp#27;[32m&amp#27;[1m"run"&amp#27;[0m&amp#27;[32m with code &amp#27;[0m&amp#27;[32m&amp#27;[1m"false"&amp#27;[0m                                                             &amp#27;[90m# stepdefinitions.ArrayPageSteps.the_user_clicks_element_in_a_page(java.lang.String,java.lang.String)&amp#27;[0m
  &amp#27;[32mThen &amp#27;[0m&amp#27;[32mError message &amp#27;[0m&amp#27;[32m&amp#27;[1m"false"&amp#27;[0m                                                                               &amp#27;[90m# stepdefinitions.ArrayPageSteps.no_error_message_is_displayed(java.lang.String)&amp#27;[0m
  &amp#27;[32mAnd &amp#27;[0m&amp#27;[32mOuput Displayed &amp#27;[0m&amp#27;[32m&amp#27;[1m"false"&amp#27;[0m                                                                              &amp#27;[90m# stepdefinitions.ArrayPageSteps.output_is_seen_in_the_console(java.lang.String)&amp#27;[0m
]]></system-out>
  </testcase>
  <testcase name="The user clicks Run on Python Editor of Max Consecutive Ones Practice Page by enterering invalid code" classname="Array page features" time="4.218">
    <system-out><![CDATA[
@arraypage
Scenario: The user clicks Run on Python Editor of Max Consecutive Ones Practice Page by enterering invalid code &amp#27;[90m# src/test/resources/AppFeatures/ArrayPage.feature:269&amp#27;[0m
Browser name is: chrome
login with uname: Pratiksha and passwd: Aggarwal
  &amp#27;[32mGiven &amp#27;[0m&amp#27;[32mthe user has already logged in the home page using for Array&amp#27;[0m                                            &amp#27;[90m# stepdefinitions.ArrayPageSteps.the_user_has_already_logged_in_the_home_page_using_for_Array(io.cucumber.datatable.DataTable)&amp#27;[0m
    | username  | password |
    | Pratiksha | Aggarwal |
curentURL:https://dsportalapp.herokuapp.com/question/2
  &amp#27;[32mGiven &amp#27;[0m&amp#27;[32mThe user is on the &amp#27;[0m&amp#27;[32m&amp#27;[1m"question/2"&amp#27;[0m&amp#27;[32m Page&amp#27;[0m                                                                    &amp#27;[90m# stepdefinitions.ArrayPageSteps.the_user_is_on_the_python_page(java.lang.String)&amp#27;[0m
curentURL:https://dsportalapp.herokuapp.com/question/2
  &amp#27;[32mWhen &amp#27;[0m&amp#27;[32mThe user writes &amp#27;[0m&amp#27;[32m&amp#27;[1m"invalid"&amp#27;[0m&amp#27;[32m code for &amp#27;[0m&amp#27;[32m&amp#27;[1m"2"&amp#27;[0m                                                                   &amp#27;[90m# stepdefinitions.ArrayPageSteps.the_user_writes_invalid_code(java.lang.String,java.lang.String)&amp#27;[0m
curentURL:https://dsportalapp.herokuapp.com/question/2
in try here current url: https://dsportalapp.herokuapp.com/question/2
clicking: run
  &amp#27;[32mAnd &amp#27;[0m&amp#27;[32mThe user clicks &amp#27;[0m&amp#27;[32m&amp#27;[1m"run"&amp#27;[0m&amp#27;[32m with code &amp#27;[0m&amp#27;[32m&amp#27;[1m"true"&amp#27;[0m                                                                    &amp#27;[90m# stepdefinitions.ArrayPageSteps.the_user_clicks_element_in_a_page(java.lang.String,java.lang.String)&amp#27;[0m
  &amp#27;[32mThen &amp#27;[0m&amp#27;[32mError message &amp#27;[0m&amp#27;[32m&amp#27;[1m"true"&amp#27;[0m                                                                                     &amp#27;[90m# stepdefinitions.ArrayPageSteps.no_error_message_is_displayed(java.lang.String)&amp#27;[0m
]]></system-out>
  </testcase>
  <testcase name="The user clicks Run on Python Editor of Max Consecutive Ones Practice Page and entering valid code" classname="Array page features" time="7.108">
    <system-out><![CDATA[
@arraypage
Scenario: The user clicks Run on Python Editor of Max Consecutive Ones Practice Page and entering valid code &amp#27;[90m# src/test/resources/AppFeatures/ArrayPage.feature:276&amp#27;[0m
Browser name is: chrome
login with uname: Pratiksha and passwd: Aggarwal
[...]
    | username  | password |
    | Pratiksha | Aggarwal |
curentURL:https://dsportalapp.herokuapp.com/question/3
  &amp#27;[32mGiven &amp#27;[0m&amp#27;[32mThe user is on the &amp#27;[0m&amp#27;[32m&amp#27;[1m"question/3"&amp#27;[0m&amp#27;[32m Page&amp#27;[0m                                                                                       &amp#27;[90m# stepdefinitions.ArrayPageSteps.the_user_is_on_the_python_page(java.lang.String)&amp#27;[0m
curentURL:https://dsportalapp.herokuapp.com/question/3
  &amp#27;[32mWhen &amp#27;[0m&amp#27;[32mThe user writes &amp#27;[0m&amp#27;[32m&amp#27;[1m"invalid"&amp#27;[0m&amp#27;[32m code for &amp#27;[0m&amp#27;[32m&amp#27;[1m"3"&amp#27;[0m                                                                                      &amp#27;[90m# stepdefinitions.ArrayPageSteps.the_user_writes_invalid_code(java.lang.String,java.lang.String)&amp#27;[0m
curentURL:https://dsportalapp.herokuapp.com/question/3
in try here current url: https://dsportalapp.herokuapp.com/question/3
clicking: run
  &amp#27;[32mAnd &amp#27;[0m&amp#27;[32mThe user clicks &amp#27;[0m&amp#27;[32m&amp#27;[1m"run"&amp#27;[0m&amp#27;[32m with code &amp#27;[0m&amp#27;[32m&amp#27;[1m"true"&amp#27;[0m                                                                                       &amp#27;[90m# stepdefinitions.ArrayPageSteps.the_user_clicks_element_in_a_page(java.lang.String,java.lang.String)&amp#27;[0m
  &amp#27;[32mThen &amp#27;[0m&amp#27;[32mError message &amp#27;[0m&amp#27;[32m&amp#27;[1m"true"&amp#27;[0m                                                                                                        &amp#27;[90m# stepdefinitions.ArrayPageSteps.no_error_message_is_displayed(java.lang.String)&amp#27;[0m
]]></system-out>
  </testcase>
  <testcase name="The user clicks Run on Python Editor of Find Numbers with Even Number of Digits Practice Page and entering valid code" classname="Array page features" time="8.741">
    <system-out><![CDATA[
@arraypage
Scenario: The user clicks Run on Python Editor of Find Numbers with Even Number of Digits Practice Page and entering valid code &amp#27;[90m# src/test/resources/AppFeatures/ArrayPage.feature:307&amp#27;[0m
Browser name is: chrome
login with uname: Pratiksha and passwd: Aggarwal
  &amp#27;[32mGiven &amp#27;[0m&amp#27;[32mthe user has already logged in the home page using for Array&amp#27;[0m                                                            &amp#27;[90m# stepdefinitions.ArrayPageSteps.the_user_has_already_logged_in_the_home_page_using_for_Array(io.cucumber.datatable.DataTable)&amp#27;[0m
    | username  | password |
    | Pratiksha | Aggarwal |
curentURL:https://dsportalapp.herokuapp.com/question/3
  &amp#27;[32mGiven &amp#27;[0m&amp#27;[32mThe user is on the &amp#27;[0m&amp#27;[32m&amp#27;[1m"question/3"&amp#27;[0m&amp#27;[32m Page&amp#27;[0m                                                                                    &amp#27;[90m# stepdefinitions.ArrayPageSteps.the_user_is_on_the_python_page(java.lang.String)&amp#27;[0m
curentURL:https://dsportalapp.herokuapp.com/question/3
0
0
0
0
0
0
0
4
0
0
0
  &amp#27;[32mWhen &amp#27;[0m&amp#27;[32mThe user writes &amp#27;[0m&amp#27;[32m&amp#27;[1m"valid"&amp#27;[0m&amp#27;[32m code for &amp#27;[0m&amp#27;[32m&amp#27;[1m"3"&amp#27;[0m                                                                                     &amp#27;[90m# stepdefinitions.ArrayPageSteps.the_user_writes_invalid_code(java.lang.String,java.lang.String)&amp#27;[0m
curentURL:https://dsportalapp.herokuapp.com/question/3
in try here current url: https://dsportalapp.herokuapp.com/question/3
clicking: run
  &amp#27;[32mAnd &amp#27;[0m&amp#27;[32mThe user clicks &amp#27;[0m&amp#27;[32m&amp#27;[1m"run"&amp#27;[0m&amp#27;[32m with code &amp#27;[0m&amp#27;[32m&amp#27;[1m"true"&amp#27;[0m                                                                                    &amp#27;[90m# stepdefinitions.ArrayPageSteps.the_user_clicks_element_in_a_page(java.lang.String,java.lang.String)&amp#27;[0m
  &amp#27;[32mThen &amp#27;[0m&amp#27;[32mError message &amp#27;[0m&amp#27;[32m&amp#27;[1m"false"&amp#27;[0m                                                                                                    &amp#27;[90m# stepdefinitions.ArrayPageSteps.no_error_message_is_displayed(java.lang.String)&amp#27;[0m
  &amp#27;[32mThen &amp#27;[0m&amp#27;[32mOuput Displayed &amp#27;[0m&amp#27;[32m&amp#27;[1m"true"&amp#27;[0m                                                                                                   &amp#27;[90m# stepdefinitions.ArrayPageSteps.output_is_seen_in_the_console(java.lang.String)&amp#27;[0m
]]></system-out>
  </testcase>
  <testcase name="The user clicks Submit on Python Editor of Find Numbers with Even Number of Digits Practice Page and entering valid code" classname="Array page features" time="6.49">
    <failure type="java.lang.AssertionError"><![CDATA[java.lang.AssertionError
	at org.junit.Assert.fail(Assert.java:87)
	at org.junit.Assert.assertTrue(Assert.java:42)
	at org.junit.Assert.assertTrue(Assert.java:53)
	at stepdefinitions.ArrayPageSteps.the_user_see_an_error_message(ArrayPageSteps.java:132)
	at ✽.The user see an error message "Error occurred during submission"(file:///C:/Users/14255/OneDrive/Desktop/School/ds%20algo/NoviceNinjas/src/test/resources/AppFeatures/ArrayPage.feature:319)
]]></failure>
    <system-out><![CDATA[
@arraypage
Scenario: The user clicks Submit on Python Editor of Find Numbers with Even Number of Digits Practice Page and entering valid code &amp#27;[90m# src/test/resources/AppFeatures/ArrayPage.feature:315&amp#27;[0m
Browser name is: chrome
login with uname: Pratiksha and passwd: Aggarwal
  &amp#27;[32mGiven &amp#27;[0m&amp#27;[32mthe user has already logged in the home page using for Array&amp#27;[0m                                                               &amp#27;[90m# stepdefinitions.ArrayPageSteps.the_user_has_already_logged_in_the_home_page_using_for_Array(io.cucumber.datatable.DataTable)&amp#27;[0m
    | username  | password |
    | Pratiksha | Aggarwal |
curentURL:https://dsportalapp.herokuapp.com/question/3
  &amp#27;[32mGiven &amp#27;[0m&amp#27;[32mThe user is on the &amp#27;[0m&amp#27;[32m&amp#27;[1m"question/3"&amp#27;[0m&amp#27;[32m Page&amp#27;[0m                                                                                       &amp#27;[90m# stepdefinitions.ArrayPageSteps.the_user_is_on_the_python_page(java.lang.String)&amp#27;[0m
curentURL:https://dsportalapp.herokuapp.com/question/3
0
0
0
0
0
0
0
4
0
0
0
  &amp#27;[32mWhen &amp#27;[0m&amp#27;[32mThe user writes &amp#27;[0m&amp#27;[32m&amp#27;[1m"valid"&amp#27;[0m&amp#27;[32m code for &amp#27;[0m&amp#27;[32m&amp#27;[1m"3"&amp#27;[0m                                                                                        &amp#27;[90m# stepdefinitions.ArrayPageSteps.the_user_writes_invalid_code(java.lang.String,java.lang.String)&amp#27;[0m
curentURL:https://dsportalapp.herokuapp.com/question/3
in try here current url: https://dsportalapp.herokuapp.com/question/3
clicking: submit
  &amp#27;[32mAnd &amp#27;[0m&amp#27;[32mThe user clicks &amp#27;[0m&amp#27;[32m&amp#27;[1m"submit"&amp#27;[0m&amp#27;[32m with code &amp#27;[0m&amp#27;[32m&amp#27;[1m"true"&amp#27;[0m                                                                                    &amp#27;[90m# stepdefinitions.ArrayPageSteps.the_user_clicks_element_in_a_page(java.lang.String,java.lang.String)&amp#27;[0m
  &amp#27;[31mThen &amp#27;[0m&amp#27;[31mThe user see an error message &amp#27;[0m&amp#27;[31m&amp#27;[1m"Error occurred during submission"&amp#27;[0m                                                            &amp#27;[90m# stepdefinitions.ArrayPageSteps.the_user_see_an_error_message(java.lang.String)&amp#27;[0m
      &amp#27;[31mjava.lang.AssertionError
	at org.junit.Assert.fail(Assert.java:87)
	at org.junit.Assert.assertTrue(Assert.java:42)
	at org.junit.Assert.assertTrue(Assert.java:53)
	at stepdefinitions.ArrayPageSteps.the_user_see_an_error_message(ArrayPageSteps.java:132)
	at âœ½.The user see an error message "Error occurred during submission"(file:///C:/Users/14255/OneDrive/Desktop/School/ds%20algo/NoviceNinjas/src/test/resources/AppFeatures/ArrayPage.feature:319)
&amp#27;[0m
The path for the screen shot is: [B@1067c20d

    Embedding The_user_clicks_Submit_on_Python_Editor_of_Find_Numbers_with_Even_Number_of_Digits_Practice_Page_and_entering_valid_code [image/png 37085 bytes]

]]></system-out>
  </testcase>
  <testcase name="The user clicks Run on Python Editor of Squares of a Sorted Array Practice Page without entering code" classname="Array page features" time="4.594">
    <system-out><![CDATA[
@arraypage
Scenario: The user clicks Run on Python Editor of Squares of a Sorted Array Practice Page without entering code &amp#27;[90m# src/test/resources/AppFeatures/ArrayPage.feature:324&amp#27;[0m
Browser name is: chrome
login with uname: Pratiksha and passwd: Aggarwal
  &amp#27;[32mGiven &amp#27;[0m&amp#27;[32mthe user has already logged in the home page using for Array&amp#27;[0m                                            &amp#27;[90m# stepdefinitions.ArrayPageSteps.the_user_has_already_logged_in_the_home_page_using_for_Array(io.cucumber.datatable.DataTable)&amp#27;[0m
    | username  | password |
    | Pratiksha | Aggarwal |
curentURL:https://dsportalapp.herokuapp.com/question/4
  &amp#27;[32mGiven &amp#27;[0m&amp#27;[32mThe user is on the &amp#27;[0m&amp#27;[32m&amp#27;[1m"question/4"&amp#27;[0m&amp#27;[32m Page&amp#27;[0m                                                                    &amp#27;[90m# stepdefinitions.ArrayPageSteps.the_user_is_on_the_python_page(java.lang.String)&amp#27;[0m
curentURL:https://dsportalapp.herokuapp.com/question/4
in try here current url: https://dsportalapp.herokuapp.com/question/4
clicking: run
  &amp#27;[32mWhen &amp#27;[0m&amp#27;[32mThe user clicks &amp#27;[0m&amp#27;[32m&amp#27;[1m"run"&amp#27;[0m&amp#27;[32m with code &amp#27;[0m&amp#27;[32m&amp#27;[1m"false"&amp#27;[0m                                                                  &amp#27;[90m# stepdefinitions.ArrayPageSteps.the_user_clicks_element_in_a_page(java.lang.String,java.lang.String)&amp#27;[0m
  &amp#27;[32mThen &amp#27;[0m&amp#27;[32mError message &amp#27;[0m&amp#27;[32m&amp#27;[1m"false"&amp#27;[0m                                                                                    &amp#27;[90m# stepdefinitions.ArrayPageSteps.no_error_message_is_displayed(java.lang.String)&amp#27;[0m
  &amp#27;[32mAnd &amp#27;[0m&amp#27;[32mOuput Displayed &amp#27;[0m&amp#27;[32m&amp#27;[1m"false"&amp#27;[0m                                                                                   &amp#27;[90m# stepdefinitions.ArrayPageSteps.output_is_seen_in_the_console(java.lang.String)&amp#27;[0m
]]></system-out>
  </testcase>
  <testcase name="The user clicks Run on Python Editor of Squares of a Sorted Array Practice Page by enterering invalid code" classname="Array page features" time="4.168">
    <system-out><![CDATA[
@arraypage
Scenario: The user clicks Run on Python Editor of Squares of a Sorted Array Practice Page by enterering invalid code &amp#27;[90m# src/test/resources/AppFeatures/ArrayPage.feature:331&amp#27;[0m
Browser name is: chrome
login with uname: Pratiksha and passwd: Aggarwal
  &amp#27;[32mGiven &amp#27;[0m&amp#27;[32mthe user has already logged in the home page using for Array&amp#27;[0m                                                 &amp#27;[90m# stepdefinitions.ArrayPageSteps.the_user_has_already_logged_in_the_home_page_using_for_Array(io.cucumber.datatable.DataTable)&amp#27;[0m
    | username  | password |
    | Pratiksha | Aggarwal |
curentURL:https://dsportalapp.herokuapp.com/question/4
  &amp#27;[32mGiven &amp#27;[0m&amp#27;[32mThe user is on the &amp#27;[0m&amp#27;[32m&amp#27;[1m"question/4"&amp#27;[0m&amp#27;[32m Page&amp#27;[0m                                                                         &amp#27;[90m# stepdefinitions.ArrayPageSteps.the_user_is_on_the_python_page(java.lang.String)&amp#27;[0m
curentURL:https://dsportalapp.herokuapp.com/question/4
  &amp#27;[32mWhen &amp#27;[0m&amp#27;[32mThe user writes &amp#27;[0m&amp#27;[32m&amp#27;[1m"invalid"&amp#27;[0m&amp#27;[32m code for &amp#27;[0m&amp#27;[32m&amp#27;[1m"4"&amp#27;[0m                                                                        &amp#27;[90m# stepdefinitions.ArrayPageSteps.the_user_writes_invalid_code(java.lang.String,java.lang.String)&amp#27;[0m
curentURL:https://dsportalapp.herokuapp.com/question/4
in try here current url: https://dsportalapp.herokuapp.com/question/4
clicking: run
  &amp#27;[32mAnd &amp#27;[0m&amp#27;[32mThe user clicks &amp#27;[0m&amp#27;[32m&amp#27;[1m"run"&amp#27;[0m&amp#27;[32m with code &amp#27;[0m&amp#27;[32m&amp#27;[1m"true"&amp#27;[0m                                                                         &amp#27;[90m# stepdefinitions.ArrayPageSteps.the_user_clicks_element_in_a_page(java.lang.String,java.lang.String)&amp#27;[0m
  &amp#27;[32mThen &amp#27;[0m&amp#27;[32mError message &amp#27;[0m&amp#27;[32m&amp#27;[1m"true"&amp#27;[0m                                                                                          &amp#27;[90m# stepdefinitions.ArrayPageSteps.no_error_message_is_displayed(java.lang.String)&amp#27;[0m
]]></system-out>
  </testcase>
  <testcase name="The user clicks Run on Python Editor of Squares of a Sorted Array Practice Page and entering valid code" classname="Array page features" time="8.628">
    <system-out><![CDATA[
@arraypage
Scenario: The user clicks Run on Python Editor of Squares of a Sorted Array Practice Page and entering valid code &amp#27;[90m# src/test/resources/AppFeatures/ArrayPage.feature:338&amp#27;[0m
Browser name is: chrome
login with uname: Pratiksha and passwd: Aggarwal
  &amp#27;[32mGiven &amp#27;[0m&amp#27;[32mthe user has already logged in the home page using for Array&amp#27;[0m                                              &amp#27;[90m# stepdefinitions.ArrayPageSteps.the_user_has_already_logged_in_the_home_page_using_for_Array(io.cucumber.datatable.DataTable)&amp#27;[0m
    | username  | password |
    | Pratiksha | Aggarwal |
curentURL:https://dsportalapp.herokuapp.com/question/4
  &amp#27;[32mGiven &amp#27;[0m&amp#27;[32mThe user is on the &amp#27;[0m&amp#27;[32m&amp#27;[1m"question/4"&amp#27;[0m&amp#27;[32m Page&amp#27;[0m                                                                      &amp#27;[90m# stepdefinitions.ArrayPageSteps.the_user_is_on_the_python_page(java.lang.String)&amp#27;[0m
curentURL:https://dsportalapp.herokuapp.com/question/4
0
0
0
0
0
0
0
0
0
0
0
2
0
0
0
2
2
0
  &amp#27;[32mWhen &amp#27;[0m&amp#27;[32mThe user writes &amp#27;[0m&amp#27;[32m&amp#27;[1m"valid"&amp#27;[0m&amp#27;[32m code for &amp#27;[0m&amp#27;[32m&amp#27;[1m"4"&amp#27;[0m                                                                       &amp#27;[90m# stepdefinitions.ArrayPageSteps.the_user_writes_invalid_code(java.lang.String,java.lang.String)&amp#27;[0m
curentURL:https://dsportalapp.herokuapp.com/question/4
in try here current url: https://dsportalapp.herokuapp.com/question/4
clicking: run
  &amp#27;[32mAnd &amp#27;[0m&amp#27;[32mThe user clicks &amp#27;[0m&amp#27;[32m&amp#27;[1m"run"&amp#27;[0m&amp#27;[32m with code &amp#27;[0m&amp#27;[32m&amp#27;[1m"true"&amp#27;[0m                                                                      &amp#27;[90m# stepdefinitions.ArrayPageSteps.the_user_clicks_element_in_a_page(java.lang.String,java.lang.String)&amp#27;[0m
  &amp#27;[32mThen &amp#27;[0m&amp#27;[32mError message &amp#27;[0m&amp#27;[32m&amp#27;[1m"false"&amp#27;[0m                                                                                      &amp#27;[90m# stepdefinitions.ArrayPageSteps.no_error_message_is_displayed(java.lang.String)&amp#27;[0m
  &amp#27;[32mThen &amp#27;[0m&amp#27;[32mOuput Displayed &amp#27;[0m&amp#27;[32m&amp#27;[1m"true"&amp#27;[0m                                                                                     &amp#27;[90m# stepdefinitions.ArrayPageSteps.output_is_seen_in_the_console(java.lang.String)&amp#27;[0m
]]></system-out>
  </testcase>
  <testcase name="The user clicks Submit on Python Editor of Squares of a Sorted Array Practice Page and entering valid code" classname="Array page features" time="7.803">
    <failure type="java.lang.AssertionError"><![CDATA[java.lang.AssertionError
	at org.junit.Assert.fail(Assert.java:87)
	at org.junit.Assert.assertTrue(Assert.java:42)
	at org.junit.Assert.assertTrue(Assert.java:53)
	at stepdefinitions.ArrayPageSteps.the_user_see_an_error_message(ArrayPageSteps.java:132)
	at ✽.The user see an error message "Error occurred during submission"(file:///C:/Users/14255/OneDrive/Desktop/School/ds%20algo/NoviceNinjas/src/test/resources/AppFeatures/ArrayPage.feature:350)
]]></failure>
    <system-out><![CDATA[
@arraypage
Scenario: The user clicks Submit on Python Editor of Squares of a Sorted Array Practice Page and entering valid code &amp#27;[90m# src/test/resources/AppFeatures/ArrayPage.feature:346&amp#27;[0m
Browser name is: chrome
login with uname: Pratiksha and passwd: Aggarwal
  &amp#27;[32mGiven &amp#27;[0m&amp#27;[32mthe user has already logged in the home page using for Array&amp#27;[0m                                                 &amp#27;[90m# stepdefinitions.ArrayPageSteps.the_user_has_already_logged_in_the_home_page_using_for_Array(io.cucumber.datatable.DataTable)&amp#27;[0m
    | username  | password |
    | Pratiksha | Aggarwal |
curentURL:https://dsportalapp.herokuapp.com/question/4
  &amp#27;[32mGiven &amp#27;[0m&amp#27;[32mThe user is on the &amp#27;[0m&amp#27;[32m&amp#27;[1m"question/4"&amp#27;[0m&amp#27;[32m Page&amp#27;[0m                                                                         &amp#27;[90m# stepdefinitions.ArrayPageSteps.the_user_is_on_the_python_page(java.lang.String)&amp#27;[0m
curentURL:https://dsportalapp.herokuapp.com/question/4
0
0
0
0
0
0
0
0
0
0
0
2
0
0
0
2
2
0
  &amp#27;[32mWhen &amp#27;[0m&amp#27;[32mThe user writes &amp#27;[0m&amp#27;[32m&amp#27;[1m"valid"&amp#27;[0m&amp#27;[32m code for &amp#27;[0m&amp#27;[32m&amp#27;[1m"4"&amp#27;[0m                                                                          &amp#27;[90m# stepdefinitions.ArrayPageSteps.the_user_writes_invalid_code(java.lang.String,java.lang.String)&amp#27;[0m
curentURL:https://dsportalapp.herokuapp.com/question/4
in try here current url: https://dsportalapp.herokuapp.com/question/4
clicking: submit
  &amp#27;[32mAnd &amp#27;[0m&amp#27;[32mThe user clicks &amp#27;[0m&amp#27;[32m&amp#27;[1m"submit"&amp#27;[0m&amp#27;[32m with code &amp#27;[0m&amp#27;[32m&amp#27;[1m"true"&amp#27;[0m                                                                      &amp#27;[90m# stepdefinitions.ArrayPageSteps.the_user_clicks_element_in_a_page(java.lang.String,java.lang.String)&amp#27;[0m
  &amp#27;[31mThen &amp#27;[0m&amp#27;[31mThe user see an error message &amp#27;[0m&amp#27;[31m&amp#27;[1m"Error occurred during submission"&amp#27;[0m                                              &amp#27;[90m# stepdefinitions.ArrayPageSteps.the_user_see_an_error_message(java.lang.String)&amp#27;[0m
      &amp#27;[31mjava.lang.AssertionError
	at org.junit.Assert.fail(Assert.java:87)
	at org.junit.Assert.assertTrue(Assert.java:42)
	at org.junit.Assert.assertTrue(Assert.java:53)
	at stepdefinitions.ArrayPageSteps.the_user_see_an_error_message(ArrayPageSteps.java:132)
	at âœ½.The user see an error message "Error occurred during submission"(file:///C:/Users/14255/OneDrive/Desktop/School/ds%20algo/NoviceNinjas/src/test/resources/AppFeatures/ArrayPage.feature:350)
&amp#27;[0m
The path for the screen shot is: [B@686a080b

    Embedding The_user_clicks_Submit_on_Python_Editor_of_Squares_of_a_Sorted_Array_Practice_Page_and_entering_valid_code [image/png 36699 bytes]

]]></system-out>
  </testcase>
</testsuite>