<?xml version="1.0" encoding="UTF-8"?>
<testsuite xmlns:xsi="http://www.w3.org/2001/XMLSchema-instance" xsi:noNamespaceSchemaLocation="https://maven.apache.org/surefire/maven-failsafe-plugin/xsd/failsafe-test-report-3.0.xsd" version="3.0" name="Tree page features" time="705.68" tests="92" errors="0" skipped="0" failures="0">
  <properties>
[...]
</properties>
  <testcase name="Tree page url" classname="Tree page features" time="15.668">
    <system-out><![CDATA[
@treepage
Scenario: Tree page url                                             &amp#27;[90m# src/test/resources/AppFeatures/TreePage.feature:10&amp#27;[0m
Browser name is: chrome
login with uname: Pratiksha and passwd: Aggarwal
  &amp#27;[32mGiven &amp#27;[0m&amp#27;[32mthe user has already logged in the home page using for tree&amp#27;[0m &amp#27;[90m# stepdefinitions.TreePageSteps.the_user_has_already_logged_in_the_home_page_using_for_tree(io.cucumber.datatable.DataTable)&amp#27;[0m
    | username  | password |
    | Pratiksha | Aggarwal |
The user is in the tree Page after logging in with correct credentials
  &amp#27;[32mGiven &amp#27;[0m&amp#27;[32mThe user is on the tree Page after logged in&amp#27;[0m                &amp#27;[90m# stepdefinitions.TreePageSteps.the_user_is_on_the_tree_page_after_logged_in()&amp#27;[0m
The actual URL of the page is: https://dsportalapp.herokuapp.com/tree/
  &amp#27;[32mThen &amp#27;[0m&amp#27;[32mThe URL of the page should contain &amp#27;[0m&amp#27;[32m&amp#27;[1m"tree"&amp#27;[0m                    &amp#27;[90m# stepdefinitions.HomePageSteps.the_url_of_the_page_should_contain(java.lang.String)&amp#27;[0m
]]></system-out>
  </testcase>
  <testcase name="Overview of Trees link" classname="Tree page features" time="16.409">
    <system-out><![CDATA[
@treepage
Scenario: Overview of Trees link                                              &amp#27;[90m# src/test/resources/AppFeatures/TreePage.feature:16&amp#27;[0m
Browser name is: chrome
login with uname: Pratiksha and passwd: Aggarwal
  &amp#27;[32mGiven &amp#27;[0m&amp#27;[32mthe user has already logged in the home page using for tree&amp#27;[0m           &amp#27;[90m# stepdefinitions.TreePageSteps.the_user_has_already_logged_in_the_home_page_using_for_tree(io.cucumber.datatable.DataTable)&amp#27;[0m
    | username  | password |
    | Pratiksha | Aggarwal |
The user is in the tree Page after logging in with correct credentials
  &amp#27;[32mGiven &amp#27;[0m&amp#27;[32mThe user is on the tree Page after logged in&amp#27;[0m                          &amp#27;[90m# stepdefinitions.TreePageSteps.the_user_is_on_the_tree_page_after_logged_in()&amp#27;[0m
curentURL:https://dsportalapp.herokuapp.com/tree/overview-of-trees/
  &amp#27;[32mWhen &amp#27;[0m&amp#27;[32mThe user clicks a &amp#27;[0m&amp#27;[32m&amp#27;[1m"Overview of Trees"&amp#27;[0m&amp#27;[32m link in tree&amp#27;[0m                     &amp#27;[90m# stepdefinitions.TreePageSteps.the_user_clicks_a_page_link_in_tree(java.lang.String)&amp#27;[0m
curentURL:https://dsportalapp.herokuapp.com/tree/overview-of-trees/
curentURL:https://dsportalapp.herokuapp.com/tree/overview-of-trees/
in the_user_should_be_redirected_to_string_page url: https://dsportalapp.herokuapp.com/tree/overview-of-trees/
  &amp#27;[32mThen &amp#27;[0m&amp#27;[32mThe user should be redirected to &amp#27;[0m&amp#27;[32m&amp#27;[1m"tree/overview-of-trees"&amp#27;[0m&amp#27;[32m Page in tree&amp#27;[0m &amp#27;[90m# stepdefinitions.TreePageSteps.the_user_should_be_redirected_to_string_page_tree(java.lang.String)&amp#27;[0m
]]></system-out>
  </testcase>
  <testcase name="Terminologies Link" classname="Tree page features" time="15.003">
    <system-out><![CDATA[
@treepage
Scenario: Terminologies Link                                              &amp#27;[90m# src/test/resources/AppFeatures/TreePage.feature:22&amp#27;[0m
Browser name is: chrome
login with uname: Pratiksha and passwd: Aggarwal
  &amp#27;[32mGiven &amp#27;[0m&amp#27;[32mthe user has already logged in the home page using for tree&amp#27;[0m       &amp#27;[90m# stepdefinitions.TreePageSteps.the_user_has_already_logged_in_the_home_page_using_for_tree(io.cucumber.datatable.DataTable)&amp#27;[0m
    | username  | password |
    | Pratiksha | Aggarwal |
The user is in the tree Page after logging in with correct credentials
  &amp#27;[32mGiven &amp#27;[0m&amp#27;[32mThe user is on the tree Page after logged in&amp#27;[0m                      &amp#27;[90m# stepdefinitions.TreePageSteps.the_user_is_on_the_tree_page_after_logged_in()&amp#27;[0m
curentURL:https://dsportalapp.herokuapp.com/tree/terminologies/
  &amp#27;[32mWhen &amp#27;[0m&amp#27;[32mThe user clicks a &amp#27;[0m&amp#27;[32m&amp#27;[1m"Terminologies"&amp#27;[0m&amp#27;[32m link in tree&amp#27;[0m                     &amp#27;[90m# stepdefinitions.TreePageSteps.the_user_clicks_a_page_link_in_tree(java.lang.String)&amp#27;[0m
curentURL:https://dsportalapp.herokuapp.com/tree/terminologies/
curentURL:https://dsportalapp.herokuapp.com/tree/terminologies/
in the_user_should_be_redirected_to_string_page url: https://dsportalapp.herokuapp.com/tree/terminologies/
  &amp#27;[32mThen &amp#27;[0m&amp#27;[32mThe user should be redirected to &amp#27;[0m&amp#27;[32m&amp#27;[1m"tree/terminologies"&amp#27;[0m&amp#27;[32m Page in tree&amp#27;[0m &amp#27;[90m# stepdefinitions.TreePageSteps.the_user_should_be_redirected_to_string_page_tree(java.lang.String)&amp#27;[0m
]]></system-out>
  </testcase>
  <testcase name="Types of Trees Link" classname="Tree page features" time="14.971">
    <system-out><![CDATA[
@treepage
Scenario: Types of Trees Link                                              &amp#27;[90m# src/test/resources/AppFeatures/TreePage.feature:28&amp#27;[0m
Browser name is: chrome
login with uname: Pratiksha and passwd: Aggarwal
  &amp#27;[32mGiven &amp#27;[0m&amp#27;[32mthe user has already logged in the home page using for tree&amp#27;[0m        &amp#27;[90m# stepdefinitions.TreePageSteps.the_user_has_already_logged_in_the_home_page_using_for_tree(io.cucumber.datatable.DataTable)&amp#27;[0m
    | username  | password |
    | Pratiksha | Aggarwal |
The user is in the tree Page after logging in with correct credentials
  &amp#27;[32mGiven &amp#27;[0m&amp#27;[32mThe user is on the tree Page after logged in&amp#27;[0m                       &amp#27;[90m# stepdefinitions.TreePageSteps.the_user_is_on_the_tree_page_after_logged_in()&amp#27;[0m
curentURL:https://dsportalapp.herokuapp.com/tree/types-of-trees/
  &amp#27;[32mWhen &amp#27;[0m&amp#27;[32mThe user clicks a &amp#27;[0m&amp#27;[32m&amp#27;[1m"Types of Trees"&amp#27;[0m&amp#27;[32m link in tree&amp#27;[0m                     &amp#27;[90m# stepdefinitions.TreePageSteps.the_user_clicks_a_page_link_in_tree(java.lang.String)&amp#27;[0m
curentURL:https://dsportalapp.herokuapp.com/tree/types-of-trees/
curentURL:https://dsportalapp.herokuapp.com/tree/types-of-trees/
in the_user_should_be_redirected_to_string_page url: https://dsportalapp.herokuapp.com/tree/types-of-trees/
  &amp#27;[32mThen &amp#27;[0m&amp#27;[32mThe user should be redirected to &amp#27;[0m&amp#27;[32m&amp#27;[1m"tree/types-of-trees"&amp#27;[0m&amp#27;[32m Page in tree&amp#27;[0m &amp#27;[90m# stepdefinitions.TreePageSteps.the_user_should_be_redirected_to_string_page_tree(java.lang.String)&amp#27;[0m
]]></system-out>
  </testcase>
  <testcase name="Tree Traversals Link" classname="Tree page features" time="17.535">
    <system-out><![CDATA[
@treepage
Scenario: Tree Traversals Link                                              &amp#27;[90m# src/test/resources/AppFeatures/TreePage.feature:34&amp#27;[0m
Browser name is: chrome
login with uname: Pratiksha and passwd: Aggarwal
  &amp#27;[32mGiven &amp#27;[0m&amp#27;[32mthe user has already logged in the home page using for tree&amp#27;[0m         &amp#27;[90m# stepdefinitions.TreePageSteps.the_user_has_already_logged_in_the_home_page_using_for_tree(io.cucumber.datatable.DataTable)&amp#27;[0m
    | username  | password |
    | Pratiksha | Aggarwal |
The user is in the tree Page after logging in with correct credentials
  &amp#27;[32mGiven &amp#27;[0m&amp#27;[32mThe user is on the tree Page after logged in&amp#27;[0m                        &amp#27;[90m# stepdefinitions.TreePageSteps.the_user_is_on_the_tree_page_after_logged_in()&amp#27;[0m
curentURL:https://dsportalapp.herokuapp.com/tree/tree-traversals/
  &amp#27;[32mWhen &amp#27;[0m&amp#27;[32mThe user clicks a &amp#27;[0m&amp#27;[32m&amp#27;[1m"Tree Traversals"&amp#27;[0m&amp#27;[32m link in tree&amp#27;[0m                     &amp#27;[90m# stepdefinitions.TreePageSteps.the_user_clicks_a_page_link_in_tree(java.lang.String)&amp#27;[0m
curentURL:https://dsportalapp.herokuapp.com/tree/tree-traversals/
curentURL:https://dsportalapp.herokuapp.com/tree/tree-traversals/
in the_user_should_be_redirected_to_string_page url: https://dsportalapp.herokuapp.com/tree/tree-traversals/
  &amp#27;[32mThen &amp#27;[0m&amp#27;[32mThe user should be redirected to &amp#27;[0m&amp#27;[32m&amp#27;[1m"tree/tree-traversals"&amp#27;[0m&amp#27;[32m Page in tree&amp#27;[0m &amp#27;[90m# stepdefinitions.TreePageSteps.the_user_should_be_redirected_to_string_page_tree(java.lang.String)&amp#27;[0m
]]></system-out>
  </testcase>
  <testcase name="Traversals-Illustration Link" classname="Tree page features" time="16.763">
    <system-out><![CDATA[
@treepage
Scenario: Traversals-Illustration Link                                              &amp#27;[90m# src/test/resources/AppFeatures/TreePage.feature:40&amp#27;[0m
Browser name is: chrome
login with uname: Pratiksha and passwd: Aggarwal
  &amp#27;[32mGiven &amp#27;[0m&amp#27;[32mthe user has already logged in the home page using for tree&amp#27;[0m                 &amp#27;[90m# stepdefinitions.TreePageSteps.the_user_has_already_logged_in_the_home_page_using_for_tree(io.cucumber.datatable.DataTable)&amp#27;[0m
    | username  | password |
    | Pratiksha | Aggarwal |
The user is in the tree Page after logging in with correct credentials
  &amp#27;[32mGiven &amp#27;[0m&amp#27;[32mThe user is on the tree Page after logged in&amp#27;[0m                                &amp#27;[90m# stepdefinitions.TreePageSteps.the_user_is_on_the_tree_page_after_logged_in()&amp#27;[0m
curentURL:https://dsportalapp.herokuapp.com/tree/traversals-illustration/
  &amp#27;[32mWhen &amp#27;[0m&amp#27;[32mThe user clicks a &amp#27;[0m&amp#27;[32m&amp#27;[1m"Traversals-Illustration"&amp#27;[0m&amp#27;[32m link in tree&amp#27;[0m                     &amp#27;[90m# stepdefinitions.TreePageSteps.the_user_clicks_a_page_link_in_tree(java.lang.String)&amp#27;[0m
curentURL:https://dsportalapp.herokuapp.com/tree/traversals-illustration/
curentURL:https://dsportalapp.herokuapp.com/tree/traversals-illustration/
in the_user_should_be_redirected_to_string_page url: https://dsportalapp.herokuapp.com/tree/traversals-illustration/
  &amp#27;[32mThen &amp#27;[0m&amp#27;[32mThe user should be redirected to &amp#27;[0m&amp#27;[32m&amp#27;[1m"tree/traversals-illustration"&amp#27;[0m&amp#27;[32m Page in tree&amp#27;[0m &amp#27;[90m# stepdefinitions.TreePageSteps.the_user_should_be_redirected_to_string_page_tree(java.lang.String)&amp#27;[0m
]]></system-out>
  </testcase>
  <testcase name="Binary Trees Link" classname="Tree page features" time="16.362">
    <system-out><![CDATA[
@treepage
Scenario: Binary Trees Link                                              &amp#27;[90m# src/test/resources/AppFeatures/TreePage.feature:46&amp#27;[0m
Browser name is: chrome
login with uname: Pratiksha and passwd: Aggarwal
  &amp#27;[32mGiven &amp#27;[0m&amp#27;[32mthe user has already logged in the home page using for tree&amp#27;[0m      &amp#27;[90m# stepdefinitions.TreePageSteps.the_user_has_already_logged_in_the_home_page_using_for_tree(io.cucumber.datatable.DataTable)&amp#27;[0m
    | username  | password |
    | Pratiksha | Aggarwal |
The user is in the tree Page after logging in with correct credentials
  &amp#27;[32mGiven &amp#27;[0m&amp#27;[32mThe user is on the tree Page after logged in&amp#27;[0m                     &amp#27;[90m# stepdefinitions.TreePageSteps.the_user_is_on_the_tree_page_after_logged_in()&amp#27;[0m
curentURL:https://dsportalapp.herokuapp.com/tree/binary-trees/
  &amp#27;[32mWhen &amp#27;[0m&amp#27;[32mThe user clicks a &amp#27;[0m&amp#27;[32m&amp#27;[1m"Binary Trees"&amp#27;[0m&amp#27;[32m link in tree&amp#27;[0m                     &amp#27;[90m# stepdefinitions.TreePageSteps.the_user_clicks_a_page_link_in_tree(java.lang.String)&amp#27;[0m
curentURL:https://dsportalapp.herokuapp.com/tree/binary-trees/
curentURL:https://dsportalapp.herokuapp.com/tree/binary-trees/
in the_user_should_be_redirected_to_string_page url: https://dsportalapp.herokuapp.com/tree/binary-trees/
  &amp#27;[32mThen &amp#27;[0m&amp#27;[32mThe user should be redirected to &amp#27;[0m&amp#27;[32m&amp#27;[1m"tree/binary-trees"&amp#27;[0m&amp#27;[32m Page in tree&amp#27;[0m &amp#27;[90m# stepdefinitions.TreePageSteps.the_user_should_be_redirected_to_string_page_tree(java.lang.String)&amp#27;[0m
]]></system-out>
  </testcase>
  <testcase name="Types of Binary Trees Link" classname="Tree page features" time="13.05">
    <system-out><![CDATA[
@treepage
Scenario: Types of Binary Trees Link                                              &amp#27;[90m# src/test/resources/AppFeatures/TreePage.feature:52&amp#27;[0m
Browser name is: chrome
login with uname: Pratiksha and passwd: Aggarwal
  &amp#27;[32mGiven &amp#27;[0m&amp#27;[32mthe user has already logged in the home page using for tree&amp#27;[0m               &amp#27;[90m# stepdefinitions.TreePageSteps.the_user_has_already_logged_in_the_home_page_using_for_tree(io.cucumber.datatable.DataTable)&amp#27;[0m
    | username  | password |
    | Pratiksha | Aggarwal |
The user is in the tree Page after logging in with correct credentials
  &amp#27;[32mGiven &amp#27;[0m&amp#27;[32mThe user is on the tree Page after logged in&amp#27;[0m                              &amp#27;[90m# stepdefinitions.TreePageSteps.the_user_is_on_the_tree_page_after_logged_in()&amp#27;[0m
curentURL:https://dsportalapp.herokuapp.com/tree/types-of-binary-trees/
  &amp#27;[32mWhen &amp#27;[0m&amp#27;[32mThe user clicks a &amp#27;[0m&amp#27;[32m&amp#27;[1m"Types of Binary Trees"&amp#27;[0m&amp#27;[32m link in tree&amp#27;[0m                     &amp#27;[90m# stepdefinitions.TreePageSteps.the_user_clicks_a_page_link_in_tree(java.lang.String)&amp#27;[0m
curentURL:https://dsportalapp.herokuapp.com/tree/types-of-binary-trees/
curentURL:https://dsportalapp.herokuapp.com/tree/types-of-binary-trees/
in the_user_should_be_redirected_to_string_page url: https://dsportalapp.herokuapp.com/tree/types-of-binary-trees/
  &amp#27;[32mThen &amp#27;[0m&amp#27;[32mThe user should be redirected to &amp#27;[0m&amp#27;[32m&amp#27;[1m"tree/types-of-binary-trees"&amp#27;[0m&amp#27;[32m Page in tree&amp#27;[0m &amp#27;[90m# stepdefinitions.TreePageSteps.the_user_should_be_redirected_to_string_page_tree(java.lang.String)&amp#27;[0m
]]></system-out>
  </testcase>
  <testcase name="Implementation in Python Link" classname="Tree page features" time="10.312">
    <system-out><![CDATA[
@treepage
Scenario: Implementation in Python Link                                              &amp#27;[90m# src/test/resources/AppFeatures/TreePage.feature:58&amp#27;[0m
Browser name is: chrome
login with uname: Pratiksha and passwd: Aggarwal
  &amp#27;[32mGiven &amp#27;[0m&amp#27;[32mthe user has already logged in the home page using for tree&amp#27;[0m                  &amp#27;[90m# stepdefinitions.TreePageSteps.the_user_has_already_logged_in_the_home_page_using_for_tree(io.cucumber.datatable.DataTable)&amp#27;[0m
    | username  | password |
    | Pratiksha | Aggarwal |
The user is in the tree Page after logging in with correct credentials
  &amp#27;[32mGiven &amp#27;[0m&amp#27;[32mThe user is on the tree Page after logged in&amp#27;[0m                                 &amp#27;[90m# stepdefinitions.TreePageSteps.the_user_is_on_the_tree_page_after_logged_in()&amp#27;[0m
curentURL:https://dsportalapp.herokuapp.com/tree/implementation-in-python/
  &amp#27;[32mWhen &amp#27;[0m&amp#27;[32mThe user clicks a &amp#27;[0m&amp#27;[32m&amp#27;[1m"Implementation in Python"&amp#27;[0m&amp#27;[32m link in tree&amp#27;[0m                     &amp#27;[90m# stepdefinitions.TreePageSteps.the_user_clicks_a_page_link_in_tree(java.lang.String)&amp#27;[0m
curentURL:https://dsportalapp.herokuapp.com/tree/implementation-in-python/
curentURL:https://dsportalapp.herokuapp.com/tree/implementation-in-python/
in the_user_should_be_redirected_to_string_page url: https://dsportalapp.herokuapp.com/tree/implementation-in-python/
  &amp#27;[32mThen &amp#27;[0m&amp#27;[32mThe user should be redirected to &amp#27;[0m&amp#27;[32m&amp#27;[1m"tree/implementation-in-python"&amp#27;[0m&amp#27;[32m Page in tree&amp#27;[0m &amp#27;[90m# stepdefinitions.TreePageSteps.the_user_should_be_redirected_to_string_page_tree(java.lang.String)&amp#27;[0m
]]></system-out>
  </testcase>
  <testcase name="Binary Tree Traversals Link" classname="Tree page features" time="11.026">
    <system-out><![CDATA[
@treepage
Scenario: Binary Tree Traversals Link                                              &amp#27;[90m# src/test/resources/AppFeatures/TreePage.feature:64&amp#27;[0m
Browser name is: chrome
login with uname: Pratiksha and passwd: Aggarwal
  &amp#27;[32mGiven &amp#27;[0m&amp#27;[32mthe user has already logged in the home page using for tree&amp#27;[0m                &amp#27;[90m# stepdefinitions.TreePageSteps.the_user_has_already_logged_in_the_home_page_using_for_tree(io.cucumber.datatable.DataTable)&amp#27;[0m
    | username  | password |
    | Pratiksha | Aggarwal |
The user is in the tree Page after logging in with correct credentials
  &amp#27;[32mGiven &amp#27;[0m&amp#27;[32mThe user is on the tree Page after logged in&amp#27;[0m                               &amp#27;[90m# stepdefinitions.TreePageSteps.the_user_is_on_the_tree_page_after_logged_in()&amp#27;[0m
curentURL:https://dsportalapp.herokuapp.com/tree/binary-tree-traversals/
  &amp#27;[32mWhen &amp#27;[0m&amp#27;[32mThe user clicks a &amp#27;[0m&amp#27;[32m&amp#27;[1m"Binary Tree Traversals"&amp#27;[0m&amp#27;[32m link in tree&amp#27;[0m                     &amp#27;[90m# stepdefinitions.TreePageSteps.the_user_clicks_a_page_link_in_tree(java.lang.String)&amp#27;[0m
curentURL:https://dsportalapp.herokuapp.com/tree/binary-tree-traversals/
curentURL:https://dsportalapp.herokuapp.com/tree/binary-tree-traversals/
in the_user_should_be_redirected_to_string_page url: https://dsportalapp.herokuapp.com/tree/binary-tree-traversals/
  &amp#27;[32mThen &amp#27;[0m&amp#27;[32mThe user should be redirected to &amp#27;[0m&amp#27;[32m&amp#27;[1m"tree/binary-tree-traversals"&amp#27;[0m&amp#27;[32m Page in tree&amp#27;[0m &amp#27;[90m# stepdefinitions.TreePageSteps.the_user_should_be_redirected_to_string_page_tree(java.lang.String)&amp#27;[0m
]]></system-out>
  </testcase>
  <testcase name="Implementation of Binary Trees Link" classname="Tree page features" time="12.313">
    <system-out><![CDATA[
@treepage
Scenario: Implementation of Binary Trees Link                                              &amp#27;[90m# src/test/resources/AppFeatures/TreePage.feature:70&amp#27;[0m
Browser name is: chrome
login with uname: Pratiksha and passwd: Aggarwal
  &amp#27;[32mGiven &amp#27;[0m&amp#27;[32mthe user has already logged in the home page using for tree&amp#27;[0m                        &amp#27;[90m# stepdefinitions.TreePageSteps.the_user_has_already_logged_in_the_home_page_using_for_tree(io.cucumber.datatable.DataTable)&amp#27;[0m
    | username  | password |
    | Pratiksha | Aggarwal |
The user is in the tree Page after logging in with correct credentials
  &amp#27;[32mGiven &amp#27;[0m&amp#27;[32mThe user is on the tree Page after logged in&amp#27;[0m                                       &amp#27;[90m# stepdefinitions.TreePageSteps.the_user_is_on_the_tree_page_after_logged_in()&amp#27;[0m
curentURL:https://dsportalapp.herokuapp.com/tree/implementation-of-binary-trees/
  &amp#27;[32mWhen &amp#27;[0m&amp#27;[32mThe user clicks a &amp#27;[0m&amp#27;[32m&amp#27;[1m"Implementation of Binary Trees"&amp#27;[0m&amp#27;[32m link in tree&amp#27;[0m                     &amp#27;[90m# stepdefinitions.TreePageSteps.the_user_clicks_a_page_link_in_tree(java.lang.String)&amp#27;[0m
curentURL:https://dsportalapp.herokuapp.com/tree/implementation-of-binary-trees/
curentURL:https://dsportalapp.herokuapp.com/tree/implementation-of-binary-trees/
in the_user_should_be_redirected_to_string_page url: https://dsportalapp.herokuapp.com/tree/implementation-of-binary-trees/
  &amp#27;[32mThen &amp#27;[0m&amp#27;[32mThe user should be redirected to &amp#27;[0m&amp#27;[32m&amp#27;[1m"tree/implementation-of-binary-trees"&amp#27;[0m&amp#27;[32m Page in tree&amp#27;[0m &amp#27;[90m# stepdefinitions.TreePageSteps.the_user_should_be_redirected_to_string_page_tree(java.lang.String)&amp#27;[0m
]]></system-out>
  </testcase>
  <testcase name="Applications of Binary trees Link" classname="Tree page features" time="12.311">
    <system-out><![CDATA[
@treepage
Scenario: Applications of Binary trees Link                                              &amp#27;[90m# src/test/resources/AppFeatures/TreePage.feature:76&amp#27;[0m
Browser name is: chrome
login with uname: Pratiksha and passwd: Aggarwal
  &amp#27;[32mGiven &amp#27;[0m&amp#27;[32mthe user has already logged in the home page using for tree&amp#27;[0m                      &amp#27;[90m# stepdefinitions.TreePageSteps.the_user_has_already_logged_in_the_home_page_using_for_tree(io.cucumber.datatable.DataTable)&amp#27;[0m
    | username  | password |
    | Pratiksha | Aggarwal |
The user is in the tree Page after logging in with correct credentials
  &amp#27;[32mGiven &amp#27;[0m&amp#27;[32mThe user is on the tree Page after logged in&amp#27;[0m                                     &amp#27;[90m# stepdefinitions.TreePageSteps.the_user_is_on_the_tree_page_after_logged_in()&amp#27;[0m
curentURL:https://dsportalapp.herokuapp.com/tree/applications-of-binary-trees/
  &amp#27;[32mWhen &amp#27;[0m&amp#27;[32mThe user clicks a &amp#27;[0m&amp#27;[32m&amp#27;[1m"Applications of Binary trees"&amp#27;[0m&amp#27;[32m link in tree&amp#27;[0m                     &amp#27;[90m# stepdefinitions.TreePageSteps.the_user_clicks_a_page_link_in_tree(java.lang.String)&amp#27;[0m
curentURL:https://dsportalapp.herokuapp.com/tree/applications-of-binary-trees/
curentURL:https://dsportalapp.herokuapp.com/tree/applications-of-binary-trees/
in the_user_should_be_redirected_to_string_page url: https://dsportalapp.herokuapp.com/tree/applications-of-binary-trees/
  &amp#27;[32mThen &amp#27;[0m&amp#27;[32mThe user should be redirected to &amp#27;[0m&amp#27;[32m&amp#27;[1m"tree/applications-of-binary-trees"&amp#27;[0m&amp#27;[32m Page in tree&amp#27;[0m &amp#27;[90m# stepdefinitions.TreePageSteps.the_user_should_be_redirected_to_string_page_tree(java.lang.String)&amp#27;[0m
]]></system-out>
  </testcase>
  <testcase name="Binary Search Trees Link" classname="Tree page features" time="10.353">
    <system-out><![CDATA[
@treepage
Scenario: Binary Search Trees Link                                              &amp#27;[90m# src/test/resources/AppFeatures/TreePage.feature:82&amp#27;[0m
Browser name is: chrome
login with uname: Pratiksha and passwd: Aggarwal
  &amp#27;[32mGiven &amp#27;[0m&amp#27;[32mthe user has already logged in the home page using for tree&amp#27;[0m             &amp#27;[90m# stepdefinitions.TreePageSteps.the_user_has_already_logged_in_the_home_page_using_for_tree(io.cucumber.datatable.DataTable)&amp#27;[0m
    | username  | password |
    | Pratiksha | Aggarwal |
The user is in the tree Page after logging in with correct credentials
  &amp#27;[32mGiven &amp#27;[0m&amp#27;[32mThe user is on the tree Page after logged in&amp#27;[0m                            &amp#27;[90m# stepdefinitions.TreePageSteps.the_user_is_on_the_tree_page_after_logged_in()&amp#27;[0m
curentURL:https://dsportalapp.herokuapp.com/tree/binary-search-trees/
  &amp#27;[32mWhen &amp#27;[0m&amp#27;[32mThe user clicks a &amp#27;[0m&amp#27;[32m&amp#27;[1m"Binary Search Trees"&amp#27;[0m&amp#27;[32m link in tree&amp#27;[0m                     &amp#27;[90m# stepdefinitions.TreePageSteps.the_user_clicks_a_page_link_in_tree(java.lang.String)&amp#27;[0m
curentURL:https://dsportalapp.herokuapp.com/tree/binary-search-trees/
curentURL:https://dsportalapp.herokuapp.com/tree/binary-search-trees/
in the_user_should_be_redirected_to_string_page url: https://dsportalapp.herokuapp.com/tree/binary-search-trees/
  &amp#27;[32mThen &amp#27;[0m&amp#27;[32mThe user should be redirected to &amp#27;[0m&amp#27;[32m&amp#27;[1m"tree/binary-search-trees"&amp#27;[0m&amp#27;[32m Page in tree&amp#27;[0m &amp#27;[90m# stepdefinitions.TreePageSteps.the_user_should_be_redirected_to_string_page_tree(java.lang.String)&amp#27;[0m
]]></system-out>
  </testcase>
  <testcase name="Implementation Of BST Link" classname="Tree page features" time="8.248">
    <system-out><![CDATA[
@treepage
Scenario: Implementation Of BST Link                                              &amp#27;[90m# src/test/resources/AppFeatures/TreePage.feature:88&amp#27;[0m
Browser name is: chrome
login with uname: Pratiksha and passwd: Aggarwal
  &amp#27;[32mGiven &amp#27;[0m&amp#27;[32mthe user has already logged in the home page using for tree&amp#27;[0m               &amp#27;[90m# stepdefinitions.TreePageSteps.the_user_has_already_logged_in_the_home_page_using_for_tree(io.cucumber.datatable.DataTable)&amp#27;[0m
    | username  | password |
    | Pratiksha | Aggarwal |
The user is in the tree Page after logging in with correct credentials
  &amp#27;[32mGiven &amp#27;[0m&amp#27;[32mThe user is on the tree Page after logged in&amp#27;[0m                              &amp#27;[90m# stepdefinitions.TreePageSteps.the_user_is_on_the_tree_page_after_logged_in()&amp#27;[0m
curentURL:https://dsportalapp.herokuapp.com/tree/implementation-of-bst/
  &amp#27;[32mWhen &amp#27;[0m&amp#27;[32mThe user clicks a &amp#27;[0m&amp#27;[32m&amp#27;[1m"Implementation Of BST"&amp#27;[0m&amp#27;[32m link in tree&amp#27;[0m                     &amp#27;[90m# stepdefinitions.TreePageSteps.the_user_clicks_a_page_link_in_tree(java.lang.String)&amp#27;[0m
curentURL:https://dsportalapp.herokuapp.com/tree/implementation-of-bst/
curentURL:https://dsportalapp.herokuapp.com/tree/implementation-of-bst/
in the_user_should_be_redirected_to_string_page url: https://dsportalapp.herokuapp.com/tree/implementation-of-bst/
  &amp#27;[32mThen &amp#27;[0m&amp#27;[32mThe user should be redirected to &amp#27;[0m&amp#27;[32m&amp#27;[1m"tree/implementation-of-bst"&amp#27;[0m&amp#27;[32m Page in tree&amp#27;[0m &amp#27;[90m# stepdefinitions.TreePageSteps.the_user_should_be_redirected_to_string_page_tree(java.lang.String)&amp#27;[0m
]]></system-out>
  </testcase>
  <testcase name="The user clicks Run on Overview of Trees Page without entering code" classname="Tree page features" time="13.733">
    <system-out><![CDATA[
@treepage
Scenario: The user clicks Run on Overview of Trees Page without entering code &amp#27;[90m# src/test/resources/AppFeatures/TreePage.feature:97&amp#27;[0m
Browser name is: chrome
login with uname: Pratiksha and passwd: Aggarwal
  &amp#27;[32mGiven &amp#27;[0m&amp#27;[32mthe user has already logged in the home page using for tree&amp#27;[0m           &amp#27;[90m# stepdefinitions.TreePageSteps.the_user_has_already_logged_in_the_home_page_using_for_tree(io.cucumber.datatable.DataTable)&amp#27;[0m
    | username  | password |
    | Pratiksha | Aggarwal |
curentURL:https://dsportalapp.herokuapp.com/tree/overview-of-trees/
  &amp#27;[32mGiven &amp#27;[0m&amp#27;[32mThe user is on the &amp#27;[0m&amp#27;[32m&amp#27;[1m"tree/overview-of-trees/"&amp#27;[0m&amp#27;[32m Page in tree&amp#27;[0m             &amp#27;[90m# stepdefinitions.TreePageSteps.the_user_is_on_the_python_page_in_tree(java.lang.String)&amp#27;[0m
curentURL:https://dsportalapp.herokuapp.com/tree/overview-of-trees/
  &amp#27;[32mAnd &amp#27;[0m&amp#27;[32mThe user clicks Try Here button of &amp#27;[0m&amp#27;[32m&amp#27;[1m"Overview of Trees"&amp#27;[0m&amp#27;[32m Page in tree&amp#27;[0m     &amp#27;[90m# stepdefinitions.TreePageSteps.the_user_clicks_try_here_button_of_in_a_page_in_tree(java.lang.String)&amp#27;[0m
curentURL:https://dsportalapp.herokuapp.com/tryEditor
  &amp#27;[32mAnd &amp#27;[0m&amp#27;[32mThe user is on the &amp#27;[0m&amp#27;[32m&amp#27;[1m"tryEditor"&amp#27;[0m&amp#27;[32m Page in tree&amp#27;[0m                             &amp#27;[90m# stepdefinitions.TreePageSteps.the_user_is_on_the_python_page_in_tree(java.lang.String)&amp#27;[0m
curentURL:https://dsportalapp.herokuapp.com/tryEditor
in try here current url: https://dsportalapp.herokuapp.com/tryEditor
clicking: run
  &amp#27;[32mWhen &amp#27;[0m&amp#27;[32mThe user clicks &amp#27;[0m&amp#27;[32m&amp#27;[1m"run"&amp#27;[0m&amp#27;[32m with code &amp#27;[0m&amp#27;[32m&amp#27;[1m"false"&amp#27;[0m&amp#27;[32m in tree&amp#27;[0m                        &amp#27;[90m# stepdefinitions.TreePageSteps.the_user_clicks_element_in_a_page_in_tree(java.lang.String,java.lang.String)&amp#27;[0m
false
  &amp#27;[32mThen &amp#27;[0m&amp#27;[32mOuput Displayed &amp#27;[0m&amp#27;[32m&amp#27;[1m"false"&amp#27;[0m&amp#27;[32m in tree&amp#27;[0m                                        &amp#27;[90m# stepdefinitions.TreePageSteps.output_is_seen_in_the_console_in_tree(java.lang.String)&amp#27;[0m
  &amp#27;[32mAnd &amp#27;[0m&amp#27;[32mError message &amp#27;[0m&amp#27;[32m&amp#27;[1m"false"&amp#27;[0m&amp#27;[32m in tree&amp#27;[0m                                           &amp#27;[90m# stepdefinitions.TreePageSteps.no_error_message_is_displayed_in_tree(java.lang.String)&amp#27;[0m
]]></system-out>
  </testcase>
  <testcase name="The user clicks Run on Python Editor of Overview of Trees Page by enterering invalid code" classname="Tree page features" time="13.097">
    <system-out><![CDATA[
@treepage
Scenario: The user clicks Run on Python Editor of Overview of Trees Page by enterering invalid code &amp#27;[90m# src/test/resources/AppFeatures/TreePage.feature:106&amp#27;[0m
Browser name is: chrome
login with uname: Pratiksha and passwd: Aggarwal
  &amp#27;[32mGiven &amp#27;[0m&amp#27;[32mthe user has already logged in the home page using for tree&amp#27;[0m                                 &amp#27;[90m# stepdefinitions.TreePageSteps.the_user_has_already_logged_in_the_home_page_using_for_tree(io.cucumber.datatable.DataTable)&amp#27;[0m
    | username  | password |
    | Pratiksha | Aggarwal |
curentURL:https://dsportalapp.herokuapp.com/tree/overview-of-trees/
  &amp#27;[32mGiven &amp#27;[0m&amp#27;[32mThe user is on the &amp#27;[0m&amp#27;[32m&amp#27;[1m"tree/overview-of-trees/"&amp#27;[0m&amp#27;[32m Page in tree&amp#27;[0m                                   &amp#27;[90m# stepdefinitions.TreePageSteps.the_user_is_on_the_python_page_in_tree(java.lang.String)&amp#27;[0m
curentURL:https://dsportalapp.herokuapp.com/tree/overview-of-trees/
  &amp#27;[32mAnd &amp#27;[0m&amp#27;[32mThe user clicks Try Here button of &amp#27;[0m&amp#27;[32m&amp#27;[1m"Overview of Trees"&amp#27;[0m&amp#27;[32m Page in tree&amp#27;[0m                           &amp#27;[90m# stepdefinitions.TreePageSteps.the_user_clicks_try_here_button_of_in_a_page_in_tree(java.lang.String)&amp#27;[0m
curentURL:https://dsportalapp.herokuapp.com/tryEditor
  &amp#27;[32mAnd &amp#27;[0m&amp#27;[32mThe user is on the &amp#27;[0m&amp#27;[32m&amp#27;[1m"tryEditor"&amp#27;[0m&amp#27;[32m Page in tree&amp#27;[0m                                                   &amp#27;[90m# stepdefinitions.TreePageSteps.the_user_is_on_the_python_page_in_tree(java.lang.String)&amp#27;[0m
curentURL:https://dsportalapp.herokuapp.com/tryEditor
  &amp#27;[32mWhen &amp#27;[0m&amp#27;[32mThe user writes &amp#27;[0m&amp#27;[32m&amp#27;[1m"invalid"&amp#27;[0m&amp#27;[32m code for &amp#27;[0m&amp#27;[32m&amp#27;[1m"1"&amp#27;[0m&amp#27;[32m in tree&amp#27;[0m                                               &amp#27;[90m# stepdefinitions.TreePageSteps.the_user_writes_invalid_code_in_tree(java.lang.String,java.lang.String)&amp#27;[0m
curentURL:https://dsportalapp.herokuapp.com/tryEditor
in try here current url: https://dsportalapp.herokuapp.com/tryEditor
clicking: run
  &amp#27;[32mAnd &amp#27;[0m&amp#27;[32mThe user clicks &amp#27;[0m&amp#27;[32m&amp#27;[1m"run"&amp#27;[0m&amp#27;[32m with code &amp#27;[0m&amp#27;[32m&amp#27;[1m"true"&amp#27;[0m&amp#27;[32m in tree&amp#27;[0m                                                &amp#27;[90m# stepdefinitions.TreePageSteps.the_user_clicks_element_in_a_page_in_tree(java.lang.String,java.lang.String)&amp#27;[0m
  &amp#27;[32mThen &amp#27;[0m&amp#27;[32mError message &amp#27;[0m&amp#27;[32m&amp#27;[1m"true"&amp#27;[0m&amp#27;[32m in tree&amp#27;[0m                                                                 &amp#27;[90m# stepdefinitions.TreePageSteps.no_error_message_is_displayed_in_tree(java.lang.String)&amp#27;[0m
]]></system-out>
  </testcase>
  <testcase name="The user clicks Run on Python Editor of Overview of Trees Page and entering valid code" classname="Tree page features" time="10.62">
    <system-out><![CDATA[
@treepage
Scenario: The user clicks Run on Python Editor of Overview of Trees Page and entering valid code &amp#27;[90m# src/test/resources/AppFeatures/TreePage.feature:115&amp#27;[0m
Browser name is: chrome
login with uname: Pratiksha and passwd: Aggarwal
  &amp#27;[32mGiven &amp#27;[0m&amp#27;[32mthe user has already logged in the home page using for tree&amp#27;[0m                              &amp#27;[90m# stepdefinitions.TreePageSteps.the_user_has_already_logged_in_the_home_page_using_for_tree(io.cucumber.datatable.DataTable)&amp#27;[0m
    | username  | password |
    | Pratiksha | Aggarwal |
curentURL:https://dsportalapp.herokuapp.com/tree/overview-of-trees/
  &amp#27;[32mGiven &amp#27;[0m&amp#27;[32mThe user is on the &amp#27;[0m&amp#27;[32m&amp#27;[1m"tree/overview-of-trees/"&amp#27;[0m&amp#27;[32m Page in tree&amp#27;[0m                                &amp#27;[90m# stepdefinitions.TreePageSteps.the_user_is_on_the_python_page_in_tree(java.lang.String)&amp#27;[0m
curentURL:https://dsportalapp.herokuapp.com/tree/overview-of-trees/
  &amp#27;[32mAnd &amp#27;[0m&amp#27;[32mThe user clicks Try Here button of &amp#27;[0m&amp#27;[32m&amp#27;[1m"Overview of Trees"&amp#27;[0m&amp#27;[32m Page in tree&amp#27;[0m                        &amp#27;[90m# stepdefinitions.TreePageSteps.the_user_clicks_try_here_button_of_in_a_page_in_tree(java.lang.String)&amp#27;[0m
curentURL:https://dsportalapp.herokuapp.com/tryEditor
  &amp#27;[32mAnd &amp#27;[0m&amp#27;[32mThe user is on the &amp#27;[0m&amp#27;[32m&amp#27;[1m"tryEditor"&amp#27;[0m&amp#27;[32m Page in tree&amp#27;[0m                                                &amp#27;[90m# stepdefinitions.TreePageSteps.the_user_is_on_the_python_page_in_tree(java.lang.String)&amp#27;[0m
curentURL:https://dsportalapp.herokuapp.com/tryEditor
0==print("Hello World ");
0
  &amp#27;[32mWhen &amp#27;[0m&amp#27;[32mThe user writes &amp#27;[0m&amp#27;[32m&amp#27;[1m"valid"&amp#27;[0m&amp#27;[32m code for &amp#27;[0m&amp#27;[32m&amp#27;[1m"1"&amp#27;[0m&amp#27;[32m in tree&amp#27;[0m                                              &amp#27;[90m# stepdefinitions.TreePageSteps.the_user_writes_invalid_code_in_tree(java.lang.String,java.lang.String)&amp#27;[0m
curentURL:https://dsportalapp.herokuapp.com/tryEditor
in try here current url: https://dsportalapp.herokuapp.com/tryEditor
clicking: run
  &amp#27;[32mAnd &amp#27;[0m&amp#27;[32mThe user clicks &amp#27;[0m&amp#27;[32m&amp#27;[1m"run"&amp#27;[0m&amp#27;[32m with code &amp#27;[0m&amp#27;[32m&amp#27;[1m"true"&amp#27;[0m&amp#27;[32m in tree&amp#27;[0m                                             &amp#27;[90m# stepdefinitions.TreePageSteps.the_user_clicks_element_in_a_page_in_tree(java.lang.String,java.lang.String)&amp#27;[0m
true
  &amp#27;[32mThen &amp#27;[0m&amp#27;[32mOuput Displayed &amp#27;[0m&amp#27;[32m&amp#27;[1m"true"&amp#27;[0m&amp#27;[32m in tree&amp#27;[0m                                                            &amp#27;[90m# stepdefinitions.TreePageSteps.output_is_seen_in_the_console_in_tree(java.lang.String)&amp#27;[0m
]]></system-out>
  </testcase>
  <testcase name="Try Here button of Overview of Trees in Python Page" classname="Tree page features" time="7.196">
    <system-out><![CDATA[
@treepage
Scenario: Try Here button of Overview of Trees in Python Page                                      &amp#27;[90m# src/test/resources/AppFeatures/TreePage.feature:124&amp#27;[0m
Browser name is: chrome
login with uname: Pratiksha and passwd: Aggarwal
  &amp#27;[32mGiven &amp#27;[0m&amp#27;[32mthe user has already logged in the home page using for tree&amp#27;[0m                                &amp#27;[90m# stepdefinitions.TreePageSteps.the_user_has_already_logged_in_the_home_page_using_for_tree(io.cucumber.datatable.DataTable)&amp#27;[0m
    | username  | password |
    | Pratiksha | Aggarwal |
curentURL:https://dsportalapp.herokuapp.com/tree/overview-of-trees/
  &amp#27;[32mGiven &amp#27;[0m&amp#27;[32mThe user is on the &amp#27;[0m&amp#27;[32m&amp#27;[1m"tree/overview-of-trees/"&amp#27;[0m&amp#27;[32m Page in tree&amp#27;[0m                                  &amp#27;[90m# stepdefinitions.TreePageSteps.the_user_is_on_the_python_page_in_tree(java.lang.String)&amp#27;[0m
curentURL:https://dsportalapp.herokuapp.com/tree/overview-of-trees/
  &amp#27;[32mWhen &amp#27;[0m&amp#27;[32mThe user clicks Try Here button of &amp#27;[0m&amp#27;[32m&amp#27;[1m"Overview of Trees"&amp#27;[0m&amp#27;[32m Page in tree&amp#27;[0m                         &amp#27;[90m# stepdefinitions.TreePageSteps.the_user_clicks_try_here_button_of_in_a_page_in_tree(java.lang.String)&amp#27;[0m
curentURL:https://dsportalapp.herokuapp.com/tryEditor
curentURL:https://dsportalapp.herokuapp.com/tryEditor
in the_user_should_be_redirected_to_string_page url: https://dsportalapp.herokuapp.com/tryEditor
  &amp#27;[32mThen &amp#27;[0m&amp#27;[32mThe user should be redirected to &amp#27;[0m&amp#27;[32m&amp#27;[1m"https://dsportalapp.herokuapp.com/tryEditor"&amp#27;[0m&amp#27;[32m Page in tree&amp#27;[0m &amp#27;[90m# stepdefinitions.TreePageSteps.the_user_should_be_redirected_to_string_page_tree(java.lang.String)&amp#27;[0m
  &amp#27;[32mAnd &amp#27;[0m&amp#27;[32mThe Page should have Python Editor in tree&amp#27;[0m                                                   &amp#27;[90m# stepdefinitions.TreePageSteps.the_page_should_have_python_editor_in_tree()&amp#27;[0m
]]></system-out>
  </testcase>
  <testcase name="The user clicks Run on Terminologies Page without entering code" classname="Tree page features" time="7.865">
    <system-out><![CDATA[
@treepage
Scenario: The user clicks Run on Terminologies Page without entering code &amp#27;[90m# src/test/resources/AppFeatures/TreePage.feature:132&amp#27;[0m
Browser name is: chrome
login with uname: Pratiksha and passwd: Aggarwal
  &amp#27;[32mGiven &amp#27;[0m&amp#27;[32mthe user has already logged in the home page using for tree&amp#27;[0m       &amp#27;[90m# stepdefinitions.TreePageSteps.the_user_has_already_logged_in_the_home_page_using_for_tree(io.cucumber.datatable.DataTable)&amp#27;[0m
    | username  | password |
    | Pratiksha | Aggarwal |
curentURL:https://dsportalapp.herokuapp.com/tree/terminologies/
  &amp#27;[32mGiven &amp#27;[0m&amp#27;[32mThe user is on the &amp#27;[0m&amp#27;[32m&amp#27;[1m"tree/terminologies/"&amp#27;[0m&amp#27;[32m Page in tree&amp#27;[0m             &amp#27;[90m# stepdefinitions.TreePageSteps.the_user_is_on_the_python_page_in_tree(java.lang.String)&amp#27;[0m
curentURL:https://dsportalapp.herokuapp.com/tree/terminologies/
  &amp#27;[32mAnd &amp#27;[0m&amp#27;[32mThe user clicks Try Here button of &amp#27;[0m&amp#27;[32m&amp#27;[1m"Terminologies"&amp#27;[0m&amp#27;[32m Page in tree&amp#27;[0m     &amp#27;[90m# stepdefinitions.TreePageSteps.the_user_clicks_try_here_button_of_in_a_page_in_tree(java.lang.String)&amp#27;[0m
curentURL:https://dsportalapp.herokuapp.com/tryEditor
  &amp#27;[32mAnd &amp#27;[0m&amp#27;[32mThe user is on the &amp#27;[0m&amp#27;[32m&amp#27;[1m"tryEditor"&amp#27;[0m&amp#27;[32m Page in tree&amp#27;[0m                         &amp#27;[90m# stepdefinitions.TreePageSteps.the_user_is_on_the_python_page_in_tree(java.lang.String)&amp#27;[0m
curentURL:https://dsportalapp.herokuapp.com/tryEditor
in try here current url: https://dsportalapp.herokuapp.com/tryEditor
clicking: run
  &amp#27;[32mWhen &amp#27;[0m&amp#27;[32mThe user clicks &amp#27;[0m&amp#27;[32m&amp#27;[1m"run"&amp#27;[0m&amp#27;[32m with code &amp#27;[0m&amp#27;[32m&amp#27;[1m"false"&amp#27;[0m&amp#27;[32m in tree&amp#27;[0m                    &amp#27;[90m# stepdefinitions.TreePageSteps.the_user_clicks_element_in_a_page_in_tree(java.lang.String,java.lang.String)&amp#27;[0m
false
  &amp#27;[32mThen &amp#27;[0m&amp#27;[32mOuput Displayed &amp#27;[0m&amp#27;[32m&amp#27;[1m"false"&amp#27;[0m&amp#27;[32m in tree&amp#27;[0m                                    &amp#27;[90m# stepdefinitions.TreePageSteps.output_is_seen_in_the_console_in_tree(java.lang.String)&amp#27;[0m
  &amp#27;[32mAnd &amp#27;[0m&amp#27;[32mError message &amp#27;[0m&amp#27;[32m&amp#27;[1m"false"&amp#27;[0m&amp#27;[32m in tree&amp#27;[0m                                       &amp#27;[90m# stepdefinitions.TreePageSteps.no_error_message_is_displayed_in_tree(java.lang.String)&amp#27;[0m
]]></system-out>
  </testcase>
  <testcase name="The user clicks Run on Python Editor of Terminologies Page by enterering invalid code" classname="Tree page features" time="7.594">
    <system-out><![CDATA[
@treepage
Scenario: The user clicks Run on Python Editor of Terminologies Page by enterering invalid code &amp#27;[90m# src/test/resources/AppFeatures/TreePage.feature:141&amp#27;[0m
Browser name is: chrome
login with uname: Pratiksha and passwd: Aggarwal
  &amp#27;[32mGiven &amp#27;[0m&amp#27;[32mthe user has already logged in the home page using for tree&amp#27;[0m                             &amp#27;[90m# stepdefinitions.TreePageSteps.the_user_has_already_logged_in_the_home_page_using_for_tree(io.cucumber.datatable.DataTable)&amp#27;[0m
    | username  | password |
    | Pratiksha | Aggarwal |
curentURL:https://dsportalapp.herokuapp.com/tree/terminologies/
  &amp#27;[32mGiven &amp#27;[0m&amp#27;[32mThe user is on the &amp#27;[0m&amp#27;[32m&amp#27;[1m"tree/terminologies/"&amp#27;[0m&amp#27;[32m Page in tree&amp#27;[0m                                   &amp#27;[90m# stepdefinitions.TreePageSteps.the_user_is_on_the_python_page_in_tree(java.lang.String)&amp#27;[0m
curentURL:https://dsportalapp.herokuapp.com/tree/terminologies/
  &amp#27;[32mAnd &amp#27;[0m&amp#27;[32mThe user clicks Try Here button of &amp#27;[0m&amp#27;[32m&amp#27;[1m"Terminologies"&amp#27;[0m&amp#27;[32m Page in tree&amp#27;[0m                           &amp#27;[90m# stepdefinitions.TreePageSteps.the_user_clicks_try_here_button_of_in_a_page_in_tree(java.lang.String)&amp#27;[0m
curentURL:https://dsportalapp.herokuapp.com/tryEditor
  &amp#27;[32mAnd &amp#27;[0m&amp#27;[32mThe user is on the &amp#27;[0m&amp#27;[32m&amp#27;[1m"tryEditor"&amp#27;[0m&amp#27;[32m Page in tree&amp#27;[0m                                               &amp#27;[90m# stepdefinitions.TreePageSteps.the_user_is_on_the_python_page_in_tree(java.lang.String)&amp#27;[0m
curentURL:https://dsportalapp.herokuapp.com/tryEditor
  &amp#27;[32mWhen &amp#27;[0m&amp#27;[32mThe user writes &amp#27;[0m&amp#27;[32m&amp#27;[1m"invalid"&amp#27;[0m&amp#27;[32m code for &amp#27;[0m&amp#27;[32m&amp#27;[1m"1"&amp#27;[0m&amp#27;[32m in tree&amp#27;[0m                                           &amp#27;[90m# stepdefinitions.TreePageSteps.the_user_writes_invalid_code_in_tree(java.lang.String,java.lang.String)&amp#27;[0m
curentURL:https://dsportalapp.herokuapp.com/tryEditor
in try here current url: https://dsportalapp.herokuapp.com/tryEditor
clicking: run
  &amp#27;[32mAnd &amp#27;[0m&amp#27;[32mThe user clicks &amp#27;[0m&amp#27;[32m&amp#27;[1m"run"&amp#27;[0m&amp#27;[32m with code &amp#27;[0m&amp#27;[32m&amp#27;[1m"true"&amp#27;[0m&amp#27;[32m in tree&amp#27;[0m                                            &amp#27;[90m# stepdefinitions.TreePageSteps.the_user_clicks_element_in_a_page_in_tree(java.lang.String,java.lang.String)&amp#27;[0m
  &amp#27;[32mThen &amp#27;[0m&amp#27;[32mError message &amp#27;[0m&amp#27;[32m&amp#27;[1m"true"&amp#27;[0m&amp#27;[32m in tree&amp#27;[0m                                                             &amp#27;[90m# stepdefinitions.TreePageSteps.no_error_message_is_displayed_in_tree(java.lang.String)&amp#27;[0m
]]></system-out>
  </testcase>
  <testcase name="The user clicks Run on Python Editor of Terminologies Page and entering valid code" classname="Tree page features" time="8.927">
    <system-out><![CDATA[
@treepage
Scenario: The user clicks Run on Python Editor of Terminologies Page and entering valid code &amp#27;[90m# src/test/resources/AppFeatures/TreePage.feature:150&amp#27;[0m
Browser name is: chrome
login with uname: Pratiksha and passwd: Aggarwal
  &amp#27;[32mGiven &amp#27;[0m&amp#27;[32mthe user has already logged in the home page using for tree&amp#27;[0m                          &amp#27;[90m# stepdefinitions.TreePageSteps.the_user_has_already_logged_in_the_home_page_using_for_tree(io.cucumber.datatable.DataTable)&amp#27;[0m
    | username  | password |
    | Pratiksha | Aggarwal |
curentURL:https://dsportalapp.herokuapp.com/tree/terminologies/
  &amp#27;[32mGiven &amp#27;[0m&amp#27;[32mThe user is on the &amp#27;[0m&amp#27;[32m&amp#27;[1m"tree/terminologies/"&amp#27;[0m&amp#27;[32m Page in tree&amp#27;[0m                                &amp#27;[90m# stepdefinitions.TreePageSteps.the_user_is_on_the_python_page_in_tree(java.lang.String)&amp#27;[0m
curentURL:https://dsportalapp.herokuapp.com/tree/terminologies/
  &amp#27;[32mAnd &amp#27;[0m&amp#27;[32mThe user clicks Try Here button of &amp#27;[0m&amp#27;[32m&amp#27;[1m"Terminologies"&amp#27;[0m&amp#27;[32m Page in tree&amp#27;[0m                        &amp#27;[90m# stepdefinitions.TreePageSteps.the_user_clicks_try_here_button_of_in_a_page_in_tree(java.lang.String)&amp#27;[0m
curentURL:https://dsportalapp.herokuapp.com/tryEditor
  &amp#27;[32mAnd &amp#27;[0m&amp#27;[32mThe user is on the &amp#27;[0m&amp#27;[32m&amp#27;[1m"tryEditor"&amp#27;[0m&amp#27;[32m Page in tree&amp#27;[0m                                            &amp#27;[90m# stepdefinitions.TreePageSteps.the_user_is_on_the_python_page_in_tree(java.lang.String)&amp#27;[0m
curentURL:https://dsportalapp.herokuapp.com/tryEditor
0==print("Hello World ");
0
  &amp#27;[32mWhen &amp#27;[0m&amp#27;[32mThe user writes &amp#27;[0m&amp#27;[32m&amp#27;[1m"valid"&amp#27;[0m&amp#27;[32m code for &amp#27;[0m&amp#27;[32m&amp#27;[1m"1"&amp#27;[0m&amp#27;[32m in tree&amp#27;[0m                                          &amp#27;[90m# stepdefinitions.TreePageSteps.the_user_writes_invalid_code_in_tree(java.lang.String,java.lang.String)&amp#27;[0m
curentURL:https://dsportalapp.herokuapp.com/tryEditor
in try here current url: https://dsportalapp.herokuapp.com/tryEditor
clicking: run
  &amp#27;[32mAnd &amp#27;[0m&amp#27;[32mThe user clicks &amp#27;[0m&amp#27;[32m&amp#27;[1m"run"&amp#27;[0m&amp#27;[32m with code &amp#27;[0m&amp#27;[32m&amp#27;[1m"true"&amp#27;[0m&amp#27;[32m in tree&amp#27;[0m                                         &amp#27;[90m# stepdefinitions.TreePageSteps.the_user_clicks_element_in_a_page_in_tree(java.lang.String,java.lang.String)&amp#27;[0m
true
  &amp#27;[32mThen &amp#27;[0m&amp#27;[32mOuput Displayed &amp#27;[0m&amp#27;[32m&amp#27;[1m"true"&amp#27;[0m&amp#27;[32m in tree&amp#27;[0m                                                        &amp#27;[90m# stepdefinitions.TreePageSteps.output_is_seen_in_the_console_in_tree(java.lang.String)&amp#27;[0m
]]></system-out>
  </testcase>
  <testcase name="Try Here button of Terminologies in Python Page" classname="Tree page features" time="7.748">
    <system-out><![CDATA[
@treepage
Scenario: Try Here button of Terminologies in Python Page                                          &amp#27;[90m# src/test/resources/AppFeatures/TreePage.feature:159&amp#27;[0m
Browser name is: chrome
login with uname: Pratiksha and passwd: Aggarwal
  &amp#27;[32mGiven &amp#27;[0m&amp#27;[32mthe user has already logged in the home page using for tree&amp#27;[0m                                &amp#27;[90m# stepdefinitions.TreePageSteps.the_user_has_already_logged_in_the_home_page_using_for_tree(io.cucumber.datatable.DataTable)&amp#27;[0m
    | username  | password |
    | Pratiksha | Aggarwal |
curentURL:https://dsportalapp.herokuapp.com/tree/terminologies/
  &amp#27;[32mGiven &amp#27;[0m&amp#27;[32mThe user is on the &amp#27;[0m&amp#27;[32m&amp#27;[1m"tree/terminologies/"&amp#27;[0m&amp#27;[32m Page in tree&amp#27;[0m                                      &amp#27;[90m# stepdefinitions.TreePageSteps.the_user_is_on_the_python_page_in_tree(java.lang.String)&amp#27;[0m
curentURL:https://dsportalapp.herokuapp.com/tree/terminologies/
  &amp#27;[32mWhen &amp#27;[0m&amp#27;[32mThe user clicks Try Here button of &amp#27;[0m&amp#27;[32m&amp#27;[1m"Terminologies"&amp#27;[0m&amp#27;[32m Page in tree&amp#27;[0m                             &amp#27;[90m# stepdefinitions.TreePageSteps.the_user_clicks_try_here_button_of_in_a_page_in_tree(java.lang.String)&amp#27;[0m
curentURL:https://dsportalapp.herokuapp.com/tryEditor
curentURL:https://dsportalapp.herokuapp.com/tryEditor
in the_user_should_be_redirected_to_string_page url: https://dsportalapp.herokuapp.com/tryEditor
  &amp#27;[32mThen &amp#27;[0m&amp#27;[32mThe user should be redirected to &amp#27;[0m&amp#27;[32m&amp#27;[1m"https://dsportalapp.herokuapp.com/tryEditor"&amp#27;[0m&amp#27;[32m Page in tree&amp#27;[0m &amp#27;[90m# stepdefinitions.TreePageSteps.the_user_should_be_redirected_to_string_page_tree(java.lang.String)&amp#27;[0m
  &amp#27;[32mAnd &amp#27;[0m&amp#27;[32mThe Page should have Python Editor in tree&amp#27;[0m                                                   &amp#27;[90m# stepdefinitions.TreePageSteps.the_page_should_have_python_editor_in_tree()&amp#27;[0m
]]></system-out>
  </testcase>
  <testcase name="The user clicks Run on types-of-trees Page without entering code" classname="Tree page features" time="8.339">
    <system-out><![CDATA[
@treepage
Scenario: The user clicks Run on types-of-trees Page without entering code &amp#27;[90m# src/test/resources/AppFeatures/TreePage.feature:168&amp#27;[0m
Browser name is: chrome
login with uname: Pratiksha and passwd: Aggarwal
  &amp#27;[32mGiven &amp#27;[0m&amp#27;[32mthe user has already logged in the home page using for tree&amp#27;[0m        &amp#27;[90m# stepdefinitions.TreePageSteps.the_user_has_already_logged_in_the_home_page_using_for_tree(io.cucumber.datatable.DataTable)&amp#27;[0m
    | username  | password |
    | Pratiksha | Aggarwal |
curentURL:https://dsportalapp.herokuapp.com/tree/types-of-trees/
  &amp#27;[32mGiven &amp#27;[0m&amp#27;[32mThe user is on the &amp#27;[0m&amp#27;[32m&amp#27;[1m"tree/types-of-trees/"&amp#27;[0m&amp#27;[32m Page in tree&amp#27;[0m             &amp#27;[90m# stepdefinitions.TreePageSteps.the_user_is_on_the_python_page_in_tree(java.lang.String)&amp#27;[0m
curentURL:https://dsportalapp.herokuapp.com/tree/types-of-trees/
  &amp#27;[32mAnd &amp#27;[0m&amp#27;[32mThe user clicks Try Here button of &amp#27;[0m&amp#27;[32m&amp#27;[1m"types-of-trees"&amp#27;[0m&amp#27;[32m Page in tree&amp#27;[0m     &amp#27;[90m# stepdefinitions.TreePageSteps.the_user_clicks_try_here_button_of_in_a_page_in_tree(java.lang.String)&amp#27;[0m
curentURL:https://dsportalapp.herokuapp.com/tryEditor
  &amp#27;[32mAnd &amp#27;[0m&amp#27;[32mThe user is on the &amp#27;[0m&amp#27;[32m&amp#27;[1m"tryEditor"&amp#27;[0m&amp#27;[32m Page in tree&amp#27;[0m                          &amp#27;[90m# stepdefinitions.TreePageSteps.the_user_is_on_the_python_page_in_tree(java.lang.String)&amp#27;[0m
curentURL:https://dsportalapp.herokuapp.com/tryEditor
in try here current url: https://dsportalapp.herokuapp.com/tryEditor
clicking: run
  &amp#27;[32mWhen &amp#27;[0m&amp#27;[32mThe user clicks &amp#27;[0m&amp#27;[32m&amp#27;[1m"run"&amp#27;[0m&amp#27;[32m with code &amp#27;[0m&amp#27;[32m&amp#27;[1m"false"&amp#27;[0m&amp#27;[32m in tree&amp#27;[0m                     &amp#27;[90m# stepdefinitions.TreePageSteps.the_user_clicks_element_in_a_page_in_tree(java.lang.String,java.lang.String)&amp#27;[0m
false
  &amp#27;[32mThen &amp#27;[0m&amp#27;[32mOuput Displayed &amp#27;[0m&amp#27;[32m&amp#27;[1m"false"&amp#27;[0m&amp#27;[32m in tree&amp#27;[0m                                     &amp#27;[90m# stepdefinitions.TreePageSteps.output_is_seen_in_the_console_in_tree(java.lang.String)&amp#27;[0m
  &amp#27;[32mAnd &amp#27;[0m&amp#27;[32mError message &amp#27;[0m&amp#27;[32m&amp#27;[1m"false"&amp#27;[0m&amp#27;[32m in tree&amp#27;[0m                                        &amp#27;[90m# stepdefinitions.TreePageSteps.no_error_message_is_displayed_in_tree(java.lang.String)&amp#27;[0m
]]></system-out>
  </testcase>
  <testcase name="The user clicks Run on Python Editor of Types of Trees Page by enterering invalid code" classname="Tree page features" time="8.181">
    <system-out><![CDATA[
@treepage
Scenario: The user clicks Run on Python Editor of Types of Trees Page by enterering invalid code &amp#27;[90m# src/test/resources/AppFeatures/TreePage.feature:177&amp#27;[0m
Browser name is: chrome
login with uname: Pratiksha and passwd: Aggarwal
  &amp#27;[32mGiven &amp#27;[0m&amp#27;[32mthe user has already logged in the home page using for tree&amp#27;[0m                              &amp#27;[90m# stepdefinitions.TreePageSteps.the_user_has_already_logged_in_the_home_page_using_for_tree(io.cucumber.datatable.DataTable)&amp#27;[0m
    | username  | password |
    | Pratiksha | Aggarwal |
curentURL:https://dsportalapp.herokuapp.com/tree/types-of-trees/
  &amp#27;[32mGiven &amp#27;[0m&amp#27;[32mThe user is on the &amp#27;[0m&amp#27;[32m&amp#27;[1m"tree/types-of-trees/"&amp#27;[0m&amp#27;[32m Page in tree&amp#27;[0m                                   &amp#27;[90m# stepdefinitions.TreePageSteps.the_user_is_on_the_python_page_in_tree(java.lang.String)&amp#27;[0m
curentURL:https://dsportalapp.herokuapp.com/tree/types-of-trees/
  &amp#27;[32mAnd &amp#27;[0m&amp#27;[32mThe user clicks Try Here button of &amp#27;[0m&amp#27;[32m&amp#27;[1m"types-of-trees"&amp#27;[0m&amp#27;[32m Page in tree&amp#27;[0m                           &amp#27;[90m# stepdefinitions.TreePageSteps.the_user_clicks_try_here_button_of_in_a_page_in_tree(java.lang.String)&amp#27;[0m
curentURL:https://dsportalapp.herokuapp.com/tryEditor
  &amp#27;[32mAnd &amp#27;[0m&amp#27;[32mThe user is on the &amp#27;[0m&amp#27;[32m&amp#27;[1m"tryEditor"&amp#27;[0m&amp#27;[32m Page in tree&amp#27;[0m                                                &amp#27;[90m# stepdefinitions.TreePageSteps.the_user_is_on_the_python_page_in_tree(java.lang.String)&amp#27;[0m
curentURL:https://dsportalapp.herokuapp.com/tryEditor
  &amp#27;[32mWhen &amp#27;[0m&amp#27;[32mThe user writes &amp#27;[0m&amp#27;[32m&amp#27;[1m"invalid"&amp#27;[0m&amp#27;[32m code for &amp#27;[0m&amp#27;[32m&amp#27;[1m"1"&amp#27;[0m&amp#27;[32m in tree&amp#27;[0m                                            &amp#27;[90m# stepdefinitions.TreePageSteps.the_user_writes_invalid_code_in_tree(java.lang.String,java.lang.String)&amp#27;[0m
curentURL:https://dsportalapp.herokuapp.com/tryEditor
in try here current url: https://dsportalapp.herokuapp.com/tryEditor
clicking: run
  &amp#27;[32mAnd &amp#27;[0m&amp#27;[32mThe user clicks &amp#27;[0m&amp#27;[32m&amp#27;[1m"run"&amp#27;[0m&amp#27;[32m with code &amp#27;[0m&amp#27;[32m&amp#27;[1m"true"&amp#27;[0m&amp#27;[32m in tree&amp#27;[0m                                             &amp#27;[90m# stepdefinitions.TreePageSteps.the_user_clicks_element_in_a_page_in_tree(java.lang.String,java.lang.String)&amp#27;[0m
  &amp#27;[32mThen &amp#27;[0m&amp#27;[32mError message &amp#27;[0m&amp#27;[32m&amp#27;[1m"true"&amp#27;[0m&amp#27;[32m in tree&amp#27;[0m                                                              &amp#27;[90m# stepdefinitions.TreePageSteps.no_error_message_is_displayed_in_tree(java.lang.String)&amp#27;[0m
]]></system-out>
  </testcase>
  <testcase name="The user clicks Run on Python Editor of Types of Trees Page and entering valid code" classname="Tree page features" time="8.476">
    <system-out><![CDATA[
@treepage
Scenario: The user clicks Run on Python Editor of Types of Trees Page and entering valid code &amp#27;[90m# src/test/resources/AppFeatures/TreePage.feature:186&amp#27;[0m
Browser name is: chrome
login with uname: Pratiksha and passwd: Aggarwal
  &amp#27;[32mGiven &amp#27;[0m&amp#27;[32mthe user has already logged in the home page using for tree&amp#27;[0m                           &amp#27;[90m# stepdefinitions.TreePageSteps.the_user_has_already_logged_in_the_home_page_using_for_tree(io.cucumber.datatable.DataTable)&amp#27;[0m
    | username  | password |
    | Pratiksha | Aggarwal |
curentURL:https://dsportalapp.herokuapp.com/tree/types-of-trees/
  &amp#27;[32mGiven &amp#27;[0m&amp#27;[32mThe user is on the &amp#27;[0m&amp#27;[32m&amp#27;[1m"tree/types-of-trees/"&amp#27;[0m&amp#27;[32m Page in tree&amp#27;[0m                                &amp#27;[90m# stepdefinitions.TreePageSteps.the_user_is_on_the_python_page_in_tree(java.lang.String)&amp#27;[0m
curentURL:https://dsportalapp.herokuapp.com/tree/types-of-trees/
  &amp#27;[32mAnd &amp#27;[0m&amp#27;[32mThe user clicks Try Here button of &amp#27;[0m&amp#27;[32m&amp#27;[1m"types-of-trees"&amp#27;[0m&amp#27;[32m Page in tree&amp#27;[0m                        &amp#27;[90m# stepdefinitions.TreePageSteps.the_user_clicks_try_here_button_of_in_a_page_in_tree(java.lang.String)&amp#27;[0m
curentURL:https://dsportalapp.herokuapp.com/tryEditor
  &amp#27;[32mAnd &amp#27;[0m&amp#27;[32mThe user is on the &amp#27;[0m&amp#27;[32m&amp#27;[1m"tryEditor"&amp#27;[0m&amp#27;[32m Page in tree&amp#27;[0m                                             &amp#27;[90m# stepdefinitions.TreePageSteps.the_user_is_on_the_python_page_in_tree(java.lang.String)&amp#27;[0m
curentURL:https://dsportalapp.herokuapp.com/tryEditor
0==print("Hello World ");
0
  &amp#27;[32mWhen &amp#27;[0m&amp#27;[32mThe user writes &amp#27;[0m&amp#27;[32m&amp#27;[1m"valid"&amp#27;[0m&amp#27;[32m code for &amp#27;[0m&amp#27;[32m&amp#27;[1m"1"&amp#27;[0m&amp#27;[32m in tree&amp#27;[0m                                           &amp#27;[90m# stepdefinitions.TreePageSteps.the_user_writes_invalid_code_in_tree(java.lang.String,java.lang.String)&amp#27;[0m
curentURL:https://dsportalapp.herokuapp.com/tryEditor
in try here current url: https://dsportalapp.herokuapp.com/tryEditor
clicking: run
  &amp#27;[32mAnd &amp#27;[0m&amp#27;[32mThe user clicks &amp#27;[0m&amp#27;[32m&amp#27;[1m"run"&amp#27;[0m&amp#27;[32m with code &amp#27;[0m&amp#27;[32m&amp#27;[1m"true"&amp#27;[0m&amp#27;[32m in tree&amp#27;[0m                                          &amp#27;[90m# stepdefinitions.TreePageSteps.the_user_clicks_element_in_a_page_in_tree(java.lang.String,java.lang.String)&amp#27;[0m
true
  &amp#27;[32mThen &amp#27;[0m&amp#27;[32mOuput Displayed &amp#27;[0m&amp#27;[32m&amp#27;[1m"true"&amp#27;[0m&amp#27;[32m in tree&amp#27;[0m                                                         &amp#27;[90m# stepdefinitions.TreePageSteps.output_is_seen_in_the_console_in_tree(java.lang.String)&amp#27;[0m
]]></system-out>
  </testcase>
  <testcase name="Try Here button of Types of Trees in Python Page" classname="Tree page features" time="7.025">
    <system-out><![CDATA[
@treepage
Scenario: Try Here button of Types of Trees in Python Page                                         &amp#27;[90m# src/test/resources/AppFeatures/TreePage.feature:195&amp#27;[0m
Browser name is: chrome
login with uname: Pratiksha and passwd: Aggarwal
  &amp#27;[32mGiven &amp#27;[0m&amp#27;[32mthe user has already logged in the home page using for tree&amp#27;[0m                                &amp#27;[90m# stepdefinitions.TreePageSteps.the_user_has_already_logged_in_the_home_page_using_for_tree(io.cucumber.datatable.DataTable)&amp#27;[0m
    | username  | password |
    | Pratiksha | Aggarwal |
curentURL:https://dsportalapp.herokuapp.com/tree/types-of-trees/
  &amp#27;[32mGiven &amp#27;[0m&amp#27;[32mThe user is on the &amp#27;[0m&amp#27;[32m&amp#27;[1m"tree/types-of-trees/"&amp#27;[0m&amp#27;[32m Page in tree&amp#27;[0m                                     &amp#27;[90m# stepdefinitions.TreePageSteps.the_user_is_on_the_python_page_in_tree(java.lang.String)&amp#27;[0m
curentURL:https://dsportalapp.herokuapp.com/tree/types-of-trees/
  &amp#27;[32mWhen &amp#27;[0m&amp#27;[32mThe user clicks Try Here button of &amp#27;[0m&amp#27;[32m&amp#27;[1m"types-of-trees"&amp#27;[0m&amp#27;[32m Page in tree&amp#27;[0m                            &amp#27;[90m# stepdefinitions.TreePageSteps.the_user_clicks_try_here_button_of_in_a_page_in_tree(java.lang.String)&amp#27;[0m
curentURL:https://dsportalapp.herokuapp.com/tryEditor
curentURL:https://dsportalapp.herokuapp.com/tryEditor
in the_user_should_be_redirected_to_string_page url: https://dsportalapp.herokuapp.com/tryEditor
  &amp#27;[32mThen &amp#27;[0m&amp#27;[32mThe user should be redirected to &amp#27;[0m&amp#27;[32m&amp#27;[1m"https://dsportalapp.herokuapp.com/tryEditor"&amp#27;[0m&amp#27;[32m Page in tree&amp#27;[0m &amp#27;[90m# stepdefinitions.TreePageSteps.the_user_should_be_redirected_to_string_page_tree(java.lang.String)&amp#27;[0m
  &amp#27;[32mAnd &amp#27;[0m&amp#27;[32mThe Page should have Python Editor in tree&amp#27;[0m                                                   &amp#27;[90m# stepdefinitions.TreePageSteps.the_page_should_have_python_editor_in_tree()&amp#27;[0m
]]></system-out>
  </testcase>
  <testcase name="The user clicks Run on tree-traversals Page without entering code" classname="Tree page features" time="8.585">
    <system-out><![CDATA[
@treepage
Scenario: The user clicks Run on tree-traversals Page without entering code &amp#27;[90m# src/test/resources/AppFeatures/TreePage.feature:203&amp#27;[0m
Browser name is: chrome
login with uname: Pratiksha and passwd: Aggarwal
  &amp#27;[32mGiven &amp#27;[0m&amp#27;[32mthe user has already logged in the home page using for tree&amp#27;[0m         &amp#27;[90m# stepdefinitions.TreePageSteps.the_user_has_already_logged_in_the_home_page_using_for_tree(io.cucumber.datatable.DataTable)&amp#27;[0m
    | username  | password |
    | Pratiksha | Aggarwal |
curentURL:https://dsportalapp.herokuapp.com/tree/tree-traversals/
  &amp#27;[32mGiven &amp#27;[0m&amp#27;[32mThe user is on the &amp#27;[0m&amp#27;[32m&amp#27;[1m"tree/tree-traversals/"&amp#27;[0m&amp#27;[32m Page in tree&amp#27;[0m             &amp#27;[90m# stepdefinitions.TreePageSteps.the_user_is_on_the_python_page_in_tree(java.lang.String)&amp#27;[0m
curentURL:https://dsportalapp.herokuapp.com/tree/tree-traversals/
  &amp#27;[32mAnd &amp#27;[0m&amp#27;[32mThe user clicks Try Here button of &amp#27;[0m&amp#27;[32m&amp#27;[1m"tree-traversals"&amp#27;[0m&amp#27;[32m Page in tree&amp#27;[0m     &amp#27;[90m# stepdefinitions.TreePageSteps.the_user_clicks_try_here_button_of_in_a_page_in_tree(java.lang.String)&amp#27;[0m
curentURL:https://dsportalapp.herokuapp.com/tryEditor
  &amp#27;[32mAnd &amp#27;[0m&amp#27;[32mThe user is on the &amp#27;[0m&amp#27;[32m&amp#27;[1m"tryEditor"&amp#27;[0m&amp#27;[32m Page in tree&amp#27;[0m                           &amp#27;[90m# stepdefinitions.TreePageSteps.the_user_is_on_the_python_page_in_tree(java.lang.String)&amp#27;[0m
curentURL:https://dsportalapp.herokuapp.com/tryEditor
in try here current url: https://dsportalapp.herokuapp.com/tryEditor
clicking: run
  &amp#27;[32mWhen &amp#27;[0m&amp#27;[32mThe user clicks &amp#27;[0m&amp#27;[32m&amp#27;[1m"run"&amp#27;[0m&amp#27;[32m with code &amp#27;[0m&amp#27;[32m&amp#27;[1m"false"&amp#27;[0m&amp#27;[32m in tree&amp#27;[0m                      &amp#27;[90m# stepdefinitions.TreePageSteps.the_user_clicks_element_in_a_page_in_tree(java.lang.String,java.lang.String)&amp#27;[0m
false
  &amp#27;[32mThen &amp#27;[0m&amp#27;[32mOuput Displayed &amp#27;[0m&amp#27;[32m&amp#27;[1m"false"&amp#27;[0m&amp#27;[32m in tree&amp#27;[0m                                      &amp#27;[90m# stepdefinitions.TreePageSteps.output_is_seen_in_the_console_in_tree(java.lang.String)&amp#27;[0m
  &amp#27;[32mAnd &amp#27;[0m&amp#27;[32mError message &amp#27;[0m&amp#27;[32m&amp#27;[1m"false"&amp#27;[0m&amp#27;[32m in tree&amp#27;[0m                                         &amp#27;[90m# stepdefinitions.TreePageSteps.no_error_message_is_displayed_in_tree(java.lang.String)&amp#27;[0m
]]></system-out>
  </testcase>
  <testcase name="The user clicks Run on Python Editor of Tree Traversals Page by enterering invalid code" classname="Tree page features" time="7.627">
    <system-out><![CDATA[
@treepage
Scenario: The user clicks Run on Python Editor of Tree Traversals Page by enterering invalid code &amp#27;[90m# src/test/resources/AppFeatures/TreePage.feature:212&amp#27;[0m
Browser name is: chrome
login with uname: Pratiksha and passwd: Aggarwal
  &amp#27;[32mGiven &amp#27;[0m&amp#27;[32mthe user has already logged in the home page using for tree&amp#27;[0m                               &amp#27;[90m# stepdefinitions.TreePageSteps.the_user_has_already_logged_in_the_home_page_using_for_tree(io.cucumber.datatable.DataTable)&amp#27;[0m
    | username  | password |
    | Pratiksha | Aggarwal |
curentURL:https://dsportalapp.herokuapp.com/tree/tree-traversals/
  &amp#27;[32mGiven &amp#27;[0m&amp#27;[32mThe user is on the &amp#27;[0m&amp#27;[32m&amp#27;[1m"tree/tree-traversals/"&amp#27;[0m&amp#27;[32m Page in tree&amp#27;[0m                                   &amp#27;[90m# stepdefinitions.TreePageSteps.the_user_is_on_the_python_page_in_tree(java.lang.String)&amp#27;[0m
curentURL:https://dsportalapp.herokuapp.com/tree/tree-traversals/
  &amp#27;[32mAnd &amp#27;[0m&amp#27;[32mThe user clicks Try Here button of &amp#27;[0m&amp#27;[32m&amp#27;[1m"tree-traversals"&amp#27;[0m&amp#27;[32m Page in tree&amp#27;[0m                           &amp#27;[90m# stepdefinitions.TreePageSteps.the_user_clicks_try_here_button_of_in_a_page_in_tree(java.lang.String)&amp#27;[0m
curentURL:https://dsportalapp.herokuapp.com/tryEditor
  &amp#27;[32mAnd &amp#27;[0m&amp#27;[32mThe user is on the &amp#27;[0m&amp#27;[32m&amp#27;[1m"tryEditor"&amp#27;[0m&amp#27;[32m Page in tree&amp#27;[0m                                                 &amp#27;[90m# stepdefinitions.TreePageSteps.the_user_is_on_the_python_page_in_tree(java.lang.String)&amp#27;[0m
curentURL:https://dsportalapp.herokuapp.com/tryEditor
  &amp#27;[32mWhen &amp#27;[0m&amp#27;[32mThe user writes &amp#27;[0m&amp#27;[32m&amp#27;[1m"invalid"&amp#27;[0m&amp#27;[32m code for &amp#27;[0m&amp#27;[32m&amp#27;[1m"1"&amp#27;[0m&amp#27;[32m in tree&amp#27;[0m                                             &amp#27;[90m# stepdefinitions.TreePageSteps.the_user_writes_invalid_code_in_tree(java.lang.String,java.lang.String)&amp#27;[0m
curentURL:https://dsportalapp.herokuapp.com/tryEditor
in try here current url: https://dsportalapp.herokuapp.com/tryEditor
clicking: run
  &amp#27;[32mAnd &amp#27;[0m&amp#27;[32mThe user clicks &amp#27;[0m&amp#27;[32m&amp#27;[1m"run"&amp#27;[0m&amp#27;[32m with code &amp#27;[0m&amp#27;[32m&amp#27;[1m"true"&amp#27;[0m&amp#27;[32m in tree&amp#27;[0m                                              &amp#27;[90m# stepdefinitions.TreePageSteps.the_user_clicks_element_in_a_page_in_tree(java.lang.String,java.lang.String)&amp#27;[0m
  &amp#27;[32mThen &amp#27;[0m&amp#27;[32mError message &amp#27;[0m&amp#27;[32m&amp#27;[1m"true"&amp#27;[0m&amp#27;[32m in tree&amp#27;[0m                                                               &amp#27;[90m# stepdefinitions.TreePageSteps.no_error_message_is_displayed_in_tree(java.lang.String)&amp#27;[0m
]]></system-out>
  </testcase>
  <testcase name="The user clicks Run on Python Editor of Tree Traversals Page and entering valid code" classname="Tree page features" time="10.035">
    <system-out><![CDATA[
@treepage
Scenario: The user clicks Run on Python Editor of Tree Traversals Page and entering valid code &amp#27;[90m# src/test/resources/AppFeatures/TreePage.feature:221&amp#27;[0m
Browser name is: chrome
login with uname: Pratiksha and passwd: Aggarwal
  &amp#27;[32mGiven &amp#27;[0m&amp#27;[32mthe user has already logged in the home page using for tree&amp#27;[0m                            &amp#27;[90m# stepdefinitions.TreePageSteps.the_user_has_already_logged_in_the_home_page_using_for_tree(io.cucumber.datatable.DataTable)&amp#27;[0m
    | username  | password |
    | Pratiksha | Aggarwal |
curentURL:https://dsportalapp.herokuapp.com/tree/tree-traversals/
  &amp#27;[32mGiven &amp#27;[0m&amp#27;[32mThe user is on the &amp#27;[0m&amp#27;[32m&amp#27;[1m"tree/tree-traversals/"&amp#27;[0m&amp#27;[32m Page in tree&amp#27;[0m                                &amp#27;[90m# stepdefinitions.TreePageSteps.the_user_is_on_the_python_page_in_tree(java.lang.String)&amp#27;[0m
curentURL:https://dsportalapp.herokuapp.com/tree/tree-traversals/
  &amp#27;[32mAnd &amp#27;[0m&amp#27;[32mThe user clicks Try Here button of &amp#27;[0m&amp#27;[32m&amp#27;[1m"tree-traversals"&amp#27;[0m&amp#27;[32m Page in tree&amp#27;[0m                        &amp#27;[90m# stepdefinitions.TreePageSteps.the_user_clicks_try_here_button_of_in_a_page_in_tree(java.lang.String)&amp#27;[0m
curentURL:https://dsportalapp.herokuapp.com/tryEditor
  &amp#27;[32mAnd &amp#27;[0m&amp#27;[32mThe user is on the &amp#27;[0m&amp#27;[32m&amp#27;[1m"tryEditor"&amp#27;[0m&amp#27;[32m Page in tree&amp#27;[0m                                              &amp#27;[90m# stepdefinitions.TreePageSteps.the_user_is_on_the_python_page_in_tree(java.lang.String)&amp#27;[0m
curentURL:https://dsportalapp.herokuapp.com/tryEditor
0==print("Hello World ");
0
  &amp#27;[32mWhen &amp#27;[0m&amp#27;[32mThe user writes &amp#27;[0m&amp#27;[32m&amp#27;[1m"valid"&amp#27;[0m&amp#27;[32m code for &amp#27;[0m&amp#27;[32m&amp#27;[1m"1"&amp#27;[0m&amp#27;[32m in tree&amp#27;[0m                                            &amp#27;[90m# stepdefinitions.TreePageSteps.the_user_writes_invalid_code_in_tree(java.lang.String,java.lang.String)&amp#27;[0m
curentURL:https://dsportalapp.herokuapp.com/tryEditor
in try here current url: https://dsportalapp.herokuapp.com/tryEditor
clicking: run
  &amp#27;[32mAnd &amp#27;[0m&amp#27;[32mThe user clicks &amp#27;[0m&amp#27;[32m&amp#27;[1m"run"&amp#27;[0m&amp#27;[32m with code &amp#27;[0m&amp#27;[32m&amp#27;[1m"true"&amp#27;[0m&amp#27;[32m in tree&amp#27;[0m                                           &amp#27;[90m# stepdefinitions.TreePageSteps.the_user_clicks_element_in_a_page_in_tree(java.lang.String,java.lang.String)&amp#27;[0m
true
  &amp#27;[32mThen &amp#27;[0m&amp#27;[32mOuput Displayed &amp#27;[0m&amp#27;[32m&amp#27;[1m"true"&amp#27;[0m&amp#27;[32m in tree&amp#27;[0m                                                          &amp#27;[90m# stepdefinitions.TreePageSteps.output_is_seen_in_the_console_in_tree(java.lang.String)&amp#27;[0m
]]></system-out>
  </testcase>
  <testcase name="Try Here button of Tree Traversals in Python Page" classname="Tree page features" time="7.47">
    <system-out><![CDATA[
@treepage
Scenario: Try Here button of Tree Traversals in Python Page                                        &amp#27;[90m# src/test/resources/AppFeatures/TreePage.feature:230&amp#27;[0m
Browser name is: chrome
login with uname: Pratiksha and passwd: Aggarwal
  &amp#27;[32mGiven &amp#27;[0m&amp#27;[32mthe user has already logged in the home page using for tree&amp#27;[0m                                &amp#27;[90m# stepdefinitions.TreePageSteps.the_user_has_already_logged_in_the_home_page_using_for_tree(io.cucumber.datatable.DataTable)&amp#27;[0m
    | username  | password |
    | Pratiksha | Aggarwal |
curentURL:https://dsportalapp.herokuapp.com/tree/tree-traversals/
  &amp#27;[32mGiven &amp#27;[0m&amp#27;[32mThe user is on the &amp#27;[0m&amp#27;[32m&amp#27;[1m"tree/tree-traversals/"&amp#27;[0m&amp#27;[32m Page in tree&amp#27;[0m                                    &amp#27;[90m# stepdefinitions.TreePageSteps.the_user_is_on_the_python_page_in_tree(java.lang.String)&amp#27;[0m
curentURL:https://dsportalapp.herokuapp.com/tree/tree-traversals/
  &amp#27;[32mWhen &amp#27;[0m&amp#27;[32mThe user clicks Try Here button of &amp#27;[0m&amp#27;[32m&amp#27;[1m"tree-traversals"&amp#27;[0m&amp#27;[32m Page in tree&amp#27;[0m                           &amp#27;[90m# stepdefinitions.TreePageSteps.the_user_clicks_try_here_button_of_in_a_page_in_tree(java.lang.String)&amp#27;[0m
curentURL:https://dsportalapp.herokuapp.com/tryEditor
curentURL:https://dsportalapp.herokuapp.com/tryEditor
in the_user_should_be_redirected_to_string_page url: https://dsportalapp.herokuapp.com/tryEditor
  &amp#27;[32mThen &amp#27;[0m&amp#27;[32mThe user should be redirected to &amp#27;[0m&amp#27;[32m&amp#27;[1m"https://dsportalapp.herokuapp.com/tryEditor"&amp#27;[0m&amp#27;[32m Page in tree&amp#27;[0m &amp#27;[90m# stepdefinitions.TreePageSteps.the_user_should_be_redirected_to_string_page_tree(java.lang.String)&amp#27;[0m
  &amp#27;[32mAnd &amp#27;[0m&amp#27;[32mThe Page should have Python Editor in tree&amp#27;[0m                                                   &amp#27;[90m# stepdefinitions.TreePageSteps.the_page_should_have_python_editor_in_tree()&amp#27;[0m
]]></system-out>
  </testcase>
  <testcase name="The user clicks Run on traversals-illustration Page without entering code" classname="Tree page features" time="9.059">
    <system-out><![CDATA[
@treepage
Scenario: The user clicks Run on traversals-illustration Page without entering code &amp#27;[90m# src/test/resources/AppFeatures/TreePage.feature:239&amp#27;[0m
Browser name is: chrome
login with uname: Pratiksha and passwd: Aggarwal
  &amp#27;[32mGiven &amp#27;[0m&amp#27;[32mthe user has already logged in the home page using for tree&amp#27;[0m                 &amp#27;[90m# stepdefinitions.TreePageSteps.the_user_has_already_logged_in_the_home_page_using_for_tree(io.cucumber.datatable.DataTable)&amp#27;[0m
    | username  | password |
    | Pratiksha | Aggarwal |
curentURL:https://dsportalapp.herokuapp.com/tree/traversals-illustration/
  &amp#27;[32mGiven &amp#27;[0m&amp#27;[32mThe user is on the &amp#27;[0m&amp#27;[32m&amp#27;[1m"tree/traversals-illustration/"&amp#27;[0m&amp#27;[32m Page in tree&amp#27;[0m             &amp#27;[90m# stepdefinitions.TreePageSteps.the_user_is_on_the_python_page_in_tree(java.lang.String)&amp#27;[0m
curentURL:https://dsportalapp.herokuapp.com/tree/traversals-illustration/
  &amp#27;[32mAnd &amp#27;[0m&amp#27;[32mThe user clicks Try Here button of &amp#27;[0m&amp#27;[32m&amp#27;[1m"traversals-illustration"&amp#27;[0m&amp#27;[32m Page in tree&amp#27;[0m     &amp#27;[90m# stepdefinitions.TreePageSteps.the_user_clicks_try_here_button_of_in_a_page_in_tree(java.lang.String)&amp#27;[0m
curentURL:https://dsportalapp.herokuapp.com/tryEditor
  &amp#27;[32mAnd &amp#27;[0m&amp#27;[32mThe user is on the &amp#27;[0m&amp#27;[32m&amp#27;[1m"tryEditor"&amp#27;[0m&amp#27;[32m Page in tree&amp#27;[0m                                   &amp#27;[90m# stepdefinitions.TreePageSteps.the_user_is_on_the_python_page_in_tree(java.lang.String)&amp#27;[0m
curentURL:https://dsportalapp.herokuapp.com/tryEditor
in try here current url: https://dsportalapp.herokuapp.com/tryEditor
clicking: run
  &amp#27;[32mWhen &amp#27;[0m&amp#27;[32mThe user clicks &amp#27;[0m&amp#27;[32m&amp#27;[1m"run"&amp#27;[0m&amp#27;[32m with code &amp#27;[0m&amp#27;[32m&amp#27;[1m"false"&amp#27;[0m&amp#27;[32m in tree&amp#27;[0m                              &amp#27;[90m# stepdefinitions.TreePageSteps.the_user_clicks_element_in_a_page_in_tree(java.lang.String,java.lang.String)&amp#27;[0m
false
  &amp#27;[32mThen &amp#27;[0m&amp#27;[32mOuput Displayed &amp#27;[0m&amp#27;[32m&amp#27;[1m"false"&amp#27;[0m&amp#27;[32m in tree&amp#27;[0m                                              &amp#27;[90m# stepdefinitions.TreePageSteps.output_is_seen_in_the_console_in_tree(java.lang.String)&amp#27;[0m
  &amp#27;[32mAnd &amp#27;[0m&amp#27;[32mError message &amp#27;[0m&amp#27;[32m&amp#27;[1m"false"&amp#27;[0m&amp#27;[32m in tree&amp#27;[0m                                                 &amp#27;[90m# stepdefinitions.TreePageSteps.no_error_message_is_displayed_in_tree(java.lang.String)&amp#27;[0m
]]></system-out>
  </testcase>
  <testcase name="The user clicks Run on Python Editor of Traversals-Illustration Page by enterering invalid code" classname="Tree page features" time="8.544">
    <system-out><![CDATA[
@treepage
Scenario: The user clicks Run on Python Editor of Traversals-Illustration Page by enterering invalid code &amp#27;[90m# src/test/resources/AppFeatures/TreePage.feature:248&amp#27;[0m
Browser name is: chrome
login with uname: Pratiksha and passwd: Aggarwal
  &amp#27;[32mGiven &amp#27;[0m&amp#27;[32mthe user has already logged in the home page using for tree&amp#27;[0m                                       &amp#27;[90m# stepdefinitions.TreePageSteps.the_user_has_already_logged_in_the_home_page_using_for_tree(io.cucumber.datatable.DataTable)&amp#27;[0m
    | username  | password |
    | Pratiksha | Aggarwal |
curentURL:https://dsportalapp.herokuapp.com/tree/traversals-illustration/
  &amp#27;[32mGiven &amp#27;[0m&amp#27;[32mThe user is on the &amp#27;[0m&amp#27;[32m&amp#27;[1m"tree/traversals-illustration/"&amp#27;[0m&amp#27;[32m Page in tree&amp#27;[0m                                   &amp#27;[90m# stepdefinitions.TreePageSteps.the_user_is_on_the_python_page_in_tree(java.lang.String)&amp#27;[0m
curentURL:https://dsportalapp.herokuapp.com/tree/traversals-illustration/
  &amp#27;[32mAnd &amp#27;[0m&amp#27;[32mThe user clicks Try Here button of &amp#27;[0m&amp#27;[32m&amp#27;[1m"traversals-illustration"&amp#27;[0m&amp#27;[32m Page in tree&amp#27;[0m                           &amp#27;[90m# stepdefinitions.TreePageSteps.the_user_clicks_try_here_button_of_in_a_page_in_tree(java.lang.String)&amp#27;[0m
curentURL:https://dsportalapp.herokuapp.com/tryEditor
  &amp#27;[32mAnd &amp#27;[0m&amp#27;[32mThe user is on the &amp#27;[0m&amp#27;[32m&amp#27;[1m"tryEditor"&amp#27;[0m&amp#27;[32m Page in tree&amp#27;[0m                                                         &amp#27;[90m# stepdefinitions.TreePageSteps.the_user_is_on_the_python_page_in_tree(java.lang.String)&amp#27;[0m
curentURL:https://dsportalapp.herokuapp.com/tryEditor
  &amp#27;[32mWhen &amp#27;[0m&amp#27;[32mThe user writes &amp#27;[0m&amp#27;[32m&amp#27;[1m"invalid"&amp#27;[0m&amp#27;[32m code for &amp#27;[0m&amp#27;[32m&amp#27;[1m"1"&amp#27;[0m&amp#27;[32m in tree&amp#27;[0m                                                     &amp#27;[90m# stepdefinitions.TreePageSteps.the_user_writes_invalid_code_in_tree(java.lang.String,java.lang.String)&amp#27;[0m
curentURL:https://dsportalapp.herokuapp.com/tryEditor
in try here current url: https://dsportalapp.herokuapp.com/tryEditor
clicking: run
  &amp#27;[32mAnd &amp#27;[0m&amp#27;[32mThe user clicks &amp#27;[0m&amp#27;[32m&amp#27;[1m"run"&amp#27;[0m&amp#27;[32m with code &amp#27;[0m&amp#27;[32m&amp#27;[1m"true"&amp#27;[0m&amp#27;[32m in tree&amp#27;[0m                                                      &amp#27;[90m# stepdefinitions.TreePageSteps.the_user_clicks_element_in_a_page_in_tree(java.lang.String,java.lang.String)&amp#27;[0m
[...]
curentURL:https://dsportalapp.herokuapp.com/tree/implementation-of-binary-trees/
  &amp#27;[32mAnd &amp#27;[0m&amp#27;[32mThe user clicks Try Here button of &amp#27;[0m&amp#27;[32m&amp#27;[1m"Tree"&amp#27;[0m&amp#27;[32m Page in tree&amp#27;[0m                   &amp#27;[90m# stepdefinitions.TreePageSteps.the_user_clicks_try_here_button_of_in_a_page_in_tree(java.lang.String)&amp#27;[0m
curentURL:https://dsportalapp.herokuapp.com/tryEditor
  &amp#27;[32mAnd &amp#27;[0m&amp#27;[32mThe user is on the &amp#27;[0m&amp#27;[32m&amp#27;[1m"tryEditor"&amp#27;[0m&amp#27;[32m Page in tree&amp#27;[0m                              &amp#27;[90m# stepdefinitions.TreePageSteps.the_user_is_on_the_python_page_in_tree(java.lang.String)&amp#27;[0m
  &amp#27;[32mAnd &amp#27;[0m&amp#27;[32mNo change in code in tree&amp#27;[0m                                                &amp#27;[90m# stepdefinitions.TreePageSteps.no_change_in_code_in_tree()&amp#27;[0m
]]></system-out>
  </testcase>
  <testcase name="Practice question page with links #11" classname="Tree page features" time="3.284">
    <system-out><![CDATA[
@treepage
Scenario: Practice question page with links                                  &amp#27;[90m# src/test/resources/AppFeatures/TreePage.feature:768&amp#27;[0m
Browser name is: chrome
login with uname: Pratiksha and passwd: Aggarwal
  &amp#27;[32mGiven &amp#27;[0m&amp#27;[32mthe user has already logged in the home page using for tree&amp#27;[0m          &amp#27;[90m# stepdefinitions.TreePageSteps.the_user_has_already_logged_in_the_home_page_using_for_tree(io.cucumber.datatable.DataTable)&amp#27;[0m
    | username  | password |
    | Pratiksha | Aggarwal |
curentURL:https://dsportalapp.herokuapp.com/tree/applications-of-binary-trees/
  &amp#27;[32mGiven &amp#27;[0m&amp#27;[32mThe user is on the &amp#27;[0m&amp#27;[32m&amp#27;[1m"tree/applications-of-binary-trees/"&amp#27;[0m&amp#27;[32m Page in tree&amp#27;[0m &amp#27;[90m# stepdefinitions.TreePageSteps.the_user_is_on_the_python_page_in_tree(java.lang.String)&amp#27;[0m
curentURL:https://dsportalapp.herokuapp.com/tree/practice
  &amp#27;[32mWhen &amp#27;[0m&amp#27;[32mThe user clicks a &amp#27;[0m&amp#27;[32m&amp#27;[1m"Practice Questions"&amp#27;[0m&amp#27;[32m link in tree&amp#27;[0m                   &amp#27;[90m# stepdefinitions.TreePageSteps.the_user_clicks_a_page_link_in_tree(java.lang.String)&amp#27;[0m
curentURL:https://dsportalapp.herokuapp.com/tree/practice
curentURL:https://dsportalapp.herokuapp.com/tree/practice
in the_user_should_be_redirected_to_string_page url: https://dsportalapp.herokuapp.com/tree/practice
  &amp#27;[32mThen &amp#27;[0m&amp#27;[32mThe user should be redirected to &amp#27;[0m&amp#27;[32m&amp#27;[1m"tree/practice"&amp#27;[0m&amp#27;[32m Page in tree&amp#27;[0m         &amp#27;[90m# stepdefinitions.TreePageSteps.the_user_should_be_redirected_to_string_page_tree(java.lang.String)&amp#27;[0m
]]></system-out>
  </testcase>
  <testcase name="Alert of tree Page by enterering invalid code #11" classname="Tree page features" time="5.851">
    <system-out><![CDATA[
@treepage
Scenario: Alert of tree Page by enterering invalid code                      &amp#27;[90m# src/test/resources/AppFeatures/TreePage.feature:774&amp#27;[0m
Browser name is: chrome
login with uname: Pratiksha and passwd: Aggarwal
  &amp#27;[32mGiven &amp#27;[0m&amp#27;[32mthe user has already logged in the home page using for tree&amp#27;[0m          &amp#27;[90m# stepdefinitions.TreePageSteps.the_user_has_already_logged_in_the_home_page_using_for_tree(io.cucumber.datatable.DataTable)&amp#27;[0m
    | username  | password |
    | Pratiksha | Aggarwal |
curentURL:https://dsportalapp.herokuapp.com/tree/applications-of-binary-trees/
  &amp#27;[32mGiven &amp#27;[0m&amp#27;[32mThe user is on the &amp#27;[0m&amp#27;[32m&amp#27;[1m"tree/applications-of-binary-trees/"&amp#27;[0m&amp#27;[32m Page in tree&amp#27;[0m &amp#27;[90m# stepdefinitions.TreePageSteps.the_user_is_on_the_python_page_in_tree(java.lang.String)&amp#27;[0m
curentURL:https://dsportalapp.herokuapp.com/tree/applications-of-binary-trees/
  &amp#27;[32mAnd &amp#27;[0m&amp#27;[32mThe user clicks Try Here button of &amp#27;[0m&amp#27;[32m&amp#27;[1m"Tree"&amp#27;[0m&amp#27;[32m Page in tree&amp#27;[0m                 &amp#27;[90m# stepdefinitions.TreePageSteps.the_user_clicks_try_here_button_of_in_a_page_in_tree(java.lang.String)&amp#27;[0m
curentURL:https://dsportalapp.herokuapp.com/tryEditor
  &amp#27;[32mAnd &amp#27;[0m&amp#27;[32mThe user is on the &amp#27;[0m&amp#27;[32m&amp#27;[1m"tryEditor"&amp#27;[0m&amp#27;[32m Page in tree&amp#27;[0m                            &amp#27;[90m# stepdefinitions.TreePageSteps.the_user_is_on_the_python_page_in_tree(java.lang.String)&amp#27;[0m
curentURL:https://dsportalapp.herokuapp.com/tryEditor
  &amp#27;[32mWhen &amp#27;[0m&amp#27;[32mThe user writes &amp#27;[0m&amp#27;[32m&amp#27;[1m"invalid"&amp#27;[0m&amp#27;[32m code for &amp#27;[0m&amp#27;[32m&amp#27;[1m"1"&amp#27;[0m&amp#27;[32m in tree&amp#27;[0m                        &amp#27;[90m# stepdefinitions.TreePageSteps.the_user_writes_invalid_code_in_tree(java.lang.String,java.lang.String)&amp#27;[0m
curentURL:https://dsportalapp.herokuapp.com/tryEditor
in try here current url: https://dsportalapp.herokuapp.com/tryEditor
clicking: run
  &amp#27;[32mAnd &amp#27;[0m&amp#27;[32mThe user clicks &amp#27;[0m&amp#27;[32m&amp#27;[1m"run"&amp#27;[0m&amp#27;[32m with code &amp#27;[0m&amp#27;[32m&amp#27;[1m"true"&amp#27;[0m&amp#27;[32m in tree&amp#27;[0m                         &amp#27;[90m# stepdefinitions.TreePageSteps.the_user_clicks_element_in_a_page_in_tree(java.lang.String,java.lang.String)&amp#27;[0m
  &amp#27;[32mAnd &amp#27;[0m&amp#27;[32mError message &amp#27;[0m&amp#27;[32m&amp#27;[1m"true"&amp#27;[0m&amp#27;[32m in tree&amp#27;[0m                                           &amp#27;[90m# stepdefinitions.TreePageSteps.no_error_message_is_displayed_in_tree(java.lang.String)&amp#27;[0m
  &amp#27;[32mAnd &amp#27;[0m&amp#27;[32mThe user clicks ok on alert in tree&amp#27;[0m                                    &amp#27;[90m# stepdefinitions.TreePageSteps.the_user_clicks_ok_on_alert()&amp#27;[0m
curentURL:https://dsportalapp.herokuapp.com/tree/applications-of-binary-trees/
  &amp#27;[32mThen &amp#27;[0m&amp#27;[32mThe user is on the &amp#27;[0m&amp#27;[32m&amp#27;[1m"tree/applications-of-binary-trees/"&amp#27;[0m&amp#27;[32m Page in tree&amp#27;[0m  &amp#27;[90m# stepdefinitions.TreePageSteps.the_user_is_on_the_python_page_in_tree(java.lang.String)&amp#27;[0m
curentURL:https://dsportalapp.herokuapp.com/tree/applications-of-binary-trees/
  &amp#27;[32mAnd &amp#27;[0m&amp#27;[32mThe user clicks Try Here button of &amp#27;[0m&amp#27;[32m&amp#27;[1m"Tree"&amp#27;[0m&amp#27;[32m Page in tree&amp#27;[0m                 &amp#27;[90m# stepdefinitions.TreePageSteps.the_user_clicks_try_here_button_of_in_a_page_in_tree(java.lang.String)&amp#27;[0m
curentURL:https://dsportalapp.herokuapp.com/tryEditor
  &amp#27;[32mAnd &amp#27;[0m&amp#27;[32mThe user is on the &amp#27;[0m&amp#27;[32m&amp#27;[1m"tryEditor"&amp#27;[0m&amp#27;[32m Page in tree&amp#27;[0m                            &amp#27;[90m# stepdefinitions.TreePageSteps.the_user_is_on_the_python_page_in_tree(java.lang.String)&amp#27;[0m
  &amp#27;[32mAnd &amp#27;[0m&amp#27;[32mNo change in code in tree&amp#27;[0m                                              &amp#27;[90m# stepdefinitions.TreePageSteps.no_change_in_code_in_tree()&amp#27;[0m
]]></system-out>
  </testcase>
  <testcase name="Practice question page with links #12" classname="Tree page features" time="3.525">
    <system-out><![CDATA[
@treepage
Scenario: Practice question page with links                          &amp#27;[90m# src/test/resources/AppFeatures/TreePage.feature:789&amp#27;[0m
Browser name is: chrome
login with uname: Pratiksha and passwd: Aggarwal
  &amp#27;[32mGiven &amp#27;[0m&amp#27;[32mthe user has already logged in the home page using for tree&amp#27;[0m  &amp#27;[90m# stepdefinitions.TreePageSteps.the_user_has_already_logged_in_the_home_page_using_for_tree(io.cucumber.datatable.DataTable)&amp#27;[0m
    | username  | password |
    | Pratiksha | Aggarwal |
curentURL:https://dsportalapp.herokuapp.com/tree/binary-search-trees/
  &amp#27;[32mGiven &amp#27;[0m&amp#27;[32mThe user is on the &amp#27;[0m&amp#27;[32m&amp#27;[1m"tree/binary-search-trees/"&amp#27;[0m&amp#27;[32m Page in tree&amp#27;[0m  &amp#27;[90m# stepdefinitions.TreePageSteps.the_user_is_on_the_python_page_in_tree(java.lang.String)&amp#27;[0m
curentURL:https://dsportalapp.herokuapp.com/tree/practice
  &amp#27;[32mWhen &amp#27;[0m&amp#27;[32mThe user clicks a &amp#27;[0m&amp#27;[32m&amp#27;[1m"Practice Questions"&amp#27;[0m&amp#27;[32m link in tree&amp#27;[0m           &amp#27;[90m# stepdefinitions.TreePageSteps.the_user_clicks_a_page_link_in_tree(java.lang.String)&amp#27;[0m
curentURL:https://dsportalapp.herokuapp.com/tree/practice
curentURL:https://dsportalapp.herokuapp.com/tree/practice
in the_user_should_be_redirected_to_string_page url: https://dsportalapp.herokuapp.com/tree/practice
  &amp#27;[32mThen &amp#27;[0m&amp#27;[32mThe user should be redirected to &amp#27;[0m&amp#27;[32m&amp#27;[1m"tree/practice"&amp#27;[0m&amp#27;[32m Page in tree&amp#27;[0m &amp#27;[90m# stepdefinitions.TreePageSteps.the_user_should_be_redirected_to_string_page_tree(java.lang.String)&amp#27;[0m
]]></system-out>
  </testcase>
  <testcase name="Alert of tree Page by enterering invalid code #12" classname="Tree page features" time="5.643">
    <system-out><![CDATA[
@treepage
Scenario: Alert of tree Page by enterering invalid code             &amp#27;[90m# src/test/resources/AppFeatures/TreePage.feature:795&amp#27;[0m
Browser name is: chrome
login with uname: Pratiksha and passwd: Aggarwal
  &amp#27;[32mGiven &amp#27;[0m&amp#27;[32mthe user has already logged in the home page using for tree&amp#27;[0m &amp#27;[90m# stepdefinitions.TreePageSteps.the_user_has_already_logged_in_the_home_page_using_for_tree(io.cucumber.datatable.DataTable)&amp#27;[0m
    | username  | password |
    | Pratiksha | Aggarwal |
curentURL:https://dsportalapp.herokuapp.com/tree/binary-search-trees/
  &amp#27;[32mGiven &amp#27;[0m&amp#27;[32mThe user is on the &amp#27;[0m&amp#27;[32m&amp#27;[1m"tree/binary-search-trees/"&amp#27;[0m&amp#27;[32m Page in tree&amp#27;[0m &amp#27;[90m# stepdefinitions.TreePageSteps.the_user_is_on_the_python_page_in_tree(java.lang.String)&amp#27;[0m
curentURL:https://dsportalapp.herokuapp.com/tree/binary-search-trees/
  &amp#27;[32mAnd &amp#27;[0m&amp#27;[32mThe user clicks Try Here button of &amp#27;[0m&amp#27;[32m&amp#27;[1m"Tree"&amp#27;[0m&amp#27;[32m Page in tree&amp#27;[0m        &amp#27;[90m# stepdefinitions.TreePageSteps.the_user_clicks_try_here_button_of_in_a_page_in_tree(java.lang.String)&amp#27;[0m
curentURL:https://dsportalapp.herokuapp.com/tryEditor
  &amp#27;[32mWhen &amp#27;[0m&amp#27;[32mThe user writes &amp#27;[0m&amp#27;[32m&amp#27;[1m"invalid"&amp#27;[0m&amp#27;[32m code for &amp#27;[0m&amp#27;[32m&amp#27;[1m"1"&amp#27;[0m&amp#27;[32m in tree&amp#27;[0m               &amp#27;[90m# stepdefinitions.TreePageSteps.the_user_writes_invalid_code_in_tree(java.lang.String,java.lang.String)&amp#27;[0m
curentURL:https://dsportalapp.herokuapp.com/tryEditor
in try here current url: https://dsportalapp.herokuapp.com/tryEditor
clicking: run
  &amp#27;[32mAnd &amp#27;[0m&amp#27;[32mThe user clicks &amp#27;[0m&amp#27;[32m&amp#27;[1m"run"&amp#27;[0m&amp#27;[32m with code &amp#27;[0m&amp#27;[32m&amp#27;[1m"true"&amp#27;[0m&amp#27;[32m in tree&amp#27;[0m                &amp#27;[90m# stepdefinitions.TreePageSteps.the_user_clicks_element_in_a_page_in_tree(java.lang.String,java.lang.String)&amp#27;[0m
  &amp#27;[32mAnd &amp#27;[0m&amp#27;[32mError message &amp#27;[0m&amp#27;[32m&amp#27;[1m"true"&amp#27;[0m&amp#27;[32m in tree&amp#27;[0m                                  &amp#27;[90m# stepdefinitions.TreePageSteps.no_error_message_is_displayed_in_tree(java.lang.String)&amp#27;[0m
  &amp#27;[32mAnd &amp#27;[0m&amp#27;[32mThe user clicks ok on alert in tree&amp#27;[0m                           &amp#27;[90m# stepdefinitions.TreePageSteps.the_user_clicks_ok_on_alert()&amp#27;[0m
curentURL:https://dsportalapp.herokuapp.com/tree/binary-search-trees/
  &amp#27;[32mThen &amp#27;[0m&amp#27;[32mThe user is on the &amp#27;[0m&amp#27;[32m&amp#27;[1m"tree/binary-search-trees/"&amp#27;[0m&amp#27;[32m Page in tree&amp#27;[0m  &amp#27;[90m# stepdefinitions.TreePageSteps.the_user_is_on_the_python_page_in_tree(java.lang.String)&amp#27;[0m
curentURL:https://dsportalapp.herokuapp.com/tree/binary-search-trees/
  &amp#27;[32mAnd &amp#27;[0m&amp#27;[32mThe user clicks Try Here button of &amp#27;[0m&amp#27;[32m&amp#27;[1m"Tree"&amp#27;[0m&amp#27;[32m Page in tree&amp#27;[0m        &amp#27;[90m# stepdefinitions.TreePageSteps.the_user_clicks_try_here_button_of_in_a_page_in_tree(java.lang.String)&amp#27;[0m
curentURL:https://dsportalapp.herokuapp.com/tryEditor
  &amp#27;[32mAnd &amp#27;[0m&amp#27;[32mThe user is on the &amp#27;[0m&amp#27;[32m&amp#27;[1m"tryEditor"&amp#27;[0m&amp#27;[32m Page in tree&amp#27;[0m                   &amp#27;[90m# stepdefinitions.TreePageSteps.the_user_is_on_the_python_page_in_tree(java.lang.String)&amp#27;[0m
  &amp#27;[32mAnd &amp#27;[0m&amp#27;[32mNo change in code in tree&amp#27;[0m                                     &amp#27;[90m# stepdefinitions.TreePageSteps.no_change_in_code_in_tree()&amp#27;[0m
]]></system-out>
  </testcase>
  <testcase name="Practice question page with links #13" classname="Tree page features" time="3.218">
    <system-out><![CDATA[
@treepage
Scenario: Practice question page with links                           &amp#27;[90m# src/test/resources/AppFeatures/TreePage.feature:809&amp#27;[0m
Browser name is: chrome
login with uname: Pratiksha and passwd: Aggarwal
  &amp#27;[32mGiven &amp#27;[0m&amp#27;[32mthe user has already logged in the home page using for tree&amp#27;[0m   &amp#27;[90m# stepdefinitions.TreePageSteps.the_user_has_already_logged_in_the_home_page_using_for_tree(io.cucumber.datatable.DataTable)&amp#27;[0m
    | username  | password |
    | Pratiksha | Aggarwal |
curentURL:https://dsportalapp.herokuapp.com/tree/implementation-of-bst/
  &amp#27;[32mGiven &amp#27;[0m&amp#27;[32mThe user is on the &amp#27;[0m&amp#27;[32m&amp#27;[1m"tree/implementation-of-bst/"&amp#27;[0m&amp#27;[32m Page in tree&amp#27;[0m &amp#27;[90m# stepdefinitions.TreePageSteps.the_user_is_on_the_python_page_in_tree(java.lang.String)&amp#27;[0m
curentURL:https://dsportalapp.herokuapp.com/tree/practice
  &amp#27;[32mWhen &amp#27;[0m&amp#27;[32mThe user clicks a &amp#27;[0m&amp#27;[32m&amp#27;[1m"Practice Questions"&amp#27;[0m&amp#27;[32m link in tree&amp#27;[0m            &amp#27;[90m# stepdefinitions.TreePageSteps.the_user_clicks_a_page_link_in_tree(java.lang.String)&amp#27;[0m
curentURL:https://dsportalapp.herokuapp.com/tree/practice
curentURL:https://dsportalapp.herokuapp.com/tree/practice
in the_user_should_be_redirected_to_string_page url: https://dsportalapp.herokuapp.com/tree/practice
  &amp#27;[32mThen &amp#27;[0m&amp#27;[32mThe user should be redirected to &amp#27;[0m&amp#27;[32m&amp#27;[1m"tree/practice"&amp#27;[0m&amp#27;[32m Page in tree&amp#27;[0m  &amp#27;[90m# stepdefinitions.TreePageSteps.the_user_should_be_redirected_to_string_page_tree(java.lang.String)&amp#27;[0m
]]></system-out>
  </testcase>
  <testcase name="Alert of tree Page by enterering invalid code #13" classname="Tree page features" time="5.596">
    <system-out><![CDATA[
@treepage
Scenario: Alert of tree Page by enterering invalid code               &amp#27;[90m# src/test/resources/AppFeatures/TreePage.feature:815&amp#27;[0m
Browser name is: chrome
login with uname: Pratiksha and passwd: Aggarwal
  &amp#27;[32mGiven &amp#27;[0m&amp#27;[32mthe user has already logged in the home page using for tree&amp#27;[0m   &amp#27;[90m# stepdefinitions.TreePageSteps.the_user_has_already_logged_in_the_home_page_using_for_tree(io.cucumber.datatable.DataTable)&amp#27;[0m
    | username  | password |
    | Pratiksha | Aggarwal |
curentURL:https://dsportalapp.herokuapp.com/tree/implementation-of-bst/
  &amp#27;[32mGiven &amp#27;[0m&amp#27;[32mThe user is on the &amp#27;[0m&amp#27;[32m&amp#27;[1m"tree/implementation-of-bst/"&amp#27;[0m&amp#27;[32m Page in tree&amp#27;[0m &amp#27;[90m# stepdefinitions.TreePageSteps.the_user_is_on_the_python_page_in_tree(java.lang.String)&amp#27;[0m
curentURL:https://dsportalapp.herokuapp.com/tree/implementation-of-bst/
  &amp#27;[32mAnd &amp#27;[0m&amp#27;[32mThe user clicks Try Here button of &amp#27;[0m&amp#27;[32m&amp#27;[1m"Tree"&amp#27;[0m&amp#27;[32m Page in tree&amp#27;[0m          &amp#27;[90m# stepdefinitions.TreePageSteps.the_user_clicks_try_here_button_of_in_a_page_in_tree(java.lang.String)&amp#27;[0m
curentURL:https://dsportalapp.herokuapp.com/tryEditor
  &amp#27;[32mAnd &amp#27;[0m&amp#27;[32mThe user is on the &amp#27;[0m&amp#27;[32m&amp#27;[1m"tryEditor"&amp#27;[0m&amp#27;[32m Page in tree&amp#27;[0m                     &amp#27;[90m# stepdefinitions.TreePageSteps.the_user_is_on_the_python_page_in_tree(java.lang.String)&amp#27;[0m
curentURL:https://dsportalapp.herokuapp.com/tryEditor
  &amp#27;[32mWhen &amp#27;[0m&amp#27;[32mThe user writes &amp#27;[0m&amp#27;[32m&amp#27;[1m"invalid"&amp#27;[0m&amp#27;[32m code for &amp#27;[0m&amp#27;[32m&amp#27;[1m"1"&amp#27;[0m&amp#27;[32m in tree&amp#27;[0m                 &amp#27;[90m# stepdefinitions.TreePageSteps.the_user_writes_invalid_code_in_tree(java.lang.String,java.lang.String)&amp#27;[0m
curentURL:https://dsportalapp.herokuapp.com/tryEditor
in try here current url: https://dsportalapp.herokuapp.com/tryEditor
clicking: run
  &amp#27;[32mAnd &amp#27;[0m&amp#27;[32mThe user clicks &amp#27;[0m&amp#27;[32m&amp#27;[1m"run"&amp#27;[0m&amp#27;[32m with code &amp#27;[0m&amp#27;[32m&amp#27;[1m"true"&amp#27;[0m&amp#27;[32m in tree&amp#27;[0m                  &amp#27;[90m# stepdefinitions.TreePageSteps.the_user_clicks_element_in_a_page_in_tree(java.lang.String,java.lang.String)&amp#27;[0m
  &amp#27;[32mAnd &amp#27;[0m&amp#27;[32mError message &amp#27;[0m&amp#27;[32m&amp#27;[1m"true"&amp#27;[0m&amp#27;[32m in tree&amp#27;[0m                                    &amp#27;[90m# stepdefinitions.TreePageSteps.no_error_message_is_displayed_in_tree(java.lang.String)&amp#27;[0m
  &amp#27;[32mAnd &amp#27;[0m&amp#27;[32mThe user clicks ok on alert in tree&amp#27;[0m                             &amp#27;[90m# stepdefinitions.TreePageSteps.the_user_clicks_ok_on_alert()&amp#27;[0m
curentURL:https://dsportalapp.herokuapp.com/tree/implementation-of-bst/
  &amp#27;[32mThen &amp#27;[0m&amp#27;[32mThe user is on the &amp#27;[0m&amp#27;[32m&amp#27;[1m"tree/implementation-of-bst/"&amp#27;[0m&amp#27;[32m Page in tree&amp#27;[0m  &amp#27;[90m# stepdefinitions.TreePageSteps.the_user_is_on_the_python_page_in_tree(java.lang.String)&amp#27;[0m
curentURL:https://dsportalapp.herokuapp.com/tree/implementation-of-bst/
  &amp#27;[32mAnd &amp#27;[0m&amp#27;[32mThe user clicks Try Here button of &amp#27;[0m&amp#27;[32m&amp#27;[1m"Tree"&amp#27;[0m&amp#27;[32m Page in tree&amp#27;[0m          &amp#27;[90m# stepdefinitions.TreePageSteps.the_user_clicks_try_here_button_of_in_a_page_in_tree(java.lang.String)&amp#27;[0m
curentURL:https://dsportalapp.herokuapp.com/tryEditor
  &amp#27;[32mAnd &amp#27;[0m&amp#27;[32mThe user is on the &amp#27;[0m&amp#27;[32m&amp#27;[1m"tryEditor"&amp#27;[0m&amp#27;[32m Page in tree&amp#27;[0m                     &amp#27;[90m# stepdefinitions.TreePageSteps.the_user_is_on_the_python_page_in_tree(java.lang.String)&amp#27;[0m
  &amp#27;[32mAnd &amp#27;[0m&amp#27;[32mNo change in code in tree&amp#27;[0m                                       &amp#27;[90m# stepdefinitions.TreePageSteps.no_change_in_code_in_tree()&amp#27;[0m
]]></system-out>
  </testcase>
</testsuite>